We have a maximum of 400 tasks at our disposition
In the case of equal size we divide the processes as 20 and 20
Time Elapsed:  67.31310081481934
MLUPS: 1.0829986899660204
Time Elapsed:  67.31299161911011
MLUPS: 1.083000446815734
Time Elapsed:  67.31321620941162
MLUPS: 1.0829968333886748
Time Elapsed:  67.31484770774841
MLUPS: 1.0829705849814868
Time Elapsed:  67.31502723693848
MLUPS: 1.082967696698737
Time Elapsed:  67.31558537483215
MLUPS: 1.082958717421415
Time Elapsed:  67.31365513801575
MLUPS: 1.0829897715482892
Time Elapsed:  67.31044173240662
MLUPS: 1.0830414735623743
Time Elapsed:  67.31535577774048
MLUPS: 1.082962411142841
Time Elapsed:  67.31564116477966
MLUPS: 1.0829578198854346
Time Elapsed:  67.31576561927795
MLUPS: 1.0829558176951466
Time Elapsed:  67.3084602355957
MLUPS: 1.0830733572693918
Time Elapsed:  67.31368970870972
MLUPS: 1.082989215350759
Time Elapsed:  67.31495118141174
MLUPS: 1.0829689202854313
Time Elapsed:  67.31538081169128
MLUPS: 1.0829620083994056
Time Elapsed:  67.31559681892395
MLUPS: 1.0829585333113492
Time Elapsed:  67.31577849388123
MLUPS: 1.082955610572436
Time Elapsed:  67.30833506584167
MLUPS: 1.0830753714036827
Time Elapsed:  67.31370854377747
MLUPS: 1.0829889123192415
Time Elapsed:  67.3149950504303
MLUPS: 1.08296821451722
Time Elapsed:  67.31561303138733
MLUPS: 1.0829582724888627
Time Elapsed:  67.31654334068298
MLUPS: 1.082943306091337
Time Elapsed:  67.31136631965637
MLUPS: 1.0830265969316928
Time Elapsed:  67.31558609008789
MLUPS: 1.0829587059145342
Time Elapsed:  67.30950498580933
MLUPS: 1.083056546254044
Time Elapsed:  67.30833506584167
MLUPS: 1.0830753714036827
Time Elapsed:  67.31380820274353
MLUPS: 1.0829873089401112
Time Elapsed:  67.31076550483704
MLUPS: 1.0830362640098232
Time Elapsed:  67.31571197509766
MLUPS: 1.0829566807072941
Time Elapsed:  67.27594995498657
MLUPS: 1.0835967392326145
Time Elapsed:  67.3187427520752
MLUPS: 1.0829079245950823
Time Elapsed:  67.31856536865234
MLUPS: 1.0829107780414275
Time Elapsed:  67.31372117996216
MLUPS: 1.082988709019711
Time Elapsed:  67.3142306804657
MLUPS: 1.0829805118927887
Time Elapsed:  67.31381464004517
MLUPS: 1.082987205372723
Time Elapsed:  67.3148741722107
MLUPS: 1.082970159217723
Time Elapsed:  67.31661105155945
MLUPS: 1.0829422168053602
Time Elapsed:  67.3159601688385
MLUPS: 1.0829526878492988
Time Elapsed:  67.31580781936646
MLUPS: 1.082955138793224
Time Elapsed:  67.31592631340027
MLUPS: 1.0829532325025457
Time Elapsed:  67.30834579467773
MLUPS: 1.0830751987633072
Time Elapsed:  67.31417512893677
MLUPS: 1.0829814056305953
Time Elapsed:  67.31533741950989
MLUPS: 1.0829627064882172
Time Elapsed:  67.3162202835083
MLUPS: 1.0829485032429793
Time Elapsed:  67.31600642204285
MLUPS: 1.0829519437464528
Time Elapsed:  67.31866312026978
MLUPS: 1.0829092055758556
Time Elapsed:  67.31242561340332
MLUPS: 1.0830095533726254
Time Elapsed:  67.31263399124146
MLUPS: 1.0830062007302454
Time Elapsed:  67.31550073623657
MLUPS: 1.082960079070722
Time Elapsed:  67.31262564659119
MLUPS: 1.0830063349889807
Time Elapsed:  67.31786370277405
MLUPS: 1.0829220654100455
Time Elapsed:  67.31662154197693
MLUPS: 1.0829420480429401
Time Elapsed:  67.31434273719788
MLUPS: 1.082978709078526
Time Elapsed:  67.3111617565155
MLUPS: 1.0830298883222516
Time Elapsed:  67.31629014015198
MLUPS: 1.0829473794266258
Time Elapsed:  67.31605792045593
MLUPS: 1.0829511152620126
Time Elapsed:  67.3165819644928
MLUPS: 1.0829426847378
Time Elapsed:  67.31597304344177
MLUPS: 1.0829524807277855
Time Elapsed:  67.31595635414124
MLUPS: 1.0829527492186515
Time Elapsed:  67.31584930419922
MLUPS: 1.0829544713989434
Time Elapsed:  67.3085024356842
MLUPS: 1.083072678220091
Time Elapsed:  67.3158950805664
MLUPS: 1.08295373496483
Time Elapsed:  67.3180844783783
MLUPS: 1.0829185138714774
Time Elapsed:  67.31354713439941
MLUPS: 1.0829915091897708
Time Elapsed:  67.3166151046753
MLUPS: 1.0829421516016917
Time Elapsed:  67.31605005264282
MLUPS: 1.0829512418359426
Time Elapsed:  67.31631016731262
MLUPS: 1.0829470572407978
Time Elapsed:  67.31585645675659
MLUPS: 1.082954356331047
Time Elapsed:  67.30840349197388
MLUPS: 1.0830742703426754
Time Elapsed:  67.31449437141418
MLUPS: 1.082976269535165
Time Elapsed:  67.31566309928894
MLUPS: 1.082957467008448
Time Elapsed:  67.31636595726013
MLUPS: 1.0829461597241445
Time Elapsed:  67.31634521484375
MLUPS: 1.0829464934160598
Time Elapsed:  67.31589698791504
MLUPS: 1.0829537042800967
Time Elapsed:  67.3130214214325
MLUPS: 1.0829999673256179
Time Elapsed:  67.31452322006226
MLUPS: 1.0829758054094494
Time Elapsed:  67.31660270690918
MLUPS: 1.0829423510482319
Time Elapsed:  67.31123328208923
MLUPS: 1.0830287374841172
Time Elapsed:  67.3162751197815
MLUPS: 1.0829476210661229
Time Elapsed:  67.31617021560669
MLUPS: 1.0829493087100601
Time Elapsed:  67.30883741378784
MLUPS: 1.0830672880566918
Time Elapsed:  67.3146743774414
MLUPS: 1.0829733735506317
Time Elapsed:  67.31602835655212
MLUPS: 1.0829515908732956
Time Elapsed:  67.31644487380981
MLUPS: 1.0829448901625303
Time Elapsed:  67.31637358665466
MLUPS: 1.0829460369869401
Time Elapsed:  67.3181426525116
MLUPS: 1.082917578048778
Time Elapsed:  67.32009768486023
MLUPS: 1.0828861292100391
Time Elapsed:  67.31955671310425
MLUPS: 1.0828948311510416
Time Elapsed:  67.3203330039978
MLUPS: 1.082882343966879
Time Elapsed:  67.31673336029053
MLUPS: 1.082940249192231
Time Elapsed:  67.31598472595215
MLUPS: 1.0829522927842585
Time Elapsed:  67.31652021408081
MLUPS: 1.0829436781366972
Time Elapsed:  67.31609892845154
MLUPS: 1.0829504555438283
Time Elapsed:  67.30883860588074
MLUPS: 1.0830672688747116
Time Elapsed:  67.31486439704895
MLUPS: 1.082970316481777
Time Elapsed:  67.31138300895691
MLUPS: 1.083026328404208
Time Elapsed:  67.31633472442627
MLUPS: 1.0829466621798653
Time Elapsed:  67.31662583351135
MLUPS: 1.0829419790037835
Time Elapsed:  67.31583619117737
MLUPS: 1.0829546823568168
Time Elapsed:  67.31403017044067
MLUPS: 1.0829837377945655
Time Elapsed:  67.316823720932
MLUPS: 1.08293879554112
Time Elapsed:  67.3115644454956
MLUPS: 1.0830234091354323
Time Elapsed:  67.31663084030151
MLUPS: 1.0829418984581118
Time Elapsed:  67.31010246276855
MLUPS: 1.0830469325213612
Time Elapsed:  67.3090968132019
MLUPS: 1.08306311407378
Time Elapsed:  67.31497168540955
MLUPS: 1.082968590415392
Time Elapsed:  67.31635522842407
MLUPS: 1.0829463323233854
Time Elapsed:  67.3163914680481
MLUPS: 1.082945749321726
Time Elapsed:  67.31661295890808
MLUPS: 1.0829421861212798
Time Elapsed:  67.31645059585571
MLUPS: 1.0829447981098401
Time Elapsed:  67.31799387931824
MLUPS: 1.0829199713034925
Time Elapsed:  67.31860256195068
MLUPS: 1.0829101797369156
Time Elapsed:  67.3157045841217
MLUPS: 1.0829567996112976
Time Elapsed:  67.31952357292175
MLUPS: 1.082895364240559
Time Elapsed:  67.3198184967041
MLUPS: 1.0828906201458208
Time Elapsed:  67.31686997413635
MLUPS: 1.0829380514573645
Time Elapsed:  67.31131792068481
MLUPS: 1.0830273756621513
Time Elapsed:  67.31707715988159
MLUPS: 1.0829347184349474
Time Elapsed:  67.31640529632568
MLUPS: 1.0829455268607322
Time Elapsed:  67.30918407440186
MLUPS: 1.0830617099654365
Time Elapsed:  67.31475901603699
MLUPS: 1.0829720118678936
Time Elapsed:  67.31650376319885
MLUPS: 1.0829439427876761
Time Elapsed:  67.31634259223938
MLUPS: 1.0829465356070065
Time Elapsed:  67.31671047210693
MLUPS: 1.0829406173999923
Time Elapsed:  67.31561422348022
MLUPS: 1.0829582533107438
Time Elapsed:  67.3168203830719
MLUPS: 1.0829388492379253
Time Elapsed:  67.31678485870361
MLUPS: 1.0829394207256842
Time Elapsed:  67.31139373779297
MLUPS: 1.083026155779467
Time Elapsed:  67.31700921058655
MLUPS: 1.0829358115413041
Time Elapsed:  67.31677007675171
MLUPS: 1.0829396585261375
Time Elapsed:  67.30949473381042
MLUPS: 1.083056711215831
Time Elapsed:  67.31492328643799
MLUPS: 1.0829693690624356
Time Elapsed:  67.31641554832458
MLUPS: 1.0829453619328129
Time Elapsed:  67.31647324562073
MLUPS: 1.082944433734762
Time Elapsed:  67.3167827129364
MLUPS: 1.0829394552450984
Time Elapsed:  67.3158233165741
MLUPS: 1.0829548894791725
Time Elapsed:  67.31987285614014
MLUPS: 1.0828897457335425
Time Elapsed:  67.31702470779419
Time Elapsed:  67.31159853935242
MLUPS: 1.0830228605755134
Time Elapsed:  67.31736373901367
MLUPS: 1.0829301082352236
Time Elapsed:  67.31681895256042
MLUPS: 1.0829388722508435
Time Elapsed:  67.30954003334045
MLUPS: 1.0830559823152917
Time Elapsed:  67.31515288352966
MLUPS: 1.0829656752935461
Time Elapsed:  67.31652879714966
MLUPS: 1.082943540057977
Time Elapsed:  67.31652641296387
MLUPS: 1.0829435784131736
Time Elapsed:  67.31711959838867
MLUPS: 1.0829340357240265
Time Elapsed:  67.31953191757202
MLUPS: 1.0828952300093362
Time Elapsed:  67.31960201263428
MLUPS: 1.0828941024683778
Time Elapsed:  67.31908965110779
MLUPS: 1.0829023443100048
Time Elapsed:  67.3191430568695
MLUPS: 1.0829014852196786
Time Elapsed:  67.31693243980408
MLUPS: 1.0829370465623698
Time Elapsed:  67.31183934211731
MLUPS: 1.083018986147154
Time Elapsed:  67.31737637519836
MLUPS: 1.08292990495777
Time Elapsed:  67.31691837310791
MLUPS: 1.0829372728553548
Time Elapsed:  67.30975103378296
MLUPS: 1.0830525871862353
Time Elapsed:  67.31514048576355
MLUPS: 1.0829658747487514
Time Elapsed:  67.31694483757019
MLUPS: 1.0829368471177834
Time Elapsed:  67.31023478507996
MLUPS: 1.0830448034057234
Time Elapsed:  67.3171706199646
MLUPS: 1.082933214937879
MLUPS: 1.0829355622361514
Time Elapsed:  67.31195116043091
MLUPS: 1.0830171870408356
Time Elapsed:  67.31762409210205
MLUPS: 1.0829259199680057
Time Elapsed:  67.31700301170349
MLUPS: 1.0829359112633976
Time Elapsed:  67.30982255935669
MLUPS: 1.0830514362998602
Time Elapsed:  67.31556606292725
MLUPS: 1.0829590281072934
Time Elapsed:  67.31698727607727
MLUPS: 1.0829361644041786
Time Elapsed:  67.31672883033752
MLUPS: 1.082940322066664
Time Elapsed:  67.31754660606384
MLUPS: 1.0829271664727202
Time Elapsed:  67.31715703010559
MLUPS: 1.0829334335583667
Time Elapsed:  67.31216216087341
MLUPS: 1.0830137921550027
Time Elapsed:  67.31766963005066
MLUPS: 1.0829251874081123
Time Elapsed:  67.3174397945404
MLUPS: 1.0829288847362308
Time Elapsed:  67.31008243560791
MLUPS: 1.0830472547666194
Time Elapsed:  67.31564569473267
MLUPS: 1.0829577470086469
Time Elapsed:  67.31275701522827
MLUPS: 1.083004221376755
Time Elapsed:  67.31686210632324
MLUPS: 1.0829381780282406
Time Elapsed:  67.31753015518188
MLUPS: 1.082927431115629
Time Elapsed:  67.31731677055359
Time Elapsed:  67.31224083900452
MLUPS: 1.083012526270818
Time Elapsed:  67.31790375709534
MLUPS: 1.0829214210687048
Time Elapsed:  67.31746888160706
MLUPS: 1.0829284168157165
Time Elapsed:  67.31012058258057
MLUPS: 1.0830466409662927
Time Elapsed:  67.31605958938599
MLUPS: 1.0829510884130014
Time Elapsed:  67.31267714500427
MLUPS: 1.0830055064213175
Time Elapsed:  67.31680512428284
MLUPS: 1.0829390947091035
Time Elapsed:  67.31803727149963
MLUPS: 1.0829192732697748
MLUPS: 1.0829308638143524
Time Elapsed:  67.31728935241699
MLUPS: 1.0829313048889506
Time Elapsed:  67.31791090965271
MLUPS: 1.082921306007832
Time Elapsed:  67.31142234802246
MLUPS: 1.0830256954470927
Time Elapsed:  67.31052803993225
MLUPS: 1.0830400848549542
Time Elapsed:  67.31600165367126
MLUPS: 1.0829520204580392
Time Elapsed:  67.31780743598938
MLUPS: 1.0829229705575092
Time Elapsed:  67.31690573692322
MLUPS: 1.0829374761355746
Time Elapsed:  67.31797409057617
MLUPS: 1.0829202896378496
Time Elapsed:  67.31735253334045
MLUPS: 1.0829302885001992
Time Elapsed:  67.31724619865417
MLUPS: 1.0829319991027417
Time Elapsed:  67.31843137741089
MLUPS: 1.0829129334772654
Time Elapsed:  67.31778240203857
MLUPS: 1.0829233732719095
Time Elapsed:  67.31042551994324
MLUPS: 1.083041734424939
Time Elapsed:  67.31604552268982
MLUPS: 1.0829513147118548
Time Elapsed:  67.31775712966919
MLUPS: 1.0829237798219888
Time Elapsed:  67.3171820640564
MLUPS: 1.0829330308364842
Time Elapsed:  67.31826066970825
MLUPS: 1.0829156795609753
Time Elapsed:  67.31774115562439
MLUPS: 1.0829240367924795
Time Elapsed:  67.31292867660522
MLUPS: 1.0830014595002546
Time Elapsed:  67.31831002235413
MLUPS: 1.0829148856498683
Time Elapsed:  67.31819748878479
MLUPS: 1.0829166959223044
Time Elapsed:  67.31088328361511
MLUPS: 1.083034368942019
Time Elapsed:  67.31629014015198
MLUPS: 1.0829473794266258
Time Elapsed:  67.31360721588135
MLUPS: 1.0829905425540862
Time Elapsed:  67.31724238395691
MLUPS: 1.0829320604697494
Time Elapsed:  67.31839108467102
MLUPS: 1.0829135816438127
Time Elapsed:  67.31770896911621
MLUPS: 1.0829245545692119
Time Elapsed:  67.3103494644165
MLUPS: 1.0830429581789418
Time Elapsed:  67.31866216659546
MLUPS: 1.082909220916961
Time Elapsed:  67.31820130348206
MLUPS: 1.082916634557038
Time Elapsed:  67.31088662147522
MLUPS: 1.0830343152357407
Time Elapsed:  67.31624007225037
MLUPS: 1.0829481848920348
Time Elapsed:  67.31361627578735
MLUPS: 1.082990396791712
Time Elapsed:  67.31747674942017
MLUPS: 1.0829282902471224
Time Elapsed:  67.31865119934082
MLUPS: 1.0829093973397055
Time Elapsed:  67.3163743019104
MLUPS: 1.0829460254803287
Time Elapsed:  67.3184552192688
MLUPS: 1.082912549947129
Time Elapsed:  67.317542552948
MLUPS: 1.0829272316745844
Time Elapsed:  67.31672668457031
MLUPS: 1.0829403565861355
Time Elapsed:  67.31798553466797
MLUPS: 1.0829201055408493
Time Elapsed:  67.31791257858276
MLUPS: 1.0829212791602987
Time Elapsed:  67.31880450248718
MLUPS: 1.0829069312617785
Time Elapsed:  67.31855630874634
MLUPS: 1.08291092378237
Time Elapsed:  67.31127071380615
MLUPS: 1.0830281352131352
Time Elapsed:  67.31802105903625
Time Elapsed:  67.31799697875977
MLUPS: 1.0829199214439116
Time Elapsed:  67.31906199455261
MLUPS: 1.082902789196602
Time Elapsed:  67.31208968162537
MLUPS: 1.0830149583054767
Time Elapsed:  67.31127214431763
MLUPS: 1.0830281121964231
Time Elapsed:  67.3162944316864
MLUPS: 1.0829473103867895
Time Elapsed:  67.31379961967468
MLUPS: 1.082987447029993
Time Elapsed:  67.31770443916321
MLUPS: 1.0829246274415323
Time Elapsed:  67.31861734390259
MLUPS: 1.0829099419494086
MLUPS: 1.0829195340734763
Time Elapsed:  67.31356477737427
MLUPS: 1.082991225336256
Time Elapsed:  67.3191430568695
MLUPS: 1.0829014852196786
Time Elapsed:  67.31895184516907
MLUPS: 1.0829045610761605
Time Elapsed:  67.31164455413818
MLUPS: 1.083022120212308
Time Elapsed:  67.3163013458252
MLUPS: 1.0829471991559605
Time Elapsed:  67.31413459777832
MLUPS: 1.0829820577149045
Time Elapsed:  67.31772375106812
MLUPS: 1.082924316775392
Time Elapsed:  67.31869006156921
MLUPS: 1.0829087721898059
Time Elapsed:  67.31170010566711
MLUPS: 1.0830212264073003
Time Elapsed:  67.31642365455627
MLUPS: 1.082945231524726
Time Elapsed:  67.31856775283813
MLUPS: 1.0829107396885542
Time Elapsed:  67.31820273399353
MLUPS: 1.082916611545065
Time Elapsed:  67.31883716583252
MLUPS: 1.0829064058313855
Time Elapsed:  67.31840467453003
MLUPS: 1.0829133630313401
Time Elapsed:  67.31361269950867
MLUPS: 1.0829904543294866
Time Elapsed:  67.31400680541992
MLUPS: 1.0829841137035139
Time Elapsed:  67.31898427009583
MLUPS: 1.0829040394833074
Time Elapsed:  67.31834292411804
MLUPS: 1.0829143563764436
Time Elapsed:  67.31398797035217
MLUPS: 1.082984416732346
Time Elapsed:  67.319096326828
MLUPS: 1.0829022369236394
Time Elapsed:  67.31192946434021
MLUPS: 1.0830175361206988
Time Elapsed:  67.31160044670105
MLUPS: 1.083022829886863
Time Elapsed:  67.31655669212341
MLUPS: 1.0829430913023792
Time Elapsed:  67.3139398097992
MLUPS: 1.082985191566333
Time Elapsed:  67.31826758384705
MLUPS: 1.082915568336644
Time Elapsed:  67.3187084197998
MLUPS: 1.0829084768738466
Time Elapsed:  67.31875538825989
MLUPS: 1.082907721325957
Time Elapsed:  67.31882762908936
MLUPS: 1.0829065592416667
Time Elapsed:  67.3192024230957
MLUPS: 1.0829005302503354
Time Elapsed:  67.31932640075684
MLUPS: 1.0828985359422794
Time Elapsed:  67.31164765357971
MLUPS: 1.0830220703433202
Time Elapsed:  67.31660866737366
MLUPS: 1.082942255160463
Time Elapsed:  67.31853747367859
MLUPS: 1.0829112267702452
Time Elapsed:  67.31872534751892
MLUPS: 1.0829082045696634
Time Elapsed:  67.3188157081604
MLUPS: 1.0829067510045791
Time Elapsed:  67.31872463226318
MLUPS: 1.082908216075471
Time Elapsed:  67.31452965736389
MLUPS: 1.0829757018442612
Time Elapsed:  67.31914901733398
MLUPS: 1.0829013893391464
Time Elapsed:  67.3193290233612
MLUPS: 1.0828984937550727
Time Elapsed:  67.31182217597961
MLUPS: 1.0830192623431096
Time Elapsed:  67.31643795967102
MLUPS: 1.0829450013928852
Time Elapsed:  67.31434178352356
MLUPS: 1.0829787244216005
Time Elapsed:  67.31873655319214
MLUPS: 1.08290802431204
Time Elapsed:  67.31911754608154
MLUPS: 1.082901895588548
Time Elapsed:  67.319082736969
MLUPS: 1.0829024555316198
Time Elapsed:  67.31927180290222
MLUPS: 1.0828994142039603
Time Elapsed:  67.31954765319824
MLUPS: 1.0828949768876923
Time Elapsed:  67.31938481330872
MLUPS: 1.0828975963189138
Time Elapsed:  67.31203293800354
MLUPS: 1.0830158712802975
Time Elapsed:  67.31668591499329
MLUPS: 1.0829410124565142
Time Elapsed:  67.31433272361755
MLUPS: 1.0829788701808327
Time Elapsed:  67.31909036636353
MLUPS: 1.0829023328043217
Time Elapsed:  67.31919836997986
MLUPS: 1.082900595448992
Time Elapsed:  67.31931114196777
MLUPS: 1.082898781395182
Time Elapsed:  67.31457686424255
MLUPS: 1.0829749423668207
Time Elapsed:  67.31965708732605
MLUPS: 1.0828932165449865
Time Elapsed:  67.31942892074585
MLUPS: 1.0828968868084736
Time Elapsed:  67.31203365325928
MLUPS: 1.0830158597722022
Time Elapsed:  67.31674885749817
MLUPS: 1.082939999885035
Time Elapsed:  67.31486821174622
MLUPS: 1.0829702551104334
Time Elapsed:  67.31913733482361
MLUPS: 1.0829015772650052
Time Elapsed:  67.31924676895142
MLUPS: 1.0828998169008408
Time Elapsed:  67.3196792602539
MLUPS: 1.0828928598749394
Time Elapsed:  67.31458902359009
MLUPS: 1.0829747467440163
Time Elapsed:  67.32004952430725
MLUPS: 1.0828869039033906
Time Elapsed:  67.31946396827698
MLUPS: 1.0828963230359758
Time Elapsed:  67.31213736534119
MLUPS: 1.083014191100935
Time Elapsed:  67.31678199768066
MLUPS: 1.0829394667515702
Time Elapsed:  67.314932346344
MLUPS: 1.0829692233057608
Time Elapsed:  67.3190987110138
MLUPS: 1.0829021985713712
Time Elapsed:  67.31941270828247
MLUPS: 1.0828971476013922
Time Elapsed:  67.31448817253113
MLUPS: 1.0829763692647096
Time Elapsed:  67.31942129135132
MLUPS: 1.0828970095345374
Time Elapsed:  67.32006049156189
MLUPS: 1.0828867274879754
Time Elapsed:  67.31983280181885
MLUPS: 1.0828903900371896
Time Elapsed:  67.31259274482727
MLUPS: 1.0830068643523185
Time Elapsed:  67.31691074371338
MLUPS: 1.0829373955905726
Time Elapsed:  67.31488060951233
MLUPS: 1.0829700556536146
Time Elapsed:  67.31907486915588
MLUPS: 1.0829025820941751
Time Elapsed:  67.3194363117218
MLUPS: 1.0828967679176258
Time Elapsed:  67.31971621513367
MLUPS: 1.0828922654253832
Time Elapsed:  67.31468081474304
MLUPS: 1.082973269985909
Time Elapsed:  67.32025623321533
MLUPS: 1.0828835788659947
Time Elapsed:  67.31982517242432
MLUPS: 1.0828905127617807
Time Elapsed:  67.3125114440918
MLUPS: 1.0830081724190168
Time Elapsed:  67.31706976890564
Time Elapsed:  67.31959128379822
MLUPS: 1.0828942750510255
Time Elapsed:  67.31920194625854
MLUPS: 1.082900537920765
Time Elapsed:  67.31948328018188
MLUPS: 1.0828960123860747
Time Elapsed:  67.3197889328003
MLUPS: 1.0828910957039686
Time Elapsed:  67.31501340866089
MLUPS: 1.0829679191688393
Time Elapsed:  67.3135290145874
MLUPS: 1.0829918007151573
Time Elapsed:  67.3200740814209
MLUPS: 1.0828865088863449
Time Elapsed:  67.31271600723267
MLUPS: 1.083004881160448
MLUPS: 1.0829348373341283
Time Elapsed:  67.31509232521057
MLUPS: 1.0829666495562065
Time Elapsed:  67.3191876411438
MLUPS: 1.082900768033709
Time Elapsed:  67.31944227218628
MLUPS: 1.0828966720379292
Time Elapsed:  67.31372785568237
MLUPS: 1.0829886016162165
Time Elapsed:  67.31277537345886
MLUPS: 1.0830039260087343
Time Elapsed:  67.317209482193
MLUPS: 1.08293258976048
Time Elapsed:  67.31506609916687
MLUPS: 1.0829670714815245
Time Elapsed:  67.31939959526062
MLUPS: 1.082897358536933
Time Elapsed:  67.3195116519928
MLUPS: 1.0828955559995066
Time Elapsed:  67.31981468200684
MLUPS: 1.082890681508139
Time Elapsed:  67.31993794441223
MLUPS: 1.0828886987417512
Time Elapsed:  67.32057118415833
MLUPS: 1.082878512729473
Time Elapsed:  67.31986379623413
MLUPS: 1.082889891468824
Time Elapsed:  67.31525158882141
MLUPS: 1.0829640873258803
Time Elapsed:  67.32046890258789
MLUPS: 1.0828801579722453
Time Elapsed:  67.32039833068848
MLUPS: 1.0828812931543221
Time Elapsed:  67.31308388710022
MLUPS: 1.082998962315712
Time Elapsed:  67.31705689430237
MLUPS: 1.082935044448893
Time Elapsed:  67.3197455406189
MLUPS: 1.0828917937013611
Time Elapsed:  67.31945204734802
MLUPS: 1.0828965147952627
Time Elapsed:  67.31980657577515
MLUPS: 1.0828908119030882
Time Elapsed:  67.32009744644165
MLUPS: 1.0828861330451518
Time Elapsed:  67.31526303291321
MLUPS: 1.0829639032139886
Time Elapsed:  67.32059168815613
MLUPS: 1.0828781829145073
Time Elapsed:  67.3203797340393
MLUPS: 1.0828815922905357
Time Elapsed:  67.31318378448486
MLUPS: 1.0829973550709222
Time Elapsed:  67.3173577785492
MLUPS: 1.0829302041208415
Time Elapsed:  67.3197021484375
MLUPS: 1.0828924916996534
Time Elapsed:  67.31972575187683
MLUPS: 1.0828921120191521
Time Elapsed:  67.31985664367676
MLUPS: 1.0828900065230216
Time Elapsed:  67.32026267051697
MLUPS: 1.082883475318445
Time Elapsed:  67.32027840614319
MLUPS: 1.0828832222022962
Time Elapsed:  67.32067680358887
MLUPS: 1.0828768138010416
Time Elapsed:  67.32048797607422
MLUPS: 1.0828798511666873
Time Elapsed:  67.31314611434937
MLUPS: 1.082997961143576
Time Elapsed:  67.31752395629883
MLUPS: 1.0829275308361788
Time Elapsed:  67.31510138511658
MLUPS: 1.0829665038002638
Time Elapsed:  67.31973695755005
MLUPS: 1.0828919317668861
Time Elapsed:  67.31994462013245
MLUPS: 1.0828885913580921
Time Elapsed:  67.3150589466095
MLUPS: 1.0829671865521229
Time Elapsed:  67.32028579711914
MLUPS: 1.082883103314449
Time Elapsed:  67.32068991661072
MLUPS: 1.0828766028735044
Time Elapsed:  67.32052612304688
MLUPS: 1.0828792375560925
Time Elapsed:  67.31313371658325
MLUPS: 1.082998160610674
Time Elapsed:  67.31759548187256
MLUPS: 1.0829263802155662
Time Elapsed:  67.31988263130188
MLUPS: 1.0828895884928877
Time Elapsed:  67.31975197792053
MLUPS: 1.0828916901522405
Time Elapsed:  67.32032322883606
MLUPS: 1.08288250120543
Time Elapsed:  67.31559491157532
MLUPS: 1.0829585639963557
Time Elapsed:  67.32073879241943
MLUPS: 1.0828758166897718
Time Elapsed:  67.32059049606323
MLUPS: 1.0828782020897907
Time Elapsed:  67.31324005126953
Time Elapsed:  67.31980800628662
MLUPS: 1.0828907888922126
Time Elapsed:  67.32058477401733
MLUPS: 1.0828782941311597
Time Elapsed:  67.32038140296936
MLUPS: 1.0828815654449715
Time Elapsed:  67.32057452201843
MLUPS: 1.082878459038651
Time Elapsed:  67.31333088874817
MLUPS: 1.0829949883253462
Time Elapsed:  67.32002425193787
MLUPS: 1.0828873104260879
Time Elapsed:  67.32056212425232
MLUPS: 1.0828786584617314
Time Elapsed:  67.31566309928894
MLUPS: 1.082957467008448
MLUPS: 1.0829964497991076
Time Elapsed:  67.32008838653564
MLUPS: 1.082886278779461
Time Elapsed:  67.32071852684021
MLUPS: 1.0828761426682543
Time Elapsed:  67.32039380073547
MLUPS: 1.0828813660208203
Time Elapsed:  67.32015657424927
MLUPS: 1.0828851819379917
Time Elapsed:  67.32070016860962
MLUPS: 1.082876437966578
Time Elapsed:  67.32018780708313
Time Elapsed:  67.32079720497131
MLUPS: 1.0828748771058327
MLUPS: 1.0828846795393192
Time Elapsed:  67.32081580162048
MLUPS: 1.082874577973329

============================= JOB FEEDBACK =============================

NodeName=uc2n[079,085-086,093,097,202-203,231-232,238]
Job ID: 23138489
Cluster: uc2
User/Group: fr_rk311/fr_fr
State: COMPLETED (exit code 0)
Nodes: 10
Cores per node: 80
CPU Utilized: 07:40:38
CPU Efficiency: 33.54% of 22:53:20 core-walltime
Job Wall-clock time: 00:01:43
Memory Utilized: 55.64 GB (estimated maximum)
Memory Efficiency: 6.33% of 878.91 GB (87.89 GB/node)
