We have a maximum of 16 tasks at our disposition
In the case of equal size we divide the processes as 4 and 4
Time Elapsed:  319.4784059524536
MLUPS: 5.048541528781885
Time Elapsed:  319.47817611694336
MLUPS: 5.0485451607486524
Time Elapsed:  319.4782438278198
MLUPS: 5.048544090749601
Time Elapsed:  319.47801089286804
MLUPS: 5.048547771698944
Time Elapsed:  319.4784371852875
MLUPS: 5.0485410352266396
Time Elapsed:  319.4785544872284
MLUPS: 5.0485391815696286
Time Elapsed:  319.477995634079
MLUPS: 5.048548012825803
Time Elapsed:  319.4786295890808
MLUPS: 5.048537994777744
Time Elapsed:  319.3219654560089
MLUPS: 5.051014883040358
Time Elapsed:  319.47864270210266
MLUPS: 5.048537787560171
Time Elapsed:  319.47780299186707
MLUPS: 5.048551057054375
Time Elapsed:  319.4780204296112
MLUPS: 5.048547620994669
Time Elapsed:  319.4781844615936
MLUPS: 5.048545028882547
Time Elapsed:  319.47825050354004
MLUPS: 5.048543985256761
Time Elapsed:  319.4785339832306
MLUPS: 5.048539505582748
Time Elapsed:  319.47852659225464
MLUPS: 5.048539622378184

============================= JOB FEEDBACK =============================

NodeName=uc2n[003-004]
Job ID: 23138484
Cluster: uc2
User/Group: fr_rk311/fr_fr
State: COMPLETED (exit code 0)
Nodes: 2
Cores per node: 80
CPU Utilized: 01:25:10
CPU Efficiency: 8.63% of 16:26:40 core-walltime
Job Wall-clock time: 00:06:10
Memory Utilized: 1.31 GB
Memory Efficiency: 0.74% of 175.78 GB
