We have a maximum of 144 tasks at our disposition
In the case of equal size we divide the processes as 12 and 12
Time Elapsed:  90.64045095443726
MLUPS: 2.039928068020587
Time Elapsed:  90.64048433303833
MLUPS: 2.039927316811614
Time Elapsed:  90.63835906982422
MLUPS: 2.039975148464022
Time Elapsed:  90.64480328559875
MLUPS: 2.0398301204033404
Time Elapsed:  90.63824033737183
MLUPS: 2.039977820749487
Time Elapsed:  90.6448860168457
MLUPS: 2.0398282586580523
Time Elapsed:  90.64072322845459
MLUPS: 2.0399219403178246
Time Elapsed:  90.64240217208862
MLUPS: 2.0398841554194376
Time Elapsed:  90.64549732208252
MLUPS: 2.039814502236238
Time Elapsed:  90.64418363571167
MLUPS: 2.039844064822641
Time Elapsed:  90.64570474624634
MLUPS: 2.0398098345377664
Time Elapsed:  90.64070868492126
MLUPS: 2.0399222676285125
Time Elapsed:  90.64248847961426
MLUPS: 2.0398822130924232
Time Elapsed:  90.64285230636597
MLUPS: 2.0398740253125753
Time Elapsed:  90.6434211730957
MLUPS: 2.039861223319327
Time Elapsed:  90.64582824707031
MLUPS: 2.0398070553895127
Time Elapsed:  90.6458351612091
MLUPS: 2.0398068998003556
Time Elapsed:  90.64196062088013
MLUPS: 2.0398940924652367
Time Elapsed:  90.61806893348694
MLUPS: 2.040431915799435
Time Elapsed:  90.64577555656433
MLUPS: 2.039808241086973
Time Elapsed:  90.64211225509644
MLUPS: 2.039890679948313
Time Elapsed:  90.642080783844
MLUPS: 2.0398913882056036
Time Elapsed:  90.64387226104736
MLUPS: 2.039851071978724
Time Elapsed:  90.64586305618286
MLUPS: 2.0398062720788244
Time Elapsed:  90.64381098747253
MLUPS: 2.039852450881111
Time Elapsed:  90.64376974105835
MLUPS: 2.0398533790927162
Time Elapsed:  90.64584875106812
MLUPS: 2.0398065939872536
Time Elapsed:  90.63831853866577
MLUPS: 2.039976060689197
Time Elapsed:  90.64058184623718
MLUPS: 2.0399251222114243
Time Elapsed:  90.64216446876526
MLUPS: 2.0398895048861663
Time Elapsed:  90.64221930503845
MLUPS: 2.03988827080409
Time Elapsed:  90.64556694030762
MLUPS: 2.039812935604025
Time Elapsed:  90.64612793922424
MLUPS: 2.039800311426103
Time Elapsed:  90.6427526473999
MLUPS: 2.039876268092393
Time Elapsed:  90.6436836719513
MLUPS: 2.0398553159994237
Time Elapsed:  90.64452314376831
MLUPS: 2.0398364246093075
Time Elapsed:  90.64550852775574
MLUPS: 2.0398142500726713
Time Elapsed:  90.6448585987091
MLUPS: 2.0398288756625984
Time Elapsed:  90.64504384994507
MLUPS: 2.039824706865229
Time Elapsed:  90.64227080345154
MLUPS: 2.0398871118414132
Time Elapsed:  90.64338231086731
MLUPS: 2.039862097884582
Time Elapsed:  90.64427876472473
MLUPS: 2.039841924054847
Time Elapsed:  90.64524722099304
MLUPS: 2.039820130328664
Time Elapsed:  90.6434965133667
MLUPS: 2.039859527845264
Time Elapsed:  90.64614510536194
MLUPS: 2.03979992513838
Time Elapsed:  90.63826990127563
MLUPS: 2.0399771553604835
Time Elapsed:  90.64457750320435
MLUPS: 2.039835201322039
Time Elapsed:  90.6449522972107
MLUPS: 2.0398267671181696
Time Elapsed:  90.6464376449585
MLUPS: 2.039793342174254
Time Elapsed:  90.63826847076416
MLUPS: 2.039977187556716
Time Elapsed:  90.64448928833008
MLUPS: 2.039837186481945
Time Elapsed:  90.6449842453003
MLUPS: 2.0398260481752644
Time Elapsed:  90.6382167339325
MLUPS: 2.0399783519877928
Time Elapsed:  90.64449453353882
MLUPS: 2.0398370684453018
Time Elapsed:  90.63981533050537
MLUPS: 2.039942373291341
Time Elapsed:  90.638356924057
MLUPS: 2.0399751967582755
Time Elapsed:  90.64457654953003
MLUPS: 2.0398352227832066
Time Elapsed:  90.64070510864258
MLUPS: 2.0399223481147635
Time Elapsed:  90.63861560821533
MLUPS: 2.0399693746341927
Time Elapsed:  90.63868308067322
MLUPS: 2.039967856057984
Time Elapsed:  90.6451096534729
MLUPS: 2.039823226060998
Time Elapsed:  90.63852167129517
MLUPS: 2.039971488839464
Time Elapsed:  90.64459323883057
MLUPS: 2.0398348472128403
Time Elapsed:  90.6450412273407
MLUPS: 2.039824765882833
Time Elapsed:  90.63841152191162
MLUPS: 2.0399739679385362
Time Elapsed:  90.64454364776611
MLUPS: 2.039835963193762
Time Elapsed:  90.6405234336853
MLUPS: 2.0399264368246626
Time Elapsed:  90.63853549957275
MLUPS: 2.0399711776110014
Time Elapsed:  90.64461469650269
MLUPS: 2.0398343643368584
Time Elapsed:  90.64055490493774
MLUPS: 2.039925728543034
Time Elapsed:  90.63850903511047
MLUPS: 2.039971773237969
Time Elapsed:  90.64450716972351
MLUPS: 2.039836784084354
Time Elapsed:  90.64072775840759
MLUPS: 2.0399218383686155
Time Elapsed:  90.6385006904602
MLUPS: 2.039971961048346
Time Elapsed:  90.64449834823608
MLUPS: 2.039836982600479
Time Elapsed:  90.64070892333984
MLUPS: 2.039922262262763
Time Elapsed:  90.63839673995972
MLUPS: 2.039974300631944
Time Elapsed:  90.64452695846558
MLUPS: 2.0398363387645393
Time Elapsed:  90.6406364440918
MLUPS: 2.0399238934520114
Time Elapsed:  90.63845920562744
MLUPS: 2.039972894734735
Time Elapsed:  90.64461183547974
MLUPS: 2.0398344287203094
Time Elapsed:  90.6451268196106
MLUPS: 2.0398228397645957
Time Elapsed:  90.63856029510498
MLUPS: 2.0399706195464105
Time Elapsed:  90.64483642578125
MLUPS: 2.0398293746317653
Time Elapsed:  90.64068865776062
MLUPS: 2.039922718351599
Time Elapsed:  90.63849091529846
MLUPS: 2.039972181054832
Time Elapsed:  90.64494585990906
MLUPS: 2.0398269119798615
Time Elapsed:  90.6407630443573
MLUPS: 2.0399210442382816
Time Elapsed:  90.63844037055969
MLUPS: 2.0399733186501017
Time Elapsed:  90.6446282863617
MLUPS: 2.0398340585155212
Time Elapsed:  90.64077711105347
MLUPS: 2.0399207276594695
Time Elapsed:  90.63840341567993
MLUPS: 2.0399741503832947
Time Elapsed:  90.64460277557373
MLUPS: 2.039834632601264
Time Elapsed:  90.64531898498535
MLUPS: 2.039818515400968
Time Elapsed:  90.63844656944275
MLUPS: 2.0399731791336326
Time Elapsed:  90.64471769332886
MLUPS: 2.0398320465353272
Time Elapsed:  90.64525818824768
MLUPS: 2.039819883528917
Time Elapsed:  90.63857889175415
MLUPS: 2.0399702009981677
Time Elapsed:  90.64471769332886
MLUPS: 2.0398320465353272
Time Elapsed:  90.64526748657227
MLUPS: 2.0398196742857
Time Elapsed:  90.6386890411377
MLUPS: 2.039967721908251
Time Elapsed:  90.64465713500977
MLUPS: 2.039833409316145
Time Elapsed:  90.64080214500427
MLUPS: 2.0399201642567424
Time Elapsed:  90.63882946968079
MLUPS: 2.039964561345644
Time Elapsed:  90.64475846290588
MLUPS: 2.0398311290736766
Time Elapsed:  90.64097023010254
MLUPS: 2.039916381417918
Time Elapsed:  90.63874316215515
MLUPS: 2.039966503829482
Time Elapsed:  90.64471554756165
MLUPS: 2.0398320948228057
Time Elapsed:  90.64528250694275
MLUPS: 2.0398193362775174
Time Elapsed:  90.6386227607727
MLUPS: 2.0399692136542753
Time Elapsed:  90.64476895332336
MLUPS: 2.039830893001806
Time Elapsed:  90.64525818824768
MLUPS: 2.039819883528917
Time Elapsed:  90.6386513710022
MLUPS: 2.0399685697348606
Time Elapsed:  90.64468908309937
MLUPS: 2.0398326903685575
Time Elapsed:  90.64073634147644
MLUPS: 2.0399216452017206
Time Elapsed:  90.63868045806885
MLUPS: 2.039967915083872
Time Elapsed:  90.64466881752014
MLUPS: 2.0398331464173416
Time Elapsed:  90.64080262184143
MLUPS: 2.039920153525265
Time Elapsed:  90.6387414932251
MLUPS: 2.0399665413913604
Time Elapsed:  90.64469456672668
MLUPS: 2.039832566967157
Time Elapsed:  90.64089679718018
MLUPS: 2.0399180340606713
Time Elapsed:  90.63871002197266
MLUPS: 2.0399672497013306
Time Elapsed:  90.64475893974304
MLUPS: 2.0398311183431357
Time Elapsed:  90.64540815353394
MLUPS: 2.0398165088166293
Time Elapsed:  90.63872957229614
MLUPS: 2.0399668096905335
Time Elapsed:  90.64473581314087
MLUPS: 2.039831638774492
Time Elapsed:  90.64084482192993
MLUPS: 2.039919203789953
Time Elapsed:  90.63859629631042
MLUPS: 2.039969809280096
Time Elapsed:  90.6447262763977
MLUPS: 2.0398318533854374
Time Elapsed:  90.64527249336243
MLUPS: 2.0398195616162935
Time Elapsed:  90.63863396644592
MLUPS: 2.0399689614524563
Time Elapsed:  90.64475131034851
MLUPS: 2.039831290031801
Time Elapsed:  90.64097595214844
MLUPS: 2.039916252640673
Time Elapsed:  90.63863635063171
MLUPS: 2.0399689077925025
Time Elapsed:  90.64486527442932
MLUPS: 2.03982872543537
Time Elapsed:  90.63879799842834
MLUPS: 2.0399652696542394
Time Elapsed:  90.64482712745667
MLUPS: 2.039829583876972
Time Elapsed:  90.63867020606995
MLUPS: 2.0399681458214673
Time Elapsed:  90.64487504959106
MLUPS: 2.039828505459826
Time Elapsed:  90.63860201835632
MLUPS: 2.0399696804961054
Time Elapsed:  90.64484691619873
MLUPS: 2.039829138560301
Time Elapsed:  90.64487957954407
MLUPS: 2.0398284035199556
Time Elapsed:  90.64492559432983
MLUPS: 2.0398273680260615
Time Elapsed:  90.64496207237244
MLUPS: 2.039826547143048

============================= JOB FEEDBACK =============================

NodeName=uc2n[003-006]
Job ID: 23138487
Cluster: uc2
User/Group: fr_rk311/fr_fr
State: COMPLETED (exit code 0)
Nodes: 4
Cores per node: 80
CPU Utilized: 03:41:05
CPU Efficiency: 32.90% of 11:12:00 core-walltime
Job Wall-clock time: 00:02:06
Memory Utilized: 5.57 GB
Memory Efficiency: 1.58% of 351.56 GB
