We have a maximum of 64 tasks at our disposition
In the case of equal size we divide the processes as 8 and 8
Time Elapsed:  107.87510228157043
MLUPS: 3.796983653659782
Time Elapsed:  107.87525224685669
MLUPS: 3.7969783751948083
Time Elapsed:  107.87459135055542
MLUPS: 3.79700163747495
Time Elapsed:  107.87548732757568
MLUPS: 3.796970100873843
Time Elapsed:  107.87462735176086
MLUPS: 3.7970003702943402
Time Elapsed:  107.87516379356384
MLUPS: 3.796981488564265
Time Elapsed:  107.8749737739563
MLUPS: 3.7969881768711735
Time Elapsed:  107.87471604347229
MLUPS: 3.796997248502011
Time Elapsed:  107.87557220458984
MLUPS: 3.7969671133996776
Time Elapsed:  107.8751928806305
MLUPS: 3.7969804647602685
Time Elapsed:  107.87499928474426
MLUPS: 3.796987278941524
Time Elapsed:  107.87452697753906
MLUPS: 3.797003903296691
Time Elapsed:  107.87608432769775
MLUPS: 3.796949087953066
Time Elapsed:  107.87514185905457
MLUPS: 3.796982260613546
Time Elapsed:  107.87575435638428
MLUPS: 3.7969607020945864
Time Elapsed:  107.87458515167236
MLUPS: 3.797001855665074
Time Elapsed:  107.87615633010864
MLUPS: 3.796946553662842
Time Elapsed:  107.87540173530579
MLUPS: 3.796973113528113
Time Elapsed:  107.87534832954407
MLUPS: 3.7969749932925305
Time Elapsed:  107.87588906288147
MLUPS: 3.7969559607637793
Time Elapsed:  107.87478542327881
MLUPS: 3.7969948064583634
Time Elapsed:  107.87624883651733
MLUPS: 3.7969432976922883
Time Elapsed:  107.8753662109375
MLUPS: 3.796974363906916
Time Elapsed:  107.85261750221252
MLUPS: 3.797775237041394
Time Elapsed:  107.87482976913452
MLUPS: 3.796993245566131
Time Elapsed:  107.87644934654236
MLUPS: 3.7969362403113656
Time Elapsed:  107.87557649612427
MLUPS: 3.796966962347738
Time Elapsed:  107.87480473518372
MLUPS: 3.7969941267148144
Time Elapsed:  107.87643122673035
MLUPS: 3.796936878075983
Time Elapsed:  107.87566924095154
MLUPS: 3.796963697950422
Time Elapsed:  107.87487077713013
MLUPS: 3.7969918021615534
Time Elapsed:  107.87645888328552
MLUPS: 3.7969359046458635
Time Elapsed:  107.87567901611328
MLUPS: 3.796963353888308
Time Elapsed:  107.87482953071594
MLUPS: 3.796993253958022
Time Elapsed:  107.87627649307251
MLUPS: 3.796942324258877
Time Elapsed:  107.87566876411438
MLUPS: 3.796963714733942
Time Elapsed:  107.87485098838806
MLUPS: 3.796992498688044
Time Elapsed:  107.87635517120361
MLUPS: 3.796939555011385
Time Elapsed:  107.87578320503235
MLUPS: 3.7969596866935413
Time Elapsed:  107.87490510940552
MLUPS: 3.796990593730657
Time Elapsed:  107.87638235092163
MLUPS: 3.7969385983631905
Time Elapsed:  107.87561702728271
MLUPS: 3.7969655357466783
Time Elapsed:  107.87492728233337
MLUPS: 3.796989813286113
Time Elapsed:  107.87646412849426
MLUPS: 3.796935720029863
Time Elapsed:  107.87562370300293
MLUPS: 3.7969653007771944
Time Elapsed:  107.87500023841858
Time Elapsed:  107.87657022476196
Time Elapsed:  107.87584185600281
MLUPS: 3.7969576223261483
MLUPS: 3.796987245374069
Time Elapsed:  107.87651062011719
MLUPS: 3.7969340836615486
Time Elapsed:  107.87582039833069
MLUPS: 3.7969583775822513
Time Elapsed:  107.87511277198792
MLUPS: 3.7969319857555175
Time Elapsed:  107.8758795261383
MLUPS: 3.7969562964328274
MLUPS: 3.796983284418512
Time Elapsed:  107.87676787376404
MLUPS: 3.796925029115708
Time Elapsed:  107.87593150138855
Time Elapsed:  107.8751323223114
MLUPS: 3.7969825962872443
Time Elapsed:  107.87683510780334
MLUPS: 3.7969226626891586
Time Elapsed:  107.87595844268799
Time Elapsed:  107.87512445449829
MLUPS: 3.79698287321809
Time Elapsed:  107.87495923042297
MLUPS: 3.796988688775183
MLUPS: 3.796954467037235
Time Elapsed:  107.87519574165344
MLUPS: 3.7969803640582658
Time Elapsed:  107.87684369087219
MLUPS: 3.7969223605923648
Time Elapsed:  107.87524342536926
MLUPS: 3.7969786856923413
Time Elapsed:  107.87507915496826
MLUPS: 3.7969844676692
Time Elapsed:  107.87598705291748
MLUPS: 3.7969525117677474
MLUPS: 3.7969535187732406

============================= JOB FEEDBACK =============================

NodeName=uc2n[005-008]
Job ID: 23138486
Cluster: uc2
User/Group: fr_rk311/fr_fr
State: COMPLETED (exit code 0)
Nodes: 4
Cores per node: 80
CPU Utilized: 01:56:09
CPU Efficiency: 15.34% of 12:37:20 core-walltime
Job Wall-clock time: 00:02:22
Memory Utilized: 2.50 GB
Memory Efficiency: 0.71% of 351.56 GB
