We have a maximum of 36 tasks at our disposition
In the case of equal size we divide the processes as 6 and 6
Time Elapsed:  153.74440693855286
MLUPS: 4.699357943399932
Time Elapsed:  153.744158744812
MLUPS: 4.699365529712395
Time Elapsed:  153.7442216873169
MLUPS: 4.699363605803746
Time Elapsed:  153.74430179595947
MLUPS: 4.699361157195017
Time Elapsed:  153.73110222816467
MLUPS: 4.6997646509271735
Time Elapsed:  153.74334502220154
MLUPS: 4.699390402203532
Time Elapsed:  153.74365329742432
MLUPS: 4.699380979338963
Time Elapsed:  153.7443163394928
MLUPS: 4.699360712656206
Time Elapsed:  153.7444303035736
MLUPS: 4.6993572292238435
Time Elapsed:  153.74336409568787
MLUPS: 4.699389819194573
Time Elapsed:  153.74383354187012
MLUPS: 4.699375469932175
Time Elapsed:  153.74402284622192
MLUPS: 4.69936968361144
Time Elapsed:  153.74450945854187
MLUPS: 4.699354809771768
Time Elapsed:  153.74458265304565
MLUPS: 4.699352572509568
Time Elapsed:  153.74325704574585
MLUPS: 4.699393091334225
Time Elapsed:  153.7437925338745
MLUPS: 4.69937672339396
Time Elapsed:  153.74399828910828
MLUPS: 4.69937043422907
Time Elapsed:  153.74422359466553
MLUPS: 4.699363547503508
Time Elapsed:  153.74323391914368
MLUPS: 4.699393798233591
Time Elapsed:  153.74372935295105
MLUPS: 4.699378654600926
Time Elapsed:  153.7432267665863
MLUPS: 4.699394016862303
Time Elapsed:  153.74365186691284
MLUPS: 4.699381023064467
Time Elapsed:  153.74435353279114
MLUPS: 4.699359575803236
Time Elapsed:  153.7433943748474
MLUPS: 4.699388893668148
Time Elapsed:  153.7438519001007
MLUPS: 4.699374908789616
Time Elapsed:  153.74361443519592
MLUPS: 4.699382167215401
Time Elapsed:  153.74340224266052
MLUPS: 4.69938865317709
Time Elapsed:  153.74393844604492
MLUPS: 4.6993722634050705
Time Elapsed:  153.74416089057922
MLUPS: 4.699365464124575
Time Elapsed:  153.74348759651184
MLUPS: 4.699386044215068
Time Elapsed:  153.74329710006714
MLUPS: 4.699391867014178
Time Elapsed:  153.7443344593048
MLUPS: 4.69936015880469
Time Elapsed:  153.7435383796692
MLUPS: 4.699384491956914
Time Elapsed:  153.74379086494446
MLUPS: 4.699376774406954
Time Elapsed:  153.74427556991577
MLUPS: 4.699361958822594
Time Elapsed:  153.74451279640198
MLUPS: 4.699354707746736

============================= JOB FEEDBACK =============================

NodeName=uc2n[005-008]
Job ID: 23138485
Cluster: uc2
User/Group: fr_rk311/fr_fr
State: COMPLETED (exit code 0)
Nodes: 4
Cores per node: 80
CPU Utilized: 01:32:40
CPU Efficiency: 9.24% of 16:42:40 core-walltime
Job Wall-clock time: 00:03:08
Memory Utilized: 1.42 GB
Memory Efficiency: 0.40% of 351.56 GB
