We have a maximum of 256 tasks at our disposition
In the case of equal size we divide the processes as 16 and 16
Time Elapsed:  72.57629728317261
MLUPS: 1.500489885493915
Time Elapsed:  72.57635521888733
MLUPS: 1.5004886876939747
Time Elapsed:  72.5831048488617
MLUPS: 1.500349154624347
Time Elapsed:  72.58412075042725
MLUPS: 1.50032815544382
Time Elapsed:  72.57640671730042
MLUPS: 1.500487622984522
Time Elapsed:  72.58313274383545
MLUPS: 1.5003485780137944
Time Elapsed:  72.5841212272644
MLUPS: 1.5003281455875013
Time Elapsed:  72.57653498649597
MLUPS: 1.5004849710758799
Time Elapsed:  72.58321452140808
MLUPS: 1.500346887611053
Time Elapsed:  72.57692074775696
MLUPS: 1.5004769956896475
Time Elapsed:  72.58425307273865
MLUPS: 1.5003254203204153
Time Elapsed:  72.57650589942932
MLUPS: 1.500485572437241
Time Elapsed:  72.5830819606781
MLUPS: 1.5003496277410293
Time Elapsed:  72.57702255249023
MLUPS: 1.5004748909510544
Time Elapsed:  72.58427429199219
MLUPS: 1.500324981715968
Time Elapsed:  72.57648396492004
MLUPS: 1.5004860259231763
Time Elapsed:  72.58476972579956
MLUPS: 1.5003147411142443
Time Elapsed:  72.5830454826355
MLUPS: 1.5003503817713577
Time Elapsed:  72.58484220504761
MLUPS: 1.500313242982114
Time Elapsed:  72.58457446098328
MLUPS: 1.5003187772153643
Time Elapsed:  72.58458232879639
MLUPS: 1.5003186145881595
Time Elapsed:  72.57706356048584
MLUPS: 1.5004740431423291
Time Elapsed:  72.58469676971436
MLUPS: 1.5003162491055282
Time Elapsed:  72.58426237106323
MLUPS: 1.5003252281229293
Time Elapsed:  72.57663416862488
MLUPS: 1.500482920535847
Time Elapsed:  72.58473944664001
MLUPS: 1.50031536697954
Time Elapsed:  72.58303451538086
MLUPS: 1.5003506084734348
Time Elapsed:  72.58425521850586
MLUPS: 1.5003253759671449
Time Elapsed:  72.58245944976807
MLUPS: 1.500362495643539
Time Elapsed:  72.58244395256042
MLUPS: 1.5003628159886235
Time Elapsed:  72.58250045776367
MLUPS: 1.5003616479618218
Time Elapsed:  72.58305311203003
MLUPS: 1.5003502240656055
Time Elapsed:  72.58325147628784
MLUPS: 1.5003461237276818
Time Elapsed:  72.58117485046387
MLUPS: 1.500389050251148
Time Elapsed:  72.58584141731262
MLUPS: 1.5002925897615345
Time Elapsed:  72.58616757392883
MLUPS: 1.5002858483895793
Time Elapsed:  72.58262944221497
MLUPS: 1.500358981713363
Time Elapsed:  72.57707953453064
MLUPS: 1.5004737128915153
Time Elapsed:  72.58478951454163
MLUPS: 1.5003143320844514
Time Elapsed:  72.58423733711243
MLUPS: 1.5003257455778112
Time Elapsed:  72.57660675048828
MLUPS: 1.500483487391305
Time Elapsed:  72.58473014831543
MLUPS: 1.5003155591744992
Time Elapsed:  72.58314538002014
MLUPS: 1.5003483168142884
Time Elapsed:  72.58330535888672
MLUPS: 1.5003450099378377
Time Elapsed:  72.58329963684082
MLUPS: 1.5003451282163267
Time Elapsed:  72.58115220069885
MLUPS: 1.5003895184644294
Time Elapsed:  72.58507919311523
MLUPS: 1.5003083445051786
Time Elapsed:  72.58557653427124
MLUPS: 1.5002980647068764
Time Elapsed:  72.58466911315918
MLUPS: 1.5003168207631474
Time Elapsed:  72.58652877807617
MLUPS: 1.500278382686511
Time Elapsed:  72.5865421295166
MLUPS: 1.5002781067279536
Time Elapsed:  72.58129835128784
MLUPS: 1.5003864972617666
Time Elapsed:  72.58239960670471
MLUPS: 1.5003637326691592
Time Elapsed:  72.58610248565674
MLUPS: 1.5002871937023896
Time Elapsed:  72.58662343025208
MLUPS: 1.5002764263396433
Time Elapsed:  72.58179354667664
MLUPS: 1.5003762607487439
Time Elapsed:  72.5539493560791
MLUPS: 1.5009520634850948
Time Elapsed:  72.57693314552307
MLUPS: 1.5004767393745615
Time Elapsed:  72.58481121063232
MLUPS: 1.5003138836303562
Time Elapsed:  72.58432507514954
MLUPS: 1.5003239320232207
Time Elapsed:  72.57664775848389
MLUPS: 1.5004826395728657
Time Elapsed:  72.57806658744812
MLUPS: 1.5004533066307049
Time Elapsed:  72.58468437194824
MLUPS: 1.5003165053657863
Time Elapsed:  72.5832290649414
MLUPS: 1.5003465869858914
Time Elapsed:  72.58716011047363
MLUPS: 1.5002653339001035
Time Elapsed:  72.58321762084961
MLUPS: 1.5003468235433857
Time Elapsed:  72.58155632019043
MLUPS: 1.500381164597688
Time Elapsed:  72.58679485321045
MLUPS: 1.5002728832458354
Time Elapsed:  72.58127331733704
MLUPS: 1.5003870147589122
Time Elapsed:  72.57699584960938
MLUPS: 1.500475443013065
Time Elapsed:  72.58475613594055
MLUPS: 1.5003150220143517
Time Elapsed:  72.58448433876038
MLUPS: 1.5003206400385902
Time Elapsed:  72.57668256759644
MLUPS: 1.500481919913779
Time Elapsed:  72.57815408706665
MLUPS: 1.5004514976966858
Time Elapsed:  72.58467745780945
MLUPS: 1.500316648280199
Time Elapsed:  72.58337616920471
MLUPS: 1.5003435462430792
Time Elapsed:  72.57721614837646
MLUPS: 1.5004708885136273
Time Elapsed:  72.58479070663452
MLUPS: 1.5003143074441094
Time Elapsed:  72.58451652526855
MLUPS: 1.50031997474405
Time Elapsed:  72.57673335075378
MLUPS: 1.5004808700014185
Time Elapsed:  72.57812142372131
MLUPS: 1.500452172965823
Time Elapsed:  72.58477425575256
MLUPS: 1.5003146474808986
Time Elapsed:  72.58330035209656
MLUPS: 1.5003451134315144
Time Elapsed:  72.57720637321472
MLUPS: 1.5004710906066308
Time Elapsed:  72.58477902412415
MLUPS: 1.5003145489194945
Time Elapsed:  72.58448386192322
MLUPS: 1.50032064989481
Time Elapsed:  72.57673144340515
MLUPS: 1.50048090943472
Time Elapsed:  72.57794785499573
MLUPS: 1.5004557612674925
Time Elapsed:  72.58485865592957
MLUPS: 1.5003129029459616
Time Elapsed:  72.58328700065613
MLUPS: 1.5003453894147227
Time Elapsed:  72.57722568511963
MLUPS: 1.5004706913497736
Time Elapsed:  72.57995533943176
MLUPS: 1.5004142602556276
Time Elapsed:  72.58449983596802
MLUPS: 1.5003203197115156
Time Elapsed:  72.57677984237671
MLUPS: 1.5004799088153342
Time Elapsed:  72.5780074596405
MLUPS: 1.5004545290191051
Time Elapsed:  72.58484148979187
MLUPS: 1.500313257766298
Time Elapsed:  72.58337497711182
MLUPS: 1.5003435708843815
Time Elapsed:  72.57705426216125
MLUPS: 1.5004742353779446
Time Elapsed:  72.58468294143677
MLUPS: 1.5003165349342835
Time Elapsed:  72.58437204360962
MLUPS: 1.5003229611819398
Time Elapsed:  72.576740026474
MLUPS: 1.5004807319848794
Time Elapsed:  72.57810807228088
MLUPS: 1.500452448988419
Time Elapsed:  72.5848069190979
MLUPS: 1.5003139723355405
Time Elapsed:  72.5832781791687
MLUPS: 1.5003455717608267
Time Elapsed:  72.57706594467163
MLUPS: 1.5004739938511535
Time Elapsed:  72.5848982334137
MLUPS: 1.5003120848886033
Time Elapsed:  72.58448100090027
MLUPS: 1.5003207090321318
Time Elapsed:  72.57681155204773
MLUPS: 1.5004792532378397
Time Elapsed:  72.57825207710266
MLUPS: 1.5004494718929213
Time Elapsed:  72.58479404449463
MLUPS: 1.5003142384511565
Time Elapsed:  72.58342671394348
MLUPS: 1.5003425014526077
Time Elapsed:  72.57728981971741
MLUPS: 1.5004693654242052
Time Elapsed:  72.58482360839844
MLUPS: 1.5003136273709936
Time Elapsed:  72.58447551727295
MLUPS: 1.5003208223786786
Time Elapsed:  72.57696914672852
MLUPS: 1.5004759950754818
Time Elapsed:  72.57812166213989
MLUPS: 1.500452168036849
Time Elapsed:  72.5848937034607
MLUPS: 1.5003121785216291
Time Elapsed:  72.58339762687683
MLUPS: 1.5003431026997769
Time Elapsed:  72.5770480632782
MLUPS: 1.5004743635350488
Time Elapsed:  72.58016705513
MLUPS: 1.500409883560648
Time Elapsed:  72.58440279960632
MLUPS: 1.5003223254540663
Time Elapsed:  72.57692313194275
MLUPS: 1.500476946398278
Time Elapsed:  72.57815194129944
MLUPS: 1.5004515420574134
Time Elapsed:  72.5850305557251
MLUPS: 1.500309349823792
Time Elapsed:  72.58345198631287
MLUPS: 1.5003419790579178
Time Elapsed:  72.58493614196777
MLUPS: 1.5003113013284761
Time Elapsed:  72.58451771736145
MLUPS: 1.5003199501035227
Time Elapsed:  72.57702040672302
MLUPS: 1.5004749353131652
Time Elapsed:  72.57853245735168
MLUPS: 1.5004436754627326
Time Elapsed:  72.58493638038635
MLUPS: 1.5003112964004275
Time Elapsed:  72.58357858657837
Time Elapsed:  72.5774040222168
MLUPS: 1.5004670043952582
Time Elapsed:  72.57738065719604
MLUPS: 1.5004674874444173
Time Elapsed:  72.58488440513611
MLUPS: 1.5003123707157715
Time Elapsed:  72.58468413352966
MLUPS: 1.5003165102938691
Time Elapsed:  72.57699775695801
MLUPS: 1.5004754035800507
Time Elapsed:  72.57843112945557
MLUPS: 1.5004457702558898
Time Elapsed:  72.58503103256226
MLUPS: 1.5003093399677208
MLUPS: 1.5003393621616916
Time Elapsed:  72.57745122909546
MLUPS: 1.500466028439743
Time Elapsed:  72.58031487464905
MLUPS: 1.5004068277752367
Time Elapsed:  72.58465075492859
MLUPS: 1.500317200225773
Time Elapsed:  72.57700276374817
MLUPS: 1.5004753000683981
Time Elapsed:  72.57832932472229
MLUPS: 1.5004478749127874
Time Elapsed:  72.58482003211975
MLUPS: 1.5003137012919545
Time Elapsed:  72.58366298675537
Time Elapsed:  72.57730436325073
MLUPS: 1.50046906474996
Time Elapsed:  72.58507204055786
MLUPS: 1.5003084923460668
Time Elapsed:  72.5846836566925
MLUPS: 1.5003165201500346
Time Elapsed:  72.57704091072083
MLUPS: 1.5004745114086577
Time Elapsed:  72.57829523086548
MLUPS: 1.5004485797523657
Time Elapsed:  72.58516025543213
MLUPS: 1.50030666897715
MLUPS: 1.5003376175692789
Time Elapsed:  72.57731294631958
MLUPS: 1.5004688873029206
Time Elapsed:  72.58511281013489
Time Elapsed:  72.58475518226624
MLUPS: 1.500315041726644
Time Elapsed:  72.57721304893494
MLUPS: 1.5004709525918907
Time Elapsed:  72.57837700843811
MLUPS: 1.5004468891242781
Time Elapsed:  72.58507347106934
MLUPS: 1.5003084627778869
Time Elapsed:  72.58375787734985
MLUPS: 1.5003356561397163
Time Elapsed:  72.57736992835999
MLUPS: 1.5004677092528087
Time Elapsed:  72.58039665222168
MLUPS: 1.5004051372412357
Time Elapsed:  72.5847864151001
MLUPS: 1.500314396149344
Time Elapsed:  72.5772430896759
MLUPS: 1.5004703315258747
Time Elapsed:  72.57823991775513
MLUPS: 1.5004497232697334
Time Elapsed:  72.58515095710754
MLUPS: 1.5003068611698809
Time Elapsed:  72.58375096321106
MLUPS: 1.5003357990577775
Time Elapsed:  72.57748079299927
MLUPS: 1.5004654172359253
Time Elapsed:  72.58523440361023
MLUPS: 1.5003051363650834
Time Elapsed:  72.58477258682251
MLUPS: 1.500314681977393
Time Elapsed:  72.5773766040802
MLUPS: 1.5004675712386908
Time Elapsed:  72.57833194732666
MLUPS: 1.5004478206943859
Time Elapsed:  72.58510637283325
MLUPS: 1.5003077827100695
Time Elapsed:  72.58378839492798
MLUPS: 1.5003350253292889
Time Elapsed:  72.57759976387024
MLUPS: 1.5004629576384996
Time Elapsed:  72.58514213562012
MLUPS: 1.50030704350662
Time Elapsed:  72.58470940589905
MLUPS: 1.5003159879172785
Time Elapsed:  72.57731771469116
MLUPS: 1.5004687887212504
Time Elapsed:  72.57826447486877
MLUPS: 1.5004492155872386
Time Elapsed:  72.58504962921143
MLUPS: 1.500308955581038
Time Elapsed:  72.58375120162964
MLUPS: 1.500335794129568
Time Elapsed:  72.57754802703857
MLUPS: 1.5004640272420005
MLUPS: 1.500307649653395
Time Elapsed:  72.58483219146729
MLUPS: 1.500313449960717
Time Elapsed:  72.57729816436768
MLUPS: 1.5004691929061809
Time Elapsed:  72.57867240905762
MLUPS: 1.5004407821933317
Time Elapsed:  72.58502578735352
MLUPS: 1.500309448384513
Time Elapsed:  72.58377575874329
MLUPS: 1.500335286524167
Time Elapsed:  72.5776014328003
MLUPS: 1.500462923135186
Time Elapsed:  72.58039832115173
MLUPS: 1.5004051027405816
Time Elapsed:  72.5850043296814
MLUPS: 1.5003098919079174
Time Elapsed:  72.5774233341217
MLUPS: 1.5004666051405757
Time Elapsed:  72.57858920097351
MLUPS: 1.5004425023811196
Time Elapsed:  72.58538460731506
MLUPS: 1.500302031726442
Time Elapsed:  72.58376169204712
MLUPS: 1.500335577288384
Time Elapsed:  72.57853388786316
MLUPS: 1.500443645889224
Time Elapsed:  72.58533310890198
MLUPS: 1.5003030961725288
Time Elapsed:  72.58383083343506
MLUPS: 1.5003341481094195
Time Elapsed:  72.5775842666626
MLUPS: 1.5004632780264848
Time Elapsed:  72.58517861366272
MLUPS: 1.5003062895198516
Time Elapsed:  72.585045337677
Time Elapsed:  72.57739186286926
MLUPS: 1.500467255777945
Time Elapsed:  72.57769441604614
MLUPS: 1.500461000810235
Time Elapsed:  72.58530688285828
Time Elapsed:  72.5850293636322
MLUPS: 1.500309374463971
Time Elapsed:  72.57756018638611
MLUPS: 1.5004637758603954
Time Elapsed:  72.57872319221497
MLUPS: 1.5004397323385399
Time Elapsed:  72.58530807495117
MLUPS: 1.5003036136121441
Time Elapsed:  72.58390140533447
MLUPS: 1.5003326893640427
Time Elapsed:  72.57766151428223
MLUPS: 1.5004616810169622
Time Elapsed:  72.58538675308228
MLUPS: 1.5003019873745547
Time Elapsed:  72.58508157730103
MLUPS: 1.500308295224889
Time Elapsed:  72.57757925987244
MLUPS: 1.5004633815364787
Time Elapsed:  72.57871627807617
MLUPS: 1.5004398752764299
Time Elapsed:  72.58534860610962
MLUPS: 1.5003027758529457
Time Elapsed:  72.58395266532898
MLUPS: 1.5003316298041458
Time Elapsed:  72.5777633190155
Time Elapsed:  72.58536052703857
MLUPS: 1.5003025294533594
MLUPS: 1.5003090442856397
Time Elapsed:  72.57757639884949
MLUPS: 1.500463440685053
Time Elapsed:  72.57873678207397
MLUPS: 1.500439451391732
Time Elapsed:  72.58546161651611
MLUPS: 1.5003004399881212
Time Elapsed:  72.5840675830841
MLUPS: 1.5003292544241404
Time Elapsed:  72.58514451980591
MLUPS: 1.5003069942264158
Time Elapsed:  72.57759928703308
MLUPS: 1.5004629674965893
Time Elapsed:  72.57867288589478
MLUPS: 1.5004407723355335
Time Elapsed:  72.58538126945496
MLUPS: 1.5003021007182722
Time Elapsed:  72.5839855670929
MLUPS: 1.500330949715326
Time Elapsed:  72.57776093482971
MLUPS: 1.5004596256115614
MLUPS: 1.5003036382521349
Time Elapsed:  72.57789945602417
MLUPS: 1.500456761854672
Time Elapsed:  72.5854024887085
Time Elapsed:  72.58509016036987
MLUPS: 1.5003081178158733
Time Elapsed:  72.57852172851562
MLUPS: 1.5004438972640841
Time Elapsed:  72.58554196357727
MLUPS: 1.5002987792616465
Time Elapsed:  72.58406090736389
MLUPS: 1.5003293924128145
MLUPS: 1.500459576321333
MLUPS: 1.5003016621274596
Time Elapsed:  72.58514451980591
MLUPS: 1.5003069942264158
Time Elapsed:  72.57852339744568
MLUPS: 1.5004438627616474
Time Elapsed:  72.58557081222534
MLUPS: 1.5002981829779638
Time Elapsed:  72.57977485656738
MLUPS: 1.5004179913096847
Time Elapsed:  72.57786321640015
MLUPS: 1.5004575110636802
Time Elapsed:  72.58541774749756
MLUPS: 1.5003013467364719
Time Elapsed:  72.58040380477905
MLUPS: 1.5004049893813003
Time Elapsed:  72.57881045341492
MLUPS: 1.5004379283661313
Time Elapsed:  72.58547759056091
MLUPS: 1.500300109813722
Time Elapsed:  72.58412504196167
MLUPS: 1.5003280667369585
Time Elapsed:  72.57789015769958
Time Elapsed:  72.58553433418274
MLUPS: 1.500298936956584
Time Elapsed:  72.57878494262695
MLUPS: 1.5004384557565233
Time Elapsed:  72.58580994606018
MLUPS: 1.5002932402479983
MLUPS: 1.5004569540858594
Time Elapsed:  72.58557891845703
MLUPS: 1.500298015427262
Time Elapsed:  72.57881999015808
MLUPS: 1.5004377312109398
Time Elapsed:  72.58576035499573
MLUPS: 1.500294265258116
Time Elapsed:  72.57782673835754
MLUPS: 1.5004582652024507
Time Elapsed:  72.58558392524719
MLUPS: 1.5002979119400828
Time Elapsed:  72.57882332801819
MLUPS: 1.500437662206635
Time Elapsed:  72.58083868026733
MLUPS: 1.50039599955197
Time Elapsed:  72.57895112037659
MLUPS: 1.5004350203323102
Time Elapsed:  72.58570528030396
MLUPS: 1.5002954036123404
Time Elapsed:  72.57890701293945
MLUPS: 1.5004359321722107
Time Elapsed:  72.57979440689087
MLUPS: 1.5004175871523386

============================= JOB FEEDBACK =============================

NodeName=uc2n[202-203,231-232,238,243,248,252]
Job ID: 23138488
Cluster: uc2
User/Group: fr_rk311/fr_fr
State: COMPLETED (exit code 0)
Nodes: 8
Cores per node: 80
CPU Utilized: 05:16:26
CPU Efficiency: 27.47% of 19:12:00 core-walltime
Job Wall-clock time: 00:01:48
Memory Utilized: 4.96 GB
Memory Efficiency: 0.71% of 703.12 GB
