We have a maximum of 900 tasks at our disposition
In the case of equal size we divide the processes as 30 and 30
Time Elapsed:  58.645610094070435
MLUPS: 0.5524710195363098
Time Elapsed:  58.64570593833923
MLUPS: 0.5524701166367701
Time Elapsed:  58.64619731903076
MLUPS: 0.5524654876384656
Time Elapsed:  58.64506006240845
MLUPS: 0.5524762011586453
Time Elapsed:  58.64606761932373
MLUPS: 0.5524667094528992
Time Elapsed:  58.646292209625244
MLUPS: 0.5524645937408877
Time Elapsed:  58.64505696296692
MLUPS: 0.552476230357486
Time Elapsed:  58.64618182182312
MLUPS: 0.5524656336270383
Time Elapsed:  58.6450674533844
MLUPS: 0.5524761315306528
Time Elapsed:  58.64610505104065
MLUPS: 0.5524663568331052
Time Elapsed:  58.64518189430237
MLUPS: 0.5524750534220407
Time Elapsed:  58.646183252334595
MLUPS: 0.5524656201511667
Time Elapsed:  58.64617919921875
MLUPS: 0.5524656583328044
Time Elapsed:  58.64625597000122
MLUPS: 0.552464935128566
Time Elapsed:  58.64590096473694
MLUPS: 0.5524682794025404
Time Elapsed:  58.646294355392456
MLUPS: 0.5524645735271568
Time Elapsed:  58.645150661468506
MLUPS: 0.5524753476554319
Time Elapsed:  58.64601254463196
MLUPS: 0.5524672282764717
Time Elapsed:  58.64521360397339
MLUPS: 0.5524747546968574
Time Elapsed:  58.645219802856445
MLUPS: 0.5524746962994909
Time Elapsed:  58.646207332611084
MLUPS: 0.5524653933074288
Time Elapsed:  58.6459436416626
MLUPS: 0.5524678773688066
Time Elapsed:  58.64631509780884
MLUPS: 0.5524643781278347
Time Elapsed:  58.64572525024414
MLUPS: 0.5524699347096083
Time Elapsed:  58.64557933807373
MLUPS: 0.5524713092733549
Time Elapsed:  58.645167112350464
MLUPS: 0.5524751926774999
Time Elapsed:  58.64664816856384
MLUPS: 0.5524612405277624
Time Elapsed:  58.64612054824829
MLUPS: 0.5524662108441504
Time Elapsed:  58.64602303504944
MLUPS: 0.5524671294528588
Time Elapsed:  58.64622092247009
MLUPS: 0.5524652652867877
Time Elapsed:  58.64557886123657
MLUPS: 0.5524713137654044
Time Elapsed:  58.64560127258301
MLUPS: 0.5524711026391522
Time Elapsed:  58.645217418670654
MLUPS: 0.552474718760015
Time Elapsed:  58.646668672561646
MLUPS: 0.5524610473767391
Time Elapsed:  58.64636254310608
MLUPS: 0.5524639311804793
Time Elapsed:  58.645931005477905
MLUPS: 0.5524679964066668
Time Elapsed:  58.64647912979126
MLUPS: 0.5524628329058793
Time Elapsed:  58.64637613296509
MLUPS: 0.5524638031605158
Time Elapsed:  58.645689487457275
MLUPS: 0.5524702716118545
Time Elapsed:  58.64546012878418
MLUPS: 0.5524724322880287
Time Elapsed:  58.64500045776367
MLUPS: 0.5524767626753553
Time Elapsed:  58.64691972732544
MLUPS: 0.5524586824106267
Time Elapsed:  58.64688205718994
MLUPS: 0.552459037266549
Time Elapsed:  58.64639496803284
MLUPS: 0.5524636257294365
Time Elapsed:  58.64647841453552
MLUPS: 0.5524628396437469
Time Elapsed:  58.64604592323303
MLUPS: 0.5524669138378264
Time Elapsed:  58.64626884460449
MLUPS: 0.552464813846053
Time Elapsed:  58.64720416069031
MLUPS: 0.5524560030385366
Time Elapsed:  58.64634943008423
MLUPS: 0.5524640547085706
Time Elapsed:  58.64570927619934
MLUPS: 0.5524700851925608
Time Elapsed:  58.64558386802673
MLUPS: 0.5524712665988872
Time Elapsed:  58.645315170288086
MLUPS: 0.5524737978800233
Time Elapsed:  58.646875619888306
MLUPS: 0.5524590979065307
Time Elapsed:  58.64639687538147
MLUPS: 0.5524636077617386
Time Elapsed:  58.646130323410034
MLUPS: 0.5524661187588493
Time Elapsed:  58.645286321640015
MLUPS: 0.552474069651604
Time Elapsed:  58.64690661430359
MLUPS: 0.5524588059363706
Time Elapsed:  58.647221326828
MLUPS: 0.55245584133376
Time Elapsed:  58.64637589454651
MLUPS: 0.5524638054064797
Time Elapsed:  58.64570903778076
MLUPS: 0.5524700874385756
Time Elapsed:  58.645554304122925
MLUPS: 0.5524715451060577
Time Elapsed:  58.64739775657654
MLUPS: 0.5524541793734875
Time Elapsed:  58.64528679847717
MLUPS: 0.5524740651595096
Time Elapsed:  58.647093534469604
MLUPS: 0.552457045138256
Time Elapsed:  58.64691615104675
MLUPS: 0.5524587160994605
Time Elapsed:  58.64655041694641
MLUPS: 0.5524621613658925
Time Elapsed:  58.64623284339905
MLUPS: 0.5524651529880286
Time Elapsed:  58.64756488800049
MLUPS: 0.5524526050122357
Time Elapsed:  58.64736247062683
MLUPS: 0.5524545117647419
Time Elapsed:  58.647536754608154
MLUPS: 0.5524528700253418
Time Elapsed:  58.647040367126465
MLUPS: 0.5524575459763735
Time Elapsed:  58.64633750915527
MLUPS: 0.5524641670068832
Time Elapsed:  58.64648985862732
MLUPS: 0.5524627318378839
Time Elapsed:  58.64706754684448
MLUPS: 0.5524572899424242
Time Elapsed:  58.64648079872131
MLUPS: 0.5524628171841887
Time Elapsed:  58.64556813240051
MLUPS: 0.5524714148365397
Time Elapsed:  58.64578580856323
MLUPS: 0.5524693642227414
Time Elapsed:  58.647305488586426
MLUPS: 0.5524550485325449
Time Elapsed:  58.64539051055908
MLUPS: 0.5524730881307098
Time Elapsed:  58.64708185195923
MLUPS: 0.5524571551878094
Time Elapsed:  58.64789009094238
MLUPS: 0.5524495416588546
Time Elapsed:  58.6469886302948
MLUPS: 0.5524580333398976
Time Elapsed:  58.64753198623657
MLUPS: 0.5524529149428427
Time Elapsed:  58.64664912223816
MLUPS: 0.5524612315439907
Time Elapsed:  58.64959001541138
MLUPS: 0.552433529228188
Time Elapsed:  58.649547815322876
MLUPS: 0.5524339267204907
Time Elapsed:  58.64951205253601
MLUPS: 0.5524342635788224
Time Elapsed:  58.649651527404785
MLUPS: 0.5524329498336523
Time Elapsed:  58.646042823791504
MLUPS: 0.5524669430356856
Time Elapsed:  58.64870357513428
MLUPS: 0.5524418789324589
Time Elapsed:  58.64840030670166
MLUPS: 0.5524447355863806
Time Elapsed:  58.647550106048584
MLUPS: 0.5524527442563785
Time Elapsed:  58.64886116981506
MLUPS: 0.5524403944722354
Time Elapsed:  58.647292137145996
MLUPS: 0.5524551743025575
Time Elapsed:  58.64773511886597
MLUPS: 0.5524510014637799
Time Elapsed:  58.64714741706848
MLUPS: 0.5524565375633326
Time Elapsed:  58.64577865600586
MLUPS: 0.5524694316030186
Time Elapsed:  58.64822697639465
MLUPS: 0.5524463682941462
Time Elapsed:  58.64655303955078
MLUPS: 0.5524621366604392
Time Elapsed:  58.64720344543457
MLUPS: 0.5524560097762377
Time Elapsed:  58.64634323120117
MLUPS: 0.5524641131036874
Time Elapsed:  58.64563727378845
MLUPS: 0.552470763489872
Time Elapsed:  58.64549994468689
MLUPS: 0.5524720572006199
Time Elapsed:  58.64708352088928
MLUPS: 0.5524571394664419
Time Elapsed:  58.64517545700073
MLUPS: 0.5524751140655385
Time Elapsed:  58.64701437950134
MLUPS: 0.5524577907809854
Time Elapsed:  58.64795255661011
MLUPS: 0.5524489532473585
Time Elapsed:  58.647003412246704
MLUPS: 0.5524578940930887
Time Elapsed:  58.647536754608154
MLUPS: 0.5524528700253418
Time Elapsed:  58.646568298339844
MLUPS: 0.5524619929196637
Time Elapsed:  58.64751219749451
MLUPS: 0.5524531013505491
Time Elapsed:  58.65018320083618
MLUPS: 0.5524279419392857
Time Elapsed:  58.650113105773926
MLUPS: 0.5524286021676967
Time Elapsed:  58.64907360076904
MLUPS: 0.5524383934953604
Time Elapsed:  58.650251150131226
MLUPS: 0.5524273019234549
Time Elapsed:  58.650301694869995
MLUPS: 0.5524268258424654
Time Elapsed:  58.65036678314209
MLUPS: 0.5524262127771169
Time Elapsed:  58.65032649040222
MLUPS: 0.5524265922936008
Time Elapsed:  58.65022134780884
MLUPS: 0.55242758263197
Time Elapsed:  58.65037274360657
MLUPS: 0.5524261566356694
Time Elapsed:  58.650395154953
MLUPS: 0.5524259455439292
Time Elapsed:  58.650566816329956
MLUPS: 0.5524243286763758
Time Elapsed:  58.65050745010376
MLUPS: 0.5524248878420008
Time Elapsed:  58.65058660507202
MLUPS: 0.5524241422880857
Time Elapsed:  58.65032172203064
MLUPS: 0.5524266372068286
Time Elapsed:  58.65012264251709
MLUPS: 0.5524285123406093
Time Elapsed:  58.53461456298828
MLUPS: 0.5535186358002718
Time Elapsed:  58.64621543884277
MLUPS: 0.5524653169442322
Time Elapsed:  58.64874458312988
MLUPS: 0.5524414926576239
Time Elapsed:  58.647613286972046
MLUPS: 0.5524521491004531
Time Elapsed:  58.64754390716553
MLUPS: 0.5524528026491043
Time Elapsed:  58.64899468421936
MLUPS: 0.5524391368419796
Time Elapsed:  58.64735984802246
MLUPS: 0.5524545364695135
Time Elapsed:  58.64743900299072
MLUPS: 0.5524537908355686
Time Elapsed:  58.647207260131836
MLUPS: 0.5524559738418338
Time Elapsed:  58.64579725265503
MLUPS: 0.5524692564143321
Time Elapsed:  58.648521900177
MLUPS: 0.5524435902263074
Time Elapsed:  58.64823246002197
MLUPS: 0.5524463166402451
Time Elapsed:  58.64648699760437
MLUPS: 0.5524627587893456
Time Elapsed:  58.64705038070679
MLUPS: 0.5524574516480488
Time Elapsed:  58.64572072029114
MLUPS: 0.5524699773838699
Time Elapsed:  58.645535945892334
MLUPS: 0.5524717180501677
Time Elapsed:  58.6456196308136
MLUPS: 0.5524709296954274
Time Elapsed:  58.647501945495605
MLUPS: 0.5524531979232657
Time Elapsed:  58.64519190788269
MLUPS: 0.5524749590877375
Time Elapsed:  58.647216796875
MLUPS: 0.5524558840058447
Time Elapsed:  58.64772367477417
MLUPS: 0.5524511092650649
Time Elapsed:  58.647014141082764
MLUPS: 0.5524577930269003
Time Elapsed:  58.64720892906189
MLUPS: 0.5524559581205336
Time Elapsed:  58.64574074745178
MLUPS: 0.5524697887187623
Time Elapsed:  58.64750027656555
MLUPS: 0.552453213644409
Time Elapsed:  58.65065264701843
MLUPS: 0.5524235202461484
Time Elapsed:  58.65080428123474
MLUPS: 0.5524220920251958
Time Elapsed:  58.650752544403076
MLUPS: 0.5524225793261688
Time Elapsed:  58.65083694458008
MLUPS: 0.5524217843747936
Time Elapsed:  58.650771617889404
MLUPS: 0.5524223996759404
Time Elapsed:  58.65077543258667
MLUPS: 0.5524223637459087
Time Elapsed:  58.65070676803589
MLUPS: 0.5524230104871934
Time Elapsed:  58.650707960128784
MLUPS: 0.5524229992590333
Time Elapsed:  58.65111231803894
MLUPS: 0.5524191906934209
Time Elapsed:  58.65141487121582
MLUPS: 0.5524163410404078
Time Elapsed:  58.650784730911255
MLUPS: 0.5524222761664762
Time Elapsed:  58.6466109752655
MLUPS: 0.5524615908950793
Time Elapsed:  58.648752212524414
MLUPS: 0.5524414207925978
Time Elapsed:  58.64835453033447
MLUPS: 0.5524451667819916
Time Elapsed:  58.64743661880493
MLUPS: 0.5524538132943929
Time Elapsed:  58.64901924133301
MLUPS: 0.5524389055284668
Time Elapsed:  58.647465467453
MLUPS: 0.5524535415427407
Time Elapsed:  58.647584199905396
MLUPS: 0.5524524230966066
Time Elapsed:  58.647395849227905
MLUPS: 0.552454197340572
Time Elapsed:  58.64591336250305
MLUPS: 0.5524681626105574
Time Elapsed:  58.64853620529175
MLUPS: 0.5524434554783758
Time Elapsed:  58.648205518722534
MLUPS: 0.5524465704181998
Time Elapsed:  58.646628856658936
MLUPS: 0.5524614224491983
Time Elapsed:  58.6471962928772
MLUPS: 0.5524560771532574
Time Elapsed:  58.646557092666626
MLUPS: 0.5524620984792884
Time Elapsed:  58.645588397979736
MLUPS: 0.5524712239244263
Time Elapsed:  58.64563703536987
MLUPS: 0.5524707657358924
Time Elapsed:  58.64740800857544
MLUPS: 0.5524540828004277
Time Elapsed:  58.64539122581482
MLUPS: 0.5524730813925922
Time Elapsed:  58.64704990386963
MLUPS: 0.552457456139873
Time Elapsed:  58.64794182777405
MLUPS: 0.5524490543103127
Time Elapsed:  58.646995067596436
MLUPS: 0.5524579727001496
Time Elapsed:  58.64729619026184
MLUPS: 0.552455136122369
Time Elapsed:  58.64675831794739
MLUPS: 0.5524602029040842
Time Elapsed:  58.64745354652405
MLUPS: 0.5524536538367795
Time Elapsed:  58.651577949523926
MLUPS: 0.5524148050694174
Time Elapsed:  58.65202283859253
MLUPS: 0.552410614876203
Time Elapsed:  58.65233755111694
MLUPS: 0.5524076507907738
Time Elapsed:  58.65211796760559
MLUPS: 0.5524097189106622
Time Elapsed:  58.65159320831299
MLUPS: 0.5524146613532706
Time Elapsed:  58.64653706550598
MLUPS: 0.5524622871391437
Time Elapsed:  58.64742350578308
MLUPS: 0.5524539368179595
Time Elapsed:  58.64647364616394
MLUPS: 0.5524628845628689
Time Elapsed:  58.64871954917908
MLUPS: 0.5524417284648716
Time Elapsed:  58.6486029624939
MLUPS: 0.5524428266555638
Time Elapsed:  58.647449016571045
MLUPS: 0.552453696508526
Time Elapsed:  58.649005651474
MLUPS: 0.5524390335368918
Time Elapsed:  58.647462368011475
MLUPS: 0.5524535707391863
Time Elapsed:  58.647653341293335
MLUPS: 0.5524517717947194
Time Elapsed:  58.64725589752197
MLUPS: 0.5524555156785946
Time Elapsed:  58.64631414413452
MLUPS: 0.5524643871117085
Time Elapsed:  58.64845538139343
MLUPS: 0.5524442168050532
Time Elapsed:  58.648269176483154
MLUPS: 0.552445970783939
Time Elapsed:  58.64581298828125
MLUPS: 0.5524691081778378
Time Elapsed:  58.647332191467285
MLUPS: 0.5524547969926915
Time Elapsed:  58.64651656150818
MLUPS: 0.5524624802910338
Time Elapsed:  58.64557504653931
MLUPS: 0.5524713497018039
Time Elapsed:  58.64561176300049
MLUPS: 0.5524710038141534
Time Elapsed:  58.64758610725403
MLUPS: 0.5524524051296374
Time Elapsed:  58.645118951797485
MLUPS: 0.5524756463812567
Time Elapsed:  58.64702582359314
MLUPS: 0.552457682977093
Time Elapsed:  58.64791941642761
MLUPS: 0.5524492654197137
Time Elapsed:  58.646973609924316
MLUPS: 0.5524581748326947
Time Elapsed:  58.64721703529358
MLUPS: 0.5524558817599453
Time Elapsed:  58.64636754989624
MLUPS: 0.5524638840152227
Time Elapsed:  58.649203300476074
MLUPS: 0.5524371718061684
Time Elapsed:  58.64858961105347
MLUPS: 0.5524429524200116
Time Elapsed:  58.64743232727051
MLUPS: 0.5524538537202814
Time Elapsed:  58.64934039115906
MLUPS: 0.5524358805045326
Time Elapsed:  58.647438287734985
MLUPS: 0.5524537975732157
Time Elapsed:  58.64764881134033
MLUPS: 0.5524518144661754
Time Elapsed:  58.64736080169678
MLUPS: 0.5524545274859599
Time Elapsed:  58.6458637714386
MLUPS: 0.5524686297787855
Time Elapsed:  58.64846587181091
MLUPS: 0.5524441179896727
Time Elapsed:  58.648404359817505
MLUPS: 0.5524446974076349
Time Elapsed:  58.64687705039978
MLUPS: 0.552459084430978
Time Elapsed:  58.6473069190979
MLUPS: 0.5524550350571897
Time Elapsed:  58.64650630950928
MLUPS: 0.5524625768670295
Time Elapsed:  58.645572900772095
MLUPS: 0.5524713699160305
Time Elapsed:  58.64547777175903
MLUPS: 0.552472266081569
Time Elapsed:  58.64737868309021
MLUPS: 0.5524543590443862
Time Elapsed:  58.6453423500061
MLUPS: 0.55247354183101
Time Elapsed:  58.64718174934387
MLUPS: 0.5524562141532484
Time Elapsed:  58.64811849594116
MLUPS: 0.5524473901450444
Time Elapsed:  58.64701008796692
MLUPS: 0.5524578312074561
Time Elapsed:  58.647345781326294
MLUPS: 0.5524546689769612
Time Elapsed:  58.64656710624695
MLUPS: 0.5524620041494092
Time Elapsed:  58.6476469039917
MLUPS: 0.5524518324331061
Time Elapsed:  58.64669728279114
MLUPS: 0.5524607778639091
Time Elapsed:  58.64926600456238
MLUPS: 0.5524365811752798
Time Elapsed:  58.64882278442383
MLUPS: 0.5524407560419936
Time Elapsed:  58.64747071266174
MLUPS: 0.5524534921333781
Time Elapsed:  58.64952063560486
MLUPS: 0.5524341827327853
Time Elapsed:  58.647499322891235
MLUPS: 0.5524532226279196
Time Elapsed:  58.6480233669281
MLUPS: 0.5524482862327892
Time Elapsed:  58.64752769470215
MLUPS: 0.5524529553685997
Time Elapsed:  58.64620113372803
MLUPS: 0.5524654517028288
Time Elapsed:  58.64905571937561
MLUPS: 0.5524385619271985
Time Elapsed:  58.648536682128906
MLUPS: 0.5524434509867792
Time Elapsed:  58.64647936820984
MLUPS: 0.5524628306599234
Time Elapsed:  58.64732789993286
MLUPS: 0.5524548374187239
Time Elapsed:  58.64673042297363
MLUPS: 0.5524604656785432
Time Elapsed:  58.64551854133606
MLUPS: 0.5524718820102681
Time Elapsed:  58.64578890800476
MLUPS: 0.5524693350246264
Time Elapsed:  58.64739227294922
MLUPS: 0.5524542310288589
Time Elapsed:  58.645495653152466
MLUPS: 0.5524720976291783
Time Elapsed:  58.646995306015015
MLUPS: 0.5524579704542333
Time Elapsed:  58.64798069000244
MLUPS: 0.5524486882380102
Time Elapsed:  58.64697027206421
MLUPS: 0.5524582062755483
Time Elapsed:  58.64767813682556
MLUPS: 0.5524515382247616
Time Elapsed:  58.64643955230713
MLUPS: 0.552463205734804
Time Elapsed:  58.647533655166626
MLUPS: 0.5524528992217166
Time Elapsed:  58.64669680595398
MLUPS: 0.5524607823557874
Time Elapsed:  58.64918661117554
MLUPS: 0.5524373290085188
Time Elapsed:  58.64865589141846
MLUPS: 0.5524423280899231
Time Elapsed:  58.647374629974365
MLUPS: 0.5524543972244672
Time Elapsed:  58.64945602416992
MLUPS: 0.5524347913243679
Time Elapsed:  58.647416830062866
MLUPS: 0.5524539997027056
Time Elapsed:  58.64791417121887
MLUPS: 0.5524493148283203
Time Elapsed:  58.64757537841797
MLUPS: 0.5524525061938544
Time Elapsed:  58.64608979225159
MLUPS: 0.5524665005761517
Time Elapsed:  58.64903259277344
MLUPS: 0.5524387797658615
Time Elapsed:  58.64853596687317
MLUPS: 0.552443457724174
Time Elapsed:  58.64678978919983
MLUPS: 0.552459906440892
Time Elapsed:  58.647331953048706
MLUPS: 0.552454799238582
Time Elapsed:  58.64670538902283
MLUPS: 0.5524607015019884
Time Elapsed:  58.645628690719604
MLUPS: 0.5524708443466162
Time Elapsed:  58.64620518684387
MLUPS: 0.5524654135212197
Time Elapsed:  58.64743423461914
MLUPS: 0.552453835753219
Time Elapsed:  58.64537954330444
MLUPS: 0.5524731914485344
Time Elapsed:  58.64703321456909
MLUPS: 0.552457613353768
Time Elapsed:  58.64813804626465
MLUPS: 0.5524472059870209
Time Elapsed:  58.646974325180054
MLUPS: 0.5524581680949409
Time Elapsed:  58.64781737327576
MLUPS: 0.552450226643282
Time Elapsed:  58.646464824676514
MLUPS: 0.5524629676632637
Time Elapsed:  58.647886991500854
MLUPS: 0.5524495708548774
Time Elapsed:  58.646777868270874
MLUPS: 0.5524600187375184
Time Elapsed:  58.64923429489136
MLUPS: 0.5524368798591834
Time Elapsed:  58.64861178398132
MLUPS: 0.5524427435612278
Time Elapsed:  58.64749050140381
MLUPS: 0.5524533057254081
Time Elapsed:  58.64962601661682
Time Elapsed:  58.64733362197876
MLUPS: 0.5524547835173487
Time Elapsed:  58.64797353744507
MLUPS: 0.5524487556132441
Time Elapsed:  58.64721918106079
MLUPS: 0.5524558615468519
Time Elapsed:  58.64647078514099
MLUPS: 0.5524629115143456
Time Elapsed:  58.649051904678345
MLUPS: 0.5524385978593374
Time Elapsed:  58.648444175720215
MLUPS: 0.552444322357885
Time Elapsed:  58.6465208530426
MLUPS: 0.5524624398638829
Time Elapsed:  58.64725351333618
MLUPS: 0.5524555381375592
Time Elapsed:  58.646671533584595
MLUPS: 0.5524610204254442
Time Elapsed:  58.645896196365356
MLUPS: 0.552468324322547
Time Elapsed:  58.64586043357849
MLUPS: 0.5524686612228292
Time Elapsed:  58.64751172065735
MLUPS: 0.5524531058423027
Time Elapsed:  58.64550471305847
MLUPS: 0.5524720122800062
Time Elapsed:  58.646979331970215
MLUPS: 0.5524581209306682
Time Elapsed:  58.64820599555969
MLUPS: 0.5524465659265525
Time Elapsed:  58.64693832397461
MLUPS: 0.5524585072287571
Time Elapsed:  58.647934436798096
MLUPS: 0.5524491239314803
Time Elapsed:  58.64656162261963
MLUPS: 0.5524620558062437
Time Elapsed:  58.64790415763855
MLUPS: 0.5524494091538663
Time Elapsed:  58.64961218833923
MLUPS: 0.5524333203765293
Time Elapsed:  58.64749264717102
MLUPS: 0.5524532855125032
Time Elapsed:  58.648178577423096
MLUPS: 0.5524468241963876
Time Elapsed:  58.64739990234375
MLUPS: 0.5524541591605187
Time Elapsed:  58.64615869522095
MLUPS: 0.5524658514870517
Time Elapsed:  58.64905786514282
Time Elapsed:  58.648863792419434
MLUPS: 0.5524403697687288
Time Elapsed:  58.646798849105835
MLUPS: 0.5524598210954866
Time Elapsed:  58.647355794906616
MLUPS: 0.5524545746496189
Time Elapsed:  58.64672017097473
Time Elapsed:  58.64579510688782
MLUPS: 0.5524692766284055
Time Elapsed:  58.64594078063965
MLUPS: 0.5524679043207705
Time Elapsed:  58.6473114490509
MLUPS: 0.5524549923852363
Time Elapsed:  58.64530038833618
Time Elapsed:  58.64714980125427
MLUPS: 0.5524565151042867
Time Elapsed:  58.648131132125854
MLUPS: 0.552447271116064
Time Elapsed:  58.64700961112976
MLUPS: 0.5524578356992864
Time Elapsed:  58.647764921188354
MLUPS: 0.5524507207314643
Time Elapsed:  58.64657115936279
MLUPS: 0.5524619659682766
Time Elapsed:  58.64781641960144
MLUPS: 0.5524502356266956
Time Elapsed:  58.646464109420776
MLUPS: 0.5524629744011348
Time Elapsed:  58.649397134780884
MLUPS: 0.5524353460197089
Time Elapsed:  58.64865493774414
MLUPS: 0.5524423370730799
Time Elapsed:  58.64744329452515
MLUPS: 0.5524537504096892
Time Elapsed:  58.6465220451355
MLUPS: 0.5524624286341197
Time Elapsed:  58.64944124221802
MLUPS: 0.552434930559531
Time Elapsed:  58.64872717857361
MLUPS: 0.5524416565997844
Time Elapsed:  58.64744973182678
MLUPS: 0.5524536897708814
MLUPS: 0.5524331901250371
Time Elapsed:  58.64778280258179
MLUPS: 0.5524505522922121
Time Elapsed:  58.64790320396423
Time Elapsed:  58.647427558898926
MLUPS: 0.5524538986379421
Time Elapsed:  58.64616584777832
MLUPS: 0.5524657841076477
MLUPS: 0.5524385417153724
Time Elapsed:  58.64883494377136
MLUPS: 0.5524406415074227
Time Elapsed:  58.64677596092224
MLUPS: 0.5524600367049828
Time Elapsed:  58.647382974624634
MLUPS: 0.5524543186184238
MLUPS: 0.5524605622538346
Time Elapsed:  58.64580011367798
MLUPS: 0.5524692294622363
Time Elapsed:  58.645979166030884
MLUPS: 0.5524675427154746
Time Elapsed:  58.64732551574707
MLUPS: 0.5524548598776334
Time Elapsed:  58.64573955535889
MLUPS: 0.5524697999488247
Time Elapsed:  58.64698839187622
MLUPS: 0.5524580355858145
Time Elapsed:  58.64839005470276
Time Elapsed:  58.64702248573303
MLUPS: 0.5524577144198906
Time Elapsed:  58.647822856903076
MLUPS: 0.5524501749886593
Time Elapsed:  58.646745920181274
MLUPS: 0.5524603196927018
Time Elapsed:  58.64788508415222
MLUPS: 0.5524495888216624
Time Elapsed:  58.646867513656616
MLUPS: 0.5524591742680081
Time Elapsed:  58.649516105651855
MLUPS: 0.5524342254015242
Time Elapsed:  58.64894461631775
MLUPS: 0.5524396084526546
Time Elapsed:  58.64742565155029
MLUPS: 0.5524539166050084
Time Elapsed:  58.64967393875122
MLUPS: 0.5524327387367205
Time Elapsed:  58.64780116081238
MLUPS: 0.552450379361353
Time Elapsed:  58.648011445999146
MLUPS: 0.5524483985246915
Time Elapsed:  58.647481203079224
MLUPS: 0.5524533933146795
Time Elapsed:  58.64592146873474
MLUPS: 0.5524680862465953
Time Elapsed:  58.64915156364441
MLUPS: 0.5524376591337461
Time Elapsed:  58.648725748062134
MLUPS: 0.5524416700744867
Time Elapsed:  58.646992206573486
MLUPS: 0.5524579996511471
Time Elapsed:  58.647258043289185
MLUPS: 0.552455495465528
Time Elapsed:  58.6469190120697
MLUPS: 0.5524586891483931
Time Elapsed:  58.64583134651184
MLUPS: 0.5524689352353618
Time Elapsed:  58.64598202705383
MLUPS: 0.552467515763546
Time Elapsed:  58.64743137359619
MLUPS: 0.5524538627038129
MLUPS: 0.5524739371348494
Time Elapsed:  58.64698600769043
MLUPS: 0.5524580580449839
Time Elapsed:  58.648311614990234
MLUPS: 0.5524455710284882
Time Elapsed:  58.64702558517456
MLUPS: 0.5524576852230069
Time Elapsed:  58.64786219596863
MLUPS: 0.5524498044231718
Time Elapsed:  58.646913290023804
MLUPS: 0.5524587430505304
Time Elapsed:  58.64794063568115
MLUPS: 0.552449065539532
Time Elapsed:  58.64652442932129
MLUPS: 0.5524624061745949
Time Elapsed:  58.649498462677
MLUPS: 0.5524343915850961
Time Elapsed:  58.64875340461731
MLUPS: 0.5524414095636891
Time Elapsed:  58.6474814414978
MLUPS: 0.5524533910688003
Time Elapsed:  58.649752616882324
Time Elapsed:  58.64779615402222
MLUPS: 0.5524504265243039
Time Elapsed:  58.6480712890625
MLUPS: 0.5524478348198024
Time Elapsed:  58.647600173950195
MLUPS: 0.5524522726232757
Time Elapsed:  58.64618945121765
MLUPS: 0.5524655617557312
Time Elapsed:  58.64919185638428
MLUPS: 0.5524372796020562
Time Elapsed:  58.64901256561279
MLUPS: 0.552438968409791
Time Elapsed:  58.64653563499451
MLUPS: 0.5524623006148526
Time Elapsed:  58.64727520942688
MLUPS: 0.5524553337610486
Time Elapsed:  58.64678072929382
MLUPS: 0.5524599917863239
Time Elapsed:  58.645811319351196
MLUPS: 0.5524691238998864
Time Elapsed:  58.64558243751526
MLUPS: 0.5524712800750342
Time Elapsed:  58.64751100540161
MLUPS: 0.552453112579933
Time Elapsed:  58.64551019668579
MLUPS: 0.5524719606213095
Time Elapsed:  58.647002935409546
MLUPS: 0.5524578985849201
Time Elapsed:  58.647745847702026
MLUPS: 0.5524509004001135
Time Elapsed:  58.647002935409546
MLUPS: 0.5524578985849201
Time Elapsed:  58.64789938926697
MLUPS: 0.5524494540708044
Time Elapsed:  58.64703011512756
MLUPS: 0.552457642550644
Time Elapsed:  58.64784598350525
MLUPS: 0.5524499571410095
Time Elapsed:  58.64672088623047
MLUPS: 0.5524605555160224
Time Elapsed:  58.64870762825012
MLUPS: 0.5524418407541082
Time Elapsed:  58.64888882637024
MLUPS: 0.5524401339626408
Time Elapsed:  58.647427797317505
MLUPS: 0.5524538963920589
Time Elapsed:  58.64931392669678
MLUPS: 0.5524361297814216
Time Elapsed:  58.64763832092285
MLUPS: 0.5524519132843092
MLUPS: 0.5524494181372533
Time Elapsed:  58.64743781089783
MLUPS: 0.5524538020649805
Time Elapsed:  58.646358489990234
MLUPS: 0.5524639693618835
Time Elapsed:  58.64926791191101
MLUPS: 0.552436563209341
Time Elapsed:  58.6491334438324
MLUPS: 0.552437829810889
Time Elapsed:  58.646567821502686
MLUPS: 0.5524619974115618
Time Elapsed:  58.64722537994385
MLUPS: 0.5524558031534793
Time Elapsed:  58.646825551986694
Time Elapsed:  58.64587211608887
MLUPS: 0.5524685511686919
Time Elapsed:  58.64564538002014
MLUPS: 0.5524706871251909
Time Elapsed:  58.64743709564209
MLUPS: 0.5524538088026278
Time Elapsed:  58.645530462265015
MLUPS: 0.5524717697088188
Time Elapsed:  58.64710187911987
MLUPS: 0.5524569665314591
MLUPS: 0.5524448321561725
Time Elapsed:  58.64701867103577
MLUPS: 0.5524577503545208
Time Elapsed:  58.64750337600708
MLUPS: 0.552453184448001
Time Elapsed:  58.6456241607666
MLUPS: 0.5524708870210185
Time Elapsed:  58.64792847633362
MLUPS: 0.552449180077596
Time Elapsed:  58.64692449569702
MLUPS: 0.552458637492188
Time Elapsed:  58.649561166763306
MLUPS: 0.5524338009601523
Time Elapsed:  58.64878582954407
MLUPS: 0.5524411041375497
Time Elapsed:  58.64739656448364
MLUPS: 0.5524541906029152
MLUPS: 0.5524319976530244
Time Elapsed:  58.64765477180481
MLUPS: 0.5524517583195242
Time Elapsed:  58.64810657501221
MLUPS: 0.5524475024365824
Time Elapsed:  58.64734864234924
MLUPS: 0.5524546420262887
Time Elapsed:  58.64602875709534
MLUPS: 0.5524670755490849
Time Elapsed:  58.64931654930115
Time Elapsed:  58.64897847175598
MLUPS: 0.5524392895539195
Time Elapsed:  58.64653563499451
MLUPS: 0.5524623006148526
Time Elapsed:  58.64737939834595
MLUPS: 0.5524543523067253
Time Elapsed:  58.6467924118042
MLUPS: 0.5524598817356403
Time Elapsed:  58.64579772949219
MLUPS: 0.5524692519223159
Time Elapsed:  58.64575219154358
MLUPS: 0.5524696809101873
Time Elapsed:  58.6474928855896
MLUPS: 0.5524532832666249
Time Elapsed:  58.64549732208252
Time Elapsed:  58.64698076248169
MLUPS: 0.5524581074551632
Time Elapsed:  58.6483359336853
MLUPS: 0.5524453419554008
Time Elapsed:  58.64708614349365
MLUPS: 0.5524571147614378
Time Elapsed:  58.647820711135864
MLUPS: 0.5524501952013366
Time Elapsed:  58.646613121032715
MLUPS: 0.5524615706815682
Time Elapsed:  58.64794588088989
MLUPS: 0.5524490161309701
Time Elapsed:  58.64649486541748
MLUPS: 0.552462684672832
Time Elapsed:  58.649625062942505
MLUPS: 0.5524331991078967
Time Elapsed:  58.64887857437134
MLUPS: 0.5524402305308239
Time Elapsed:  58.647480487823486
MLUPS: 0.5524534000523169
Time Elapsed:  58.649829387664795
MLUPS: 0.5524312745369103
Time Elapsed:  58.6476354598999
MLUPS: 0.5524519402347154
Time Elapsed:  58.648091316223145
MLUPS: 0.5524476461698177
Time Elapsed:  58.64751315116882
MLUPS: 0.5524530923670423
Time Elapsed:  58.64608073234558
MLUPS: 0.5524665859236207
Time Elapsed:  58.64937114715576
Time Elapsed:  58.649200201034546
MLUPS: 0.5524372010008838
Time Elapsed:  58.64652752876282
MLUPS: 0.5524623769772153
Time Elapsed:  58.64727783203125
MLUPS: 0.5524553090562059
Time Elapsed:  58.64692449569702
MLUPS: 0.552458637492188
Time Elapsed:  58.64584183692932
MLUPS: 0.5524688364111384
Time Elapsed:  58.64610266685486
MLUPS: 0.5524663792929513
Time Elapsed:  58.647560834884644
MLUPS: 0.5524526431920744
Time Elapsed:  58.64573287963867
MLUPS: 0.5524698628371821
Time Elapsed:  58.646963119506836
MLUPS: 0.5524582736531038
Time Elapsed:  58.64826846122742
MLUPS: 0.5524459775213953
Time Elapsed:  58.646536111831665
MLUPS: 0.5524622961229496
Time Elapsed:  58.647950887680054
MLUPS: 0.5524489689682601
Time Elapsed:  58.646653175354004
MLUPS: 0.5524611933629652
Time Elapsed:  58.64795112609863
MLUPS: 0.552448966722417
Time Elapsed:  58.64666748046875
MLUPS: 0.552461058606446
Time Elapsed:  58.6494722366333
MLUPS: 0.5524346386149148
Time Elapsed:  58.64876675605774
MLUPS: 0.5524412837999437
Time Elapsed:  58.64735984802246
MLUPS: 0.5524545364695135
Time Elapsed:  58.649821519851685
MLUPS: 0.5524313486449964
Time Elapsed:  58.64763069152832
MLUPS: 0.5524519851520651
Time Elapsed:  58.64814043045044
MLUPS: 0.5524471835287337
Time Elapsed:  58.64747452735901
MLUPS: 0.5524534561993019
Time Elapsed:  58.64620089530945
MLUPS: 0.552465453948806
MLUPS: 0.5524361050782965
Time Elapsed:  58.64906072616577
MLUPS: 0.5524385147662735
Time Elapsed:  58.64649415016174
MLUPS: 0.5524626914106961
Time Elapsed:  58.64728617668152
MLUPS: 0.5524552304499031
MLUPS: 0.5524595695512872
Time Elapsed:  58.645843267440796
MLUPS: 0.5524688229351107
Time Elapsed:  58.64584541320801
MLUPS: 0.5524688027210702
Time Elapsed:  58.64773392677307
MLUPS: 0.5524510126930785
Time Elapsed:  58.645796060562134
MLUPS: 0.5524692676443727
Time Elapsed:  58.647008657455444
MLUPS: 0.5524578446829475
Time Elapsed:  58.64824318885803
MLUPS: 0.5524462155782928
Time Elapsed:  58.64711284637451
MLUPS: 0.5524568632197029
Time Elapsed:  58.64796590805054
MLUPS: 0.5524488274801784
Time Elapsed:  58.646734952926636
MLUPS: 0.5524604230057507
Time Elapsed:  58.64795422554016
MLUPS: 0.552448937526458
Time Elapsed:  58.647252321243286
MLUPS: 0.5524555493670421
Time Elapsed:  58.646892786026
MLUPS: 0.5524589361999424
Time Elapsed:  58.645833253860474
MLUPS: 0.5524689172673186
Time Elapsed:  58.64610314369202
MLUPS: 0.5524663748009819
Time Elapsed:  58.64761567115784
MLUPS: 0.5524521266417642
MLUPS: 0.5524720819069604
Time Elapsed:  58.64702534675598
MLUPS: 0.552457687468921
Time Elapsed:  58.64843416213989
MLUPS: 0.5524444166817263
Time Elapsed:  58.64709663391113
MLUPS: 0.5524570159414431
Time Elapsed:  58.647748947143555
MLUPS: 0.55245087120395
Time Elapsed:  58.645771503448486
MLUPS: 0.5524694989833123
Time Elapsed:  58.64796018600464
MLUPS: 0.5524488813803915
Time Elapsed:  58.64674997329712
MLUPS: 0.5524602815118022
Time Elapsed:  58.64962816238403
MLUPS: 0.5524331699136041
Time Elapsed:  58.64873814582825
MLUPS: 0.552441553293754
Time Elapsed:  58.64742922782898
MLUPS: 0.55245388291676
Time Elapsed:  58.64991354942322
MLUPS: 0.5524304818062027
Time Elapsed:  58.64788508415222
MLUPS: 0.5524495888216624
Time Elapsed:  58.64806580543518
MLUPS: 0.5524478864739875
Time Elapsed:  58.647557973861694
MLUPS: 0.5524526701425518
Time Elapsed:  58.6461706161499
MLUPS: 0.5524657391880542
MLUPS: 0.5524355908046469
Time Elapsed:  58.64903950691223
MLUPS: 0.5524387146388207
Time Elapsed:  58.64691948890686
MLUPS: 0.5524586846565488
Time Elapsed:  58.64704370498657
MLUPS: 0.5524575145335949
Time Elapsed:  58.64953660964966
MLUPS: 0.5524340322693906
Time Elapsed:  58.64875316619873
MLUPS: 0.5524414118094708
Time Elapsed:  58.64760112762451
MLUPS: 0.5524522636397957
Time Elapsed:  58.64980411529541
MLUPS: 0.5524315125811364
Time Elapsed:  58.647921085357666
MLUPS: 0.5524492496987953
Time Elapsed:  58.647881269454956
MLUPS: 0.5524496247552356
Time Elapsed:  58.64753580093384
MLUPS: 0.5524528790088414
Time Elapsed:  58.64589715003967
MLUPS: 0.5524683153385451
Time Elapsed:  58.64948558807373
MLUPS: 0.5524345128542523
Time Elapsed:  58.64922738075256
MLUPS: 0.5524369449857918
Time Elapsed:  58.64659261703491
MLUPS: 0.5524617638329574
Time Elapsed:  58.64728140830994
MLUPS: 0.5524552753677877
Time Elapsed:  58.646891593933105
MLUPS: 0.5524589474295635
Time Elapsed:  58.64577674865723
MLUPS: 0.5524694495710955
Time Elapsed:  58.64613604545593
MLUPS: 0.5524660648552726
Time Elapsed:  58.64768981933594
MLUPS: 0.552451428177446
Time Elapsed:  58.645599126815796
Time Elapsed:  58.64700484275818
MLUPS: 0.5524578806175948
Time Elapsed:  58.648181200027466
MLUPS: 0.5524467994923059
Time Elapsed:  58.647050857543945
MLUPS: 0.5524574471562246
Time Elapsed:  58.64775466918945
MLUPS: 0.5524508173033487
Time Elapsed:  58.64694595336914
MLUPS: 0.5524584353593043
Time Elapsed:  58.647881746292114
MLUPS: 0.5524496202635387
Time Elapsed:  58.64687538146973
MLUPS: 0.5524591001524563
Time Elapsed:  58.64970898628235
MLUPS: 0.5524324086173739
Time Elapsed:  58.64875626564026
MLUPS: 0.5524413826143104
Time Elapsed:  58.64740228652954
MLUPS: 0.5524541367016662
Time Elapsed:  58.64984703063965
MLUPS: 0.5524311083552137
Time Elapsed:  58.64777374267578
MLUPS: 0.5524506376347537
Time Elapsed:  58.64811587333679
MLUPS: 0.5524474148491789
Time Elapsed:  58.64740586280823
MLUPS: 0.5524541030133909
Time Elapsed:  58.646371603012085
MLUPS: 0.5524638458338305
Time Elapsed:  58.649744749069214
MLUPS: 0.5524320717613046
Time Elapsed:  58.64887762069702
MLUPS: 0.5524402395139123
Time Elapsed:  58.6466326713562
MLUPS: 0.5524613865140904
Time Elapsed:  58.64723014831543
MLUPS: 0.552455758235509
Time Elapsed:  58.64701581001282
MLUPS: 0.5524577773054966
Time Elapsed:  58.64599800109863
MLUPS: 0.5524673652819931
Time Elapsed:  58.646390199661255
MLUPS: 0.5524636706486864
Time Elapsed:  58.64765691757202
MLUPS: 0.5524517381067326
Time Elapsed:  58.645527839660645
MLUPS: 0.5524717944151337
Time Elapsed:  58.64697599411011
MLUPS: 0.5524581523735158
Time Elapsed:  58.64823389053345
MLUPS: 0.552446303165316
Time Elapsed:  58.64709138870239
MLUPS: 0.552457065351436
Time Elapsed:  58.64788556098938
MLUPS: 0.5524495843299659
Time Elapsed:  58.6467342376709
MLUPS: 0.5524604297435597
Time Elapsed:  58.6479766368866
MLUPS: 0.5524487264173074
Time Elapsed:  58.647180795669556
MLUPS: 0.5524562231368568
Time Elapsed:  58.64702820777893
MLUPS: 0.5524576605179539
Time Elapsed:  58.645941495895386
MLUPS: 0.5524678975827793
Time Elapsed:  58.64624071121216
MLUPS: 0.5524650788708725
Time Elapsed:  58.647663593292236
MLUPS: 0.5524516752225014
MLUPS: 0.5524711228533609
Time Elapsed:  58.647189140319824
MLUPS: 0.5524561445302937
Time Elapsed:  58.648266077041626
MLUPS: 0.5524459999795844
Time Elapsed:  58.647008419036865
MLUPS: 0.5524578469288629
Time Elapsed:  58.64766573905945
MLUPS: 0.5524516550097158
Time Elapsed:  58.64657115936279
MLUPS: 0.5524619659682766
Time Elapsed:  58.64790964126587
MLUPS: 0.5524493574993966
Time Elapsed:  58.647053718566895
MLUPS: 0.552457420205281
Time Elapsed:  58.64958572387695
MLUPS: 0.5524335696511079
Time Elapsed:  58.64892363548279
MLUPS: 0.5524398060802244
Time Elapsed:  58.647568702697754
MLUPS: 0.5524525690782749
Time Elapsed:  58.6498818397522
MLUPS: 0.5524307804835109
Time Elapsed:  58.64794397354126
MLUPS: 0.5524490340977188
Time Elapsed:  58.648189544677734
MLUPS: 0.5524467208884245
Time Elapsed:  58.64752745628357
MLUPS: 0.5524529576144753
Time Elapsed:  58.64606595039368
MLUPS: 0.5524667251748113
Time Elapsed:  58.649611711502075
MLUPS: 0.5524333248679612
Time Elapsed:  58.64910578727722
Time Elapsed:  58.64662146568298
MLUPS: 0.5524614920734834
Time Elapsed:  58.64713454246521
MLUPS: 0.5524566588422118
Time Elapsed:  58.64970803260803
MLUPS: 0.5524324176002081
Time Elapsed:  58.64901781082153
MLUPS: 0.5524389190030351
Time Elapsed:  58.64759373664856
MLUPS: 0.5524523332617723
Time Elapsed:  58.64991307258606
MLUPS: 0.5524304862975883
Time Elapsed:  58.647857666015625
MLUPS: 0.5524498470943239
Time Elapsed:  58.648125886917114
MLUPS: 0.5524473205243137
Time Elapsed:  58.647541522979736
MLUPS: 0.5524528251078484
Time Elapsed:  58.64646935462952
MLUPS: 0.552462924990085
Time Elapsed:  58.64967751502991
Time Elapsed:  58.648945331573486
MLUPS: 0.5524396017153536
Time Elapsed:  58.64690327644348
MLUPS: 0.5524588373792962
Time Elapsed:  58.647263526916504
MLUPS: 0.5524554438099201
Time Elapsed:  58.64704179763794
MLUPS: 0.5524575325008965
Time Elapsed:  58.64578175544739
MLUPS: 0.5524694024048965
Time Elapsed:  58.64632987976074
MLUPS: 0.5524642388778273
Time Elapsed:  58.6475555896759
MLUPS: 0.552452692601285
Time Elapsed:  58.64576506614685
MLUPS: 0.5524695596255906
Time Elapsed:  58.647345304489136
MLUPS: 0.5524546734687402
Time Elapsed:  58.64835739135742
MLUPS: 0.5524451398322462
Time Elapsed:  58.64707279205322
MLUPS: 0.5524572405323911
Time Elapsed:  58.64776849746704
MLUPS: 0.5524506870436057
Time Elapsed:  58.64691925048828
MLUPS: 0.5524586869024709
Time Elapsed:  58.64793801307678
MLUPS: 0.5524490902438163
Time Elapsed:  58.647615909576416
MLUPS: 0.5524521243958953
Time Elapsed:  58.64969444274902
MLUPS: 0.5524325456056263
Time Elapsed:  58.64888072013855
MLUPS: 0.5524402103188758
Time Elapsed:  58.647552251815796
MLUPS: 0.5524527240435146
Time Elapsed:  58.64971137046814
MLUPS: 0.5524323861602899
Time Elapsed:  58.64776134490967
MLUPS: 0.5524507544193271
Time Elapsed:  58.64820742607117
MLUPS: 0.5524465524516112
Time Elapsed:  58.647666215896606
MLUPS: 0.552451650517986
Time Elapsed:  58.64599323272705
MLUPS: 0.5524674102018512
Time Elapsed:  58.64944791793823
MLUPS: 0.552434867679126
Time Elapsed:  58.64913463592529
MLUPS: 0.5524378185821264
Time Elapsed:  58.64669728279114
MLUPS: 0.5524607778639091
Time Elapsed:  58.6473388671875
MLUPS: 0.552454734107764
Time Elapsed:  58.64705228805542
MLUPS: 0.5524574336807525
Time Elapsed:  58.64596700668335
MLUPS: 0.5524676572612004
Time Elapsed:  58.646332025527954
MLUPS: 0.5524642186641224
Time Elapsed:  58.64757466316223
MLUPS: 0.5524525129314702
Time Elapsed:  58.64574384689331
MLUPS: 0.5524697595206025
Time Elapsed:  58.64726138114929
MLUPS: 0.552455464022983
Time Elapsed:  58.64822030067444
MLUPS: 0.5524464311771692
Time Elapsed:  58.647188901901245
MLUPS: 0.5524561467761951
Time Elapsed:  58.64794445037842
MLUPS: 0.5524490296060315
Time Elapsed:  58.64724135398865
MLUPS: 0.552455652678307
Time Elapsed:  58.64798951148987
MLUPS: 0.552448605141911
Time Elapsed:  58.648048877716064
MLUPS: 0.5524480459282716
Time Elapsed:  58.64987516403198
MLUPS: 0.5524308433629854
Time Elapsed:  58.649070501327515
MLUPS: 0.5524384226902049
Time Elapsed:  58.647478342056274
MLUPS: 0.5524534202652303
Time Elapsed:  58.64988160133362
MLUPS: 0.5524307827292061
Time Elapsed:  58.64780569076538
MLUPS: 0.5524503366901188
Time Elapsed:  58.64831280708313
MLUPS: 0.5524455597994109
Time Elapsed:  58.64759016036987
MLUPS: 0.5524523669498317
Time Elapsed:  58.64653420448303
MLUPS: 0.5524623140905621
MLUPS: 0.5524327050510548
Time Elapsed:  58.649134397506714
MLUPS: 0.5524378208278788
Time Elapsed:  58.64672875404358
MLUPS: 0.5524604814001
Time Elapsed:  58.647160053253174
MLUPS: 0.5524564185304104
Time Elapsed:  58.647135972976685
Time Elapsed:  58.645941972732544
MLUPS: 0.5524678930907853
Time Elapsed:  58.6464159488678
MLUPS: 0.552463428084824
Time Elapsed:  58.6476514339447
MLUPS: 0.5524517897616474
Time Elapsed:  58.64576864242554
Time Elapsed:  58.647395849227905
MLUPS: 0.552454197340572
Time Elapsed:  58.64832878112793
MLUPS: 0.5524454093298186
Time Elapsed:  58.64719033241272
MLUPS: 0.5524561333007865
Time Elapsed:  58.64795446395874
MLUPS: 0.552448935280615
Time Elapsed:  58.6469144821167
MLUPS: 0.5524587318209176
Time Elapsed:  58.64791250228882
MLUPS: 0.5524493305492423
Time Elapsed:  58.649747371673584
MLUPS: 0.5524320470585424
Time Elapsed:  58.64911365509033
MLUPS: 0.5524380162084156
Time Elapsed:  58.64790987968445
MLUPS: 0.5524493552535503
Time Elapsed:  58.649611949920654
MLUPS: 0.5524333226222452
Time Elapsed:  58.64786505699158
MLUPS: 0.552449777472974
Time Elapsed:  58.6481556892395
MLUPS: 0.5524470397957391
Time Elapsed:  58.647443532943726
MLUPS: 0.5524537481638073
Time Elapsed:  58.64613223075867
MLUPS: 0.5524661007909892
Time Elapsed:  58.64955759048462
MLUPS: 0.5524338346459516
Time Elapsed:  58.649168729782104
MLUPS: 0.5524374974397079
Time Elapsed:  58.646641969680786
MLUPS: 0.5524612989222842
Time Elapsed:  58.64730525016785
MLUPS: 0.5524550507784375
MLUPS: 0.5524566453667781
Time Elapsed:  58.646055459976196
MLUPS: 0.5524668239982794
Time Elapsed:  58.64614725112915
MLUPS: 0.5524659592941322
Time Elapsed:  58.647740840911865
MLUPS: 0.5524509475631533
MLUPS: 0.5524695259354344
Time Elapsed:  58.64713644981384
MLUPS: 0.552456640874967
Time Elapsed:  58.64834761619568
MLUPS: 0.5524452319105538
Time Elapsed:  58.64683794975281
MLUPS: 0.5524594527629868
Time Elapsed:  58.647623777389526
MLUPS: 0.552452050282235
Time Elapsed:  58.64717173576355
MLUPS: 0.5524563084811506
Time Elapsed:  58.6479971408844
MLUPS: 0.5524485332750344
Time Elapsed:  58.64975571632385
MLUPS: 0.5524319684588589
Time Elapsed:  58.649014472961426
MLUPS: 0.552438950443697
Time Elapsed:  58.64777731895447
MLUPS: 0.5524506039469051
Time Elapsed:  58.65011262893677
MLUPS: 0.5524286066590518
Time Elapsed:  58.64775490760803
MLUPS: 0.5524508150574906
Time Elapsed:  58.64823937416077
MLUPS: 0.5524462515114271
Time Elapsed:  58.64748239517212
MLUPS: 0.5524533820852843
Time Elapsed:  58.646464109420776
MLUPS: 0.5524629744011348
Time Elapsed:  58.649691581726074
MLUPS: 0.552432572554143
MLUPS: 0.5524380903183106
Time Elapsed:  58.64687633514404
MLUPS: 0.5524590911687542
Time Elapsed:  58.64728331565857
MLUPS: 0.552455257400633
Time Elapsed:  58.647416830062866
MLUPS: 0.5524539997027056
Time Elapsed:  58.646151065826416
MLUPS: 0.552465923358434
Time Elapsed:  58.64623308181763
MLUPS: 0.5524651507420538
Time Elapsed:  58.64752411842346
MLUPS: 0.5524529890567351
Time Elapsed:  58.64600872993469
Time Elapsed:  58.647067070007324
MLUPS: 0.5524572944342457
Time Elapsed:  58.6484694480896
MLUPS: 0.5524440843026193
Time Elapsed:  58.64716863632202
MLUPS: 0.5524563376778887
Time Elapsed:  58.64763879776001
MLUPS: 0.5524519087925751
Time Elapsed:  58.646997690200806
MLUPS: 0.552457947995071
Time Elapsed:  58.64795398712158
MLUPS: 0.5524489397723008
Time Elapsed:  58.64971899986267
MLUPS: 0.5524323142976332
Time Elapsed:  58.64919447898865
MLUPS: 0.5524372548988282
Time Elapsed:  58.64768028259277
MLUPS: 0.552451518011986
Time Elapsed:  58.65005683898926
MLUPS: 0.5524291321481073
Time Elapsed:  58.64787936210632
MLUPS: 0.552449642722024
Time Elapsed:  58.64822459220886
MLUPS: 0.5524463907523671
Time Elapsed:  58.647714376449585
MLUPS: 0.5524511968536399
Time Elapsed:  58.646241426467896
MLUPS: 0.5524650721329502
Time Elapsed:  58.64971852302551
MLUPS: 0.5524323187890486
Time Elapsed:  58.64874887466431
MLUPS: 0.5524414522335444
Time Elapsed:  58.64649844169617
MLUPS: 0.5524626509835142
Time Elapsed:  58.64727830886841
MLUPS: 0.5524553045644166
Time Elapsed:  58.64759588241577
MLUPS: 0.5524523130489386
Time Elapsed:  58.64632272720337
MLUPS: 0.5524643062568543
Time Elapsed:  58.64609241485596
MLUPS: 0.5524664758703102
Time Elapsed:  58.647618770599365
MLUPS: 0.5524520974454711
MLUPS: 0.5524672642123395
Time Elapsed:  58.64748978614807
MLUPS: 0.5524533124630433
Time Elapsed:  58.64837861061096
MLUPS: 0.5524449399550497
Time Elapsed:  58.64720821380615
MLUPS: 0.5524559648582336
Time Elapsed:  58.647881507873535
MLUPS: 0.5524496225093871
Time Elapsed:  58.64736461639404
MLUPS: 0.552454491551749
Time Elapsed:  58.6479389667511
MLUPS: 0.5524490812604399
Time Elapsed:  58.649805307388306
MLUPS: 0.5524315013526305
Time Elapsed:  58.64846611022949
MLUPS: 0.552444115743869
Time Elapsed:  58.64765501022339
MLUPS: 0.5524517560736584
Time Elapsed:  58.65009880065918
MLUPS: 0.5524287369083826
Time Elapsed:  58.647775411605835
MLUPS: 0.5524506219137572
Time Elapsed:  58.64829349517822
MLUPS: 0.55244574171052
Time Elapsed:  58.64777421951294
MLUPS: 0.5524506331430403
Time Elapsed:  58.64654326438904
MLUPS: 0.5524622287444128
Time Elapsed:  58.64957857131958
MLUPS: 0.5524336370226541
Time Elapsed:  58.64916682243347
MLUPS: 0.5524375154057075
Time Elapsed:  58.64702773094177
MLUPS: 0.5524576650097816
Time Elapsed:  58.64720344543457
MLUPS: 0.5524560097762377
Time Elapsed:  58.648054122924805
MLUPS: 0.552447996519892
Time Elapsed:  58.64614915847778
MLUPS: 0.5524659413262826
Time Elapsed:  58.64645791053772
MLUPS: 0.5524630327960233
Time Elapsed:  58.64757323265076
MLUPS: 0.5524525264067024
Time Elapsed:  58.645997285842896
MLUPS: 0.5524673720199714
Time Elapsed:  58.64740300178528
MLUPS: 0.5524541299640108
Time Elapsed:  58.64837622642517
MLUPS: 0.5524449624131545
Time Elapsed:  58.64747071266174
MLUPS: 0.5524534921333781
Time Elapsed:  58.647884368896484
MLUPS: 0.552449595559207
Time Elapsed:  58.64731502532959
MLUPS: 0.5524549586968567
Time Elapsed:  58.647944688797
MLUPS: 0.552449027360188
Time Elapsed:  58.649712800979614
MLUPS: 0.5524323726860404
Time Elapsed:  58.649091482162476
MLUPS: 0.5524382250636249
Time Elapsed:  58.647571325302124
MLUPS: 0.5524525443736794
Time Elapsed:  58.65014386177063
MLUPS: 0.5524283124754445
Time Elapsed:  58.647836446762085
MLUPS: 0.552450046975071
Time Elapsed:  58.64819622039795
MLUPS: 0.5524466580053357
Time Elapsed:  58.64737296104431
MLUPS: 0.5524544129456785
Time Elapsed:  58.64710998535156
MLUPS: 0.552456890170592
Time Elapsed:  58.64975452423096
MLUPS: 0.5524319796873838
Time Elapsed:  58.649298429489136
MLUPS: 0.5524362757544791
Time Elapsed:  58.64680242538452
MLUPS: 0.552459787406518
Time Elapsed:  58.64720129966736
MLUPS: 0.5524560299893418
Time Elapsed:  58.64641737937927
MLUPS: 0.5524634146090601
Time Elapsed:  58.646427392959595
MLUPS: 0.5524633202787312
Time Elapsed:  58.64767026901245
MLUPS: 0.5524516123382845
Time Elapsed:  58.646138191223145
Time Elapsed:  58.64733362197876
MLUPS: 0.5524547835173487
Time Elapsed:  58.64842891693115
MLUPS: 0.5524444660894655
Time Elapsed:  58.64737129211426
MLUPS: 0.5524544286668909
Time Elapsed:  58.647823095321655
MLUPS: 0.5524501727428064
Time Elapsed:  58.64740610122681
MLUPS: 0.5524541007675059
Time Elapsed:  58.64817690849304
MLUPS: 0.5524468399171679
Time Elapsed:  58.649696588516235
MLUPS: 0.5524325253942406
Time Elapsed:  58.64901924133301
MLUPS: 0.5524389055284668
Time Elapsed:  58.64757037162781
MLUPS: 0.5524525533571685
Time Elapsed:  58.650134801864624
MLUPS: 0.5524283978111152
Time Elapsed:  58.647823333740234
MLUPS: 0.5524501704969536
Time Elapsed:  58.64840579032898
MLUPS: 0.5524446839327848
Time Elapsed:  58.647599935531616
MLUPS: 0.5524522748691456
Time Elapsed:  58.64681935310364
MLUPS: 0.552459627945456
Time Elapsed:  58.64987802505493
MLUPS: 0.5524308164146375
Time Elapsed:  58.64901900291443
MLUPS: 0.5524389077742281
Time Elapsed:  58.64691925048828
MLUPS: 0.5524586869024709
Time Elapsed:  58.647753953933716
MLUPS: 0.5524508240409233
Time Elapsed:  58.64648199081421
MLUPS: 0.5524628059544101
Time Elapsed:  58.64661145210266
MLUPS: 0.5524615864031879
Time Elapsed:  58.647831201553345
MLUPS: 0.5524500963838174
MLUPS: 0.5524660446414341
Time Elapsed:  58.64738392829895
MLUPS: 0.5524543096348774
Time Elapsed:  58.648266553878784
MLUPS: 0.5524459954879465
Time Elapsed:  58.64743995666504
MLUPS: 0.5524537818520393
Time Elapsed:  58.647486209869385
MLUPS: 0.5524533461512221
Time Elapsed:  58.647478103637695
MLUPS: 0.5524534225111095
Time Elapsed:  58.64811706542969
MLUPS: 0.5524474036200265
Time Elapsed:  58.64975571632385
MLUPS: 0.5524319684588589
Time Elapsed:  58.64917325973511
MLUPS: 0.5524374547704637
Time Elapsed:  58.64746046066284
MLUPS: 0.5524535887062314
Time Elapsed:  58.65034341812134
MLUPS: 0.5524264328517008
Time Elapsed:  58.647865295410156
MLUPS: 0.5524497752271242
Time Elapsed:  58.64827489852905
MLUPS: 0.5524459168842939
Time Elapsed:  58.64769196510315
MLUPS: 0.5524514079646786
Time Elapsed:  58.64960289001465
MLUPS: 0.5524334079594636
Time Elapsed:  58.64929938316345
MLUPS: 0.5524362667715196
Time Elapsed:  58.647043228149414
MLUPS: 0.5524575190254203
Time Elapsed:  58.64766192436218
MLUPS: 0.5524516909435577
Time Elapsed:  58.64648699760437
MLUPS: 0.5524627587893456
Time Elapsed:  58.64650893211365
MLUPS: 0.552462552161539
Time Elapsed:  58.64769101142883
MLUPS: 0.5524514169481306
Time Elapsed:  58.64637351036072
MLUPS: 0.5524638278661183
Time Elapsed:  58.647165060043335
MLUPS: 0.5524563713664364
Time Elapsed:  58.64828968048096
MLUPS: 0.5524457776435928
Time Elapsed:  58.6473286151886
MLUPS: 0.5524548306810515
Time Elapsed:  58.64755821228027
MLUPS: 0.5524526678966786
Time Elapsed:  58.64754390716553
MLUPS: 0.5524528026491043
Time Elapsed:  58.64819693565369
MLUPS: 0.5524466512678626
Time Elapsed:  58.64785361289978
MLUPS: 0.5524498852737812
Time Elapsed:  58.6483211517334
MLUPS: 0.5524454811958823
Time Elapsed:  58.64756965637207
MLUPS: 0.5524525600947853
Time Elapsed:  58.64969754219055
MLUPS: 0.552432516411403
Time Elapsed:  58.64923405647278
MLUPS: 0.5524368821049284
Time Elapsed:  58.647135734558105
MLUPS: 0.5524566476126838
Time Elapsed:  58.64682197570801
MLUPS: 0.5524596032402291
Time Elapsed:  58.64773631095886
MLUPS: 0.5524509902344819
Time Elapsed:  58.64755082130432
MLUPS: 0.552452737518757
Time Elapsed:  58.64828300476074
MLUPS: 0.5524458405264814
Time Elapsed:  58.64724349975586
MLUPS: 0.5524556324652304
Time Elapsed:  58.64807891845703
MLUPS: 0.5524477629531265
Time Elapsed:  58.64813733100891
MLUPS: 0.5524472127245074
Time Elapsed:  58.64993667602539
MLUPS: 0.5524302639740837
Time Elapsed:  58.64914512634277
MLUPS: 0.5524377197690348
Time Elapsed:  58.6475715637207
MLUPS: 0.5524525421278071
Time Elapsed:  58.6504225730896
MLUPS: 0.5524256872936154
Time Elapsed:  58.65029788017273
MLUPS: 0.5524268617730775
Time Elapsed:  58.64916014671326
MLUPS: 0.5524375782867152
Time Elapsed:  58.64743447303772
MLUPS: 0.5524538335073363
Time Elapsed:  58.65045762062073
MLUPS: 0.5524253571826964
Time Elapsed:  58.647865295410156
MLUPS: 0.5524497752271242
Time Elapsed:  58.64848327636719
MLUPS: 0.5524439540460513
Time Elapsed:  58.64741396903992
MLUPS: 0.5524540266533154
Time Elapsed:  58.649805545806885
MLUPS: 0.5524314991069295
Time Elapsed:  58.6491813659668
MLUPS: 0.5524373784149904
Time Elapsed:  58.64720845222473
Time Elapsed:  58.647592306137085
MLUPS: 0.5524523467369956
Time Elapsed:  58.64753580093384
MLUPS: 0.5524528790088414
Time Elapsed:  58.64743185043335
MLUPS: 0.5524538582120472
Time Elapsed:  58.64840602874756
MLUPS: 0.5524446816869766
Time Elapsed:  58.64753079414368
MLUPS: 0.5524529261722191
Time Elapsed:  58.64790177345276
MLUPS: 0.5524494316123344
Time Elapsed:  58.64812517166138
MLUPS: 0.552447327261803
Time Elapsed:  58.65021538734436
MLUPS: 0.5524276387737074
Time Elapsed:  58.64895033836365
MLUPS: 0.552439554554251
Time Elapsed:  58.647674560546875
MLUPS: 0.5524515719127241
Time Elapsed:  58.65051031112671
MLUPS: 0.5524248608942338
Time Elapsed:  58.64778232574463
MLUPS: 0.552450556783924
Time Elapsed:  58.64838790893555
MLUPS: 0.5524448523684587
Time Elapsed:  58.64742374420166
MLUPS: 0.5524539345720759
Time Elapsed:  58.64986062049866
MLUPS: 0.5524309803504616
Time Elapsed:  58.6490535736084
MLUPS: 0.5524385821390261
MLUPS: 0.5524559626123335
Time Elapsed:  58.64745736122131
MLUPS: 0.552453617902682
Time Elapsed:  58.64759349822998
MLUPS: 0.5524523355076428
Time Elapsed:  58.647568702697754
MLUPS: 0.5524525690782749
Time Elapsed:  58.648409605026245
MLUPS: 0.5524446479998543
Time Elapsed:  58.64772844314575
MLUPS: 0.5524510643478577
Time Elapsed:  58.64805006980896
MLUPS: 0.5524480346990936
Time Elapsed:  58.65025067329407
MLUPS: 0.552427306414789
Time Elapsed:  58.6489040851593
MLUPS: 0.5524399902333145
Time Elapsed:  58.64758324623108
MLUPS: 0.5524524320800916
Time Elapsed:  58.65091300010681
MLUPS: 0.5524210680222658
Time Elapsed:  58.64793276786804
MLUPS: 0.5524491396523915
Time Elapsed:  58.64837837219238
Time Elapsed:  58.64763116836548
MLUPS: 0.5524519806603299
Time Elapsed:  58.649736404418945
MLUPS: 0.5524321503610173
Time Elapsed:  58.6491801738739
MLUPS: 0.5524373896437351
Time Elapsed:  58.64791393280029
MLUPS: 0.5524493170741662
Time Elapsed:  58.64800977706909
MLUPS: 0.5524484142455613
Time Elapsed:  58.64779877662659
MLUPS: 0.5524504018199
Time Elapsed:  58.64814901351929
MLUPS: 0.5524471026789151
Time Elapsed:  58.65022397041321
MLUPS: 0.5524275579296092
Time Elapsed:  58.64902710914612
MLUPS: 0.5524388314183533
Time Elapsed:  58.647852659225464
MLUPS: 0.5524498942571837
Time Elapsed:  58.65091109275818
MLUPS: 0.5524210859871967
Time Elapsed:  58.64806652069092
MLUPS: 0.5524478797364845
Time Elapsed:  58.64834189414978
MLUPS: 0.5524452858100652
Time Elapsed:  58.64765191078186
MLUPS: 0.5524517852699153
Time Elapsed:  58.65001678466797
MLUPS: 0.5524295094229175
Time Elapsed:  58.649173974990845
MLUPS: 0.5524374480332152
Time Elapsed:  58.64853882789612
MLUPS: 0.5524434307745953
Time Elapsed:  58.64796757698059
MLUPS: 0.5524488117592851
Time Elapsed:  58.648043394088745
MLUPS: 0.552448097582496
Time Elapsed:  58.64913463592529
MLUPS: 0.5524378185821264
Time Elapsed:  58.648298025131226
MLUPS: 0.5524456990400022
Time Elapsed:  58.648048877716064
MLUPS: 0.5524480459282716
Time Elapsed:  58.65021085739136
MLUPS: 0.5524276814414353
Time Elapsed:  58.64905858039856
MLUPS: 0.5524385349780976
Time Elapsed:  58.650938510894775
MLUPS: 0.5524208277414265
Time Elapsed:  58.64849328994751
MLUPS: 0.552443859722368
Time Elapsed:  58.65043783187866
MLUPS: 0.5524255435718063
Time Elapsed:  58.650442600250244
MLUPS: 0.5524254986587562
MLUPS: 0.5524449422008603
Time Elapsed:  58.65045475959778
MLUPS: 0.5524253841305117
Time Elapsed:  58.64937400817871
MLUPS: 0.5524355638558357
Time Elapsed:  58.65091586112976
MLUPS: 0.5524210410748716
Time Elapsed:  58.65055966377258
MLUPS: 0.5524243960456683
Time Elapsed:  58.650861501693726
MLUPS: 0.5524215530758121
Time Elapsed:  58.65089702606201
MLUPS: 0.5524212184785987
Time Elapsed:  58.65107440948486
MLUPS: 0.5524195477442162

============================= JOB FEEDBACK =============================

NodeName=uc2n[067-071,080,087,110,113,117,137-142,156-160,199-200,245,247]
Job ID: 23138491
Cluster: uc2
User/Group: fr_rk311/fr_fr
State: COMPLETED (exit code 0)
Nodes: 25
Cores per node: 80
CPU Utilized: 15:11:49
CPU Efficiency: 25.33% of 2-12:00:00 core-walltime
Job Wall-clock time: 00:01:48
Memory Utilized: 133.77 GB (estimated maximum)
Memory Efficiency: 6.09% of 2.15 TB (87.89 GB/node)
