We have a maximum of 144 tasks at our disposition
In the case of equal size we divide the processes as 12 and 12
Time Elapsed:  65.9867627620697
MLUPS: 1.1047670312734925
Time Elapsed:  65.98690724372864
MLUPS: 1.1047646123304011
Time Elapsed:  65.98302626609802
MLUPS: 1.104829592174312
Time Elapsed:  65.9867537021637
MLUPS: 1.1047671829567458
Time Elapsed:  65.98688530921936
MLUPS: 1.1047649795620036
Time Elapsed:  65.98700261116028
MLUPS: 1.104763015674098
Time Elapsed:  65.98803758621216
MLUPS: 1.104745688258383
Time Elapsed:  65.98925828933716
MLUPS: 1.1047252521063646
Time Elapsed:  65.99170279502869
MLUPS: 1.1046843301866085
Time Elapsed:  65.99172329902649
MLUPS: 1.1046839869550038
Time Elapsed:  65.98695397377014
MLUPS: 1.1047638299682359
Time Elapsed:  65.98952174186707
MLUPS: 1.104720841668846
Time Elapsed:  65.98947048187256
MLUPS: 1.1047216998055132
Time Elapsed:  65.99176931381226
MLUPS: 1.1046832166802023
Time Elapsed:  65.96664071083069
MLUPS: 1.1051040224946753
Time Elapsed:  65.99044847488403
MLUPS: 1.1047053275860936
Time Elapsed:  65.99152421951294
MLUPS: 1.1046873195034386
Time Elapsed:  65.98830008506775
MLUPS: 1.104741293623599
Time Elapsed:  65.98995327949524
MLUPS: 1.1047136174083623
Time Elapsed:  65.98829054832458
MLUPS: 1.104741453282743
Time Elapsed:  65.99040651321411
MLUPS: 1.1047060300409317
Time Elapsed:  65.98503684997559
MLUPS: 1.1047959276850352
Time Elapsed:  65.98927402496338
MLUPS: 1.1047249886765285
Time Elapsed:  65.9918532371521
MLUPS: 1.104681811829445
Time Elapsed:  65.98305869102478
MLUPS: 1.1048290492467892
Time Elapsed:  65.98689699172974
MLUPS: 1.1047647839712285
Time Elapsed:  65.98454093933105
MLUPS: 1.1048042308429076
Time Elapsed:  65.98930335044861
MLUPS: 1.1047244977394417
Time Elapsed:  65.98922228813171
MLUPS: 1.1047258548023713
Time Elapsed:  65.9919261932373
MLUPS: 1.1046805905700419
Time Elapsed:  65.99209856987
MLUPS: 1.1046777050561012
Time Elapsed:  65.99114847183228
MLUPS: 1.1046936094939566
Time Elapsed:  65.99123740196228
MLUPS: 1.1046921208031824
Time Elapsed:  65.98849630355835
MLUPS: 1.104738008646955
Time Elapsed:  65.98855471611023
MLUPS: 1.104737030741521
Time Elapsed:  65.99112701416016
MLUPS: 1.1046939686960848
Time Elapsed:  65.99175548553467
MLUPS: 1.104683448161636
Time Elapsed:  65.98988008499146
MLUPS: 1.1047148427320777
Time Elapsed:  65.99038195610046
MLUPS: 1.1047064411370753
Time Elapsed:  65.99207806587219
MLUPS: 1.1046780482838021
Time Elapsed:  65.99194002151489
MLUPS: 1.1046803590898058
Time Elapsed:  65.98837924003601
MLUPS: 1.1047399684544852
Time Elapsed:  65.98919248580933
MLUPS: 1.1047263537234042
Time Elapsed:  65.98904466629028
MLUPS: 1.1047288283783885
Time Elapsed:  65.99146556854248
MLUPS: 1.1046883013119617
Time Elapsed:  65.9829797744751
MLUPS: 1.1048303706375002
Time Elapsed:  65.98694562911987
MLUPS: 1.1047639696756841
Time Elapsed:  65.9924967288971
MLUPS: 1.1046710400953539
Time Elapsed:  65.98302674293518
MLUPS: 1.10482958419008
Time Elapsed:  65.9869396686554
MLUPS: 1.1047640694667402
Time Elapsed:  65.98458623886108
MLUPS: 1.1048034723761917
Time Elapsed:  65.98304796218872
MLUPS: 1.1048292288918662
Time Elapsed:  65.98698306083679
MLUPS: 1.104763342988264
Time Elapsed:  65.98445725440979
MLUPS: 1.1048056320131063
Time Elapsed:  65.98304152488708
MLUPS: 1.1048293366789408
Time Elapsed:  65.986154794693
MLUPS: 1.104777210110492
Time Elapsed:  65.98460721969604
MLUPS: 1.104803121086697
Time Elapsed:  65.98303723335266
MLUPS: 1.104829408537002
Time Elapsed:  65.9869613647461
MLUPS: 1.1047637062273827
Time Elapsed:  65.98343873023987
MLUPS: 1.1048226858566301
Time Elapsed:  65.98314332962036
MLUPS: 1.1048276320487842
Time Elapsed:  65.98692035675049
MLUPS: 1.1047643927898856
Time Elapsed:  65.98466920852661
MLUPS: 1.104802083187223
Time Elapsed:  65.98319840431213
MLUPS: 1.104826709874007
Time Elapsed:  65.98686075210571
MLUPS: 1.1047653907020223
Time Elapsed:  65.98448538780212
MLUPS: 1.104805160964039
Time Elapsed:  65.98329257965088
MLUPS: 1.1048251329986256
Time Elapsed:  65.98689341545105
MLUPS: 1.104764843845948
Time Elapsed:  65.98467707633972
MLUPS: 1.1048019514539675
Time Elapsed:  65.98342418670654
MLUPS: 1.1048229293727214
Time Elapsed:  65.9870924949646
MLUPS: 1.1047615108297568
Time Elapsed:  65.9845187664032
MLUPS: 1.104804602092785
Time Elapsed:  65.98330473899841
MLUPS: 1.1048249294023853
Time Elapsed:  65.98706150054932
MLUPS: 1.1047620297411354
Time Elapsed:  65.98455953598022
MLUPS: 1.104803919472235
Time Elapsed:  65.98336672782898
MLUPS: 1.1048238914619353
Time Elapsed:  65.982745885849
MLUPS: 1.1048342869227954
Time Elapsed:  65.98447155952454
MLUPS: 1.1048053924965813
Time Elapsed:  65.98337030410767
MLUPS: 1.1048238315808152
Time Elapsed:  65.9870879650116
MLUPS: 1.1047615866706202
Time Elapsed:  65.98455715179443
MLUPS: 1.1048039593915422
Time Elapsed:  65.98344993591309
MLUPS: 1.104822498229551
Time Elapsed:  65.98708772659302
MLUPS: 1.104761590662245
Time Elapsed:  65.98475098609924
MLUPS: 1.1048007139612843
Time Elapsed:  65.98342180252075
MLUPS: 1.1048229692934022
Time Elapsed:  65.98709201812744
MLUPS: 1.104761518813005
Time Elapsed:  65.98480725288391
MLUPS: 1.104799771871939
Time Elapsed:  65.9833459854126
MLUPS: 1.104824238772561
Time Elapsed:  65.98725128173828
MLUPS: 1.1047588524144933
Time Elapsed:  65.98475790023804
MLUPS: 1.1048005981959814
Time Elapsed:  65.98331928253174
MLUPS: 1.1048246858854125
Time Elapsed:  65.98702931404114
MLUPS: 1.10476256861116
Time Elapsed:  65.98486828804016
MLUPS: 1.1047987499463299
Time Elapsed:  65.9831440448761
MLUPS: 1.1048276200724787
Time Elapsed:  65.98714971542358
MLUPS: 1.1047605528408
Time Elapsed:  65.9848849773407
MLUPS: 1.1047984705138754
Time Elapsed:  65.98329877853394
MLUPS: 1.1048250292044546
Time Elapsed:  65.98727989196777
MLUPS: 1.1047583734221127
Time Elapsed:  65.98493337631226
MLUPS: 1.1047976601605567
Time Elapsed:  65.98315668106079
MLUPS: 1.1048274084911212
Time Elapsed:  65.9872374534607
MLUPS: 1.1047590839276265
Time Elapsed:  65.984787940979
MLUPS: 1.1048000952159822
Time Elapsed:  65.9831907749176
MLUPS: 1.1048268376210704
Time Elapsed:  65.987233877182
MLUPS: 1.1047591438017286
Time Elapsed:  65.98480582237244
MLUPS: 1.1047997958233429
Time Elapsed:  65.98319721221924
MLUPS: 1.1048267298344836
Time Elapsed:  65.9871084690094
MLUPS: 1.104761243391006
Time Elapsed:  65.98497343063354
MLUPS: 1.1047969895242264
Time Elapsed:  65.98326683044434
MLUPS: 1.1048255641438522
Time Elapsed:  65.987069606781
MLUPS: 1.1047618940258046
Time Elapsed:  65.98507642745972
MLUPS: 1.104795265034544
Time Elapsed:  65.9831964969635
MLUPS: 1.10482674181077
Time Elapsed:  65.98706912994385
MLUPS: 1.1047619020090584
Time Elapsed:  65.98487639427185
MLUPS: 1.1047986142219772
Time Elapsed:  65.98332810401917
MLUPS: 1.1048245381784483
Time Elapsed:  65.98713111877441
MLUPS: 1.1047608641870288
Time Elapsed:  65.98465132713318
MLUPS: 1.104802382581102
Time Elapsed:  65.98334240913391
MLUPS: 1.1048242986537256
Time Elapsed:  65.98724246025085
MLUPS: 1.1047590001038947
Time Elapsed:  65.98476886749268
MLUPS: 1.1048004145683097
Time Elapsed:  65.98314642906189
MLUPS: 1.1048275801514615
Time Elapsed:  65.98727250099182
MLUPS: 1.1047584971617712
Time Elapsed:  65.98462510108948
MLUPS: 1.104802821692418
Time Elapsed:  65.98309254646301
MLUPS: 1.104828482367151
Time Elapsed:  65.98741292953491
MLUPS: 1.104756146112998
Time Elapsed:  65.98480105400085
MLUPS: 1.1047998756613644
Time Elapsed:  65.98335528373718
MLUPS: 1.1048240830815639
Time Elapsed:  65.98709893226624
MLUPS: 1.1047614030559163
Time Elapsed:  65.98474144935608
MLUPS: 1.1048008736376038
Time Elapsed:  65.98351168632507
MLUPS: 1.1048214642857261
Time Elapsed:  65.98712301254272
MLUPS: 1.1047609999021064
Time Elapsed:  65.98486471176147
MLUPS: 1.1047988098247314
Time Elapsed:  65.98360180854797
MLUPS: 1.1048199552901041
Time Elapsed:  65.98470735549927
MLUPS: 1.1048014444808234
Time Elapsed:  65.98348236083984
MLUPS: 1.1048219553090002
Time Elapsed:  65.98470950126648
MLUPS: 1.1048014085536104
Time Elapsed:  65.98338770866394
MLUPS: 1.1048235401594555
Time Elapsed:  65.9847502708435
MLUPS: 1.1048007259370065
Time Elapsed:  65.98344421386719
MLUPS: 1.1048225940391154
Time Elapsed:  65.98476457595825
MLUPS: 1.1048004864226089
Time Elapsed:  65.98334574699402
MLUPS: 1.1048242427646384
Time Elapsed:  65.98466968536377
MLUPS: 1.1048020752033882
Time Elapsed:  65.98471403121948
MLUPS: 1.1048013327072794
Time Elapsed:  65.98495292663574
MLUPS: 1.1047973328260556

============================= JOB FEEDBACK =============================

NodeName=uc2n[003-006]
Job ID: 23133149
Cluster: uc2
User/Group: fr_rk311/fr_fr
State: COMPLETED (exit code 0)
Nodes: 4
Cores per node: 80
CPU Utilized: 02:42:26
CPU Efficiency: 29.86% of 09:04:00 core-walltime
Job Wall-clock time: 00:01:42
Memory Utilized: 16.70 GB (estimated maximum)
Memory Efficiency: 4.75% of 351.56 GB (87.89 GB/node)
