We have a maximum of 400 tasks at our disposition
In the case of equal size we divide the processes as 20 and 20
Time Elapsed:  57.999863386154175
MLUPS: 0.4982770357162437
Time Elapsed:  57.9998893737793
MLUPS: 0.4982768124565625
Time Elapsed:  57.99939250946045
MLUPS: 0.49828108105246166
Time Elapsed:  57.99985337257385
MLUPS: 0.4982771217429633
Time Elapsed:  57.99987173080444
MLUPS: 0.4982769640273334
Time Elapsed:  57.99951720237732
MLUPS: 0.4982800098000717
Time Elapsed:  57.99992775917053
MLUPS: 0.49827648268804164
Time Elapsed:  57.999938011169434
MLUPS: 0.4982763946132931
Time Elapsed:  57.999329805374146
MLUPS: 0.4982816197528228
Time Elapsed:  57.99985122680664
MLUPS: 0.49827714017726416
Time Elapsed:  57.999878883361816
MLUPS: 0.4982769025797125
Time Elapsed:  57.999473571777344
MLUPS: 0.49828038463547014
Time Elapsed:  58.00073051452637
MLUPS: 0.49826958632464036
Time Elapsed:  58.00029993057251
MLUPS: 0.49827328538979737
Time Elapsed:  58.0003125667572
MLUPS: 0.49827317683394684
Time Elapsed:  58.000123262405396
MLUPS: 0.4982748031284348
Time Elapsed:  58.00000262260437
MLUPS: 0.49827583953826904
Time Elapsed:  57.999478340148926
MLUPS: 0.49828034366982543
Time Elapsed:  58.0007209777832
MLUPS: 0.4982696682523991
Time Elapsed:  58.00006914138794
MLUPS: 0.49827526807855843
Time Elapsed:  57.99984550476074
MLUPS: 0.4982771893354066
Time Elapsed:  57.99980401992798
MLUPS: 0.4982775457322293
Time Elapsed:  58.00058698654175
MLUPS: 0.4982708193402569
Time Elapsed:  58.00050663948059
MLUPS: 0.4982715095858826
Time Elapsed:  58.00031089782715
MLUPS: 0.49827319117150926
Time Elapsed:  58.00074315071106
MLUPS: 0.49826947777040165
Time Elapsed:  58.00021052360535
MLUPS: 0.49827405347499676
Time Elapsed:  57.99939560890198
MLUPS: 0.4982810544247174
Time Elapsed:  57.999489545822144
MLUPS: 0.49828024740058674
Time Elapsed:  58.00056791305542
MLUPS: 0.49827098319661217
Time Elapsed:  58.00073552131653
MLUPS: 0.4982695433125779
Time Elapsed:  58.00038433074951
MLUPS: 0.49827256031954187
Time Elapsed:  58.00081443786621
MLUPS: 0.4982688653615258
Time Elapsed:  58.00071167945862
MLUPS: 0.4982697481319897
Time Elapsed:  58.0001003742218
MLUPS: 0.4982749997592182
Time Elapsed:  58.0000114440918
MLUPS: 0.49827576375321414
Time Elapsed:  57.99957203865051
MLUPS: 0.49827953869627245
Time Elapsed:  58.000590324401855
MLUPS: 0.49827079066540586
Time Elapsed:  58.000768184661865
MLUPS: 0.498269262710257
Time Elapsed:  58.00128483772278
MLUPS: 0.4982648243199617
Time Elapsed:  58.00036311149597
MLUPS: 0.4982727426110177
Time Elapsed:  57.870301723480225
MLUPS: 0.49939259238861283
Time Elapsed:  58.00213646888733
MLUPS: 0.49825750841957556
Time Elapsed:  58.00207781791687
MLUPS: 0.49825801225129174
Time Elapsed:  58.00192713737488
MLUPS: 0.49825930665289253
Time Elapsed:  58.0022029876709
MLUPS: 0.4982569370019111
Time Elapsed:  58.00185751914978
MLUPS: 0.49825990470147324
Time Elapsed:  58.00236225128174
MLUPS: 0.49825556888178923
Time Elapsed:  58.002131938934326
MLUPS: 0.498257547333371
Time Elapsed:  58.00182867050171
MLUPS: 0.4982601525233949
Time Elapsed:  58.00191402435303
MLUPS: 0.4982594192989196
Time Elapsed:  58.001829385757446
MLUPS: 0.4982601463790467
Time Elapsed:  58.00192713737488
MLUPS: 0.49825930665289253
Time Elapsed:  58.00206160545349
MLUPS: 0.4982581515220272
Time Elapsed:  58.00233030319214
MLUPS: 0.49825584332444484
Time Elapsed:  58.00066804885864
MLUPS: 0.49827012295194945
Time Elapsed:  58.00085949897766
MLUPS: 0.49826847825435067
Time Elapsed:  58.00006866455078
MLUPS: 0.49827527217503914
Time Elapsed:  57.99990510940552
MLUPS: 0.49827667727189867
Time Elapsed:  57.99955224990845
MLUPS: 0.49827970870319294
Time Elapsed:  58.000643253326416
MLUPS: 0.4982703359646368
Time Elapsed:  58.000550985336304
MLUPS: 0.49827112861921774
Time Elapsed:  58.00134038925171
MLUPS: 0.4982643471004248
Time Elapsed:  58.000550508499146
MLUPS: 0.49827113271563034
Time Elapsed:  58.00243520736694
MLUPS: 0.4982549421705898
Time Elapsed:  58.002660512924194
MLUPS: 0.498253006748897
Time Elapsed:  58.00230169296265
MLUPS: 0.49825608909424374
Time Elapsed:  58.002166509628296
MLUPS: 0.4982572503598229
Time Elapsed:  58.00230550765991
MLUPS: 0.4982560563249232
Time Elapsed:  58.00230360031128
MLUPS: 0.49825607270958294
Time Elapsed:  58.00246238708496
MLUPS: 0.49825470869035
Time Elapsed:  58.00248384475708
MLUPS: 0.4982545243639994
Time Elapsed:  58.00267267227173
MLUPS: 0.4982529022979952
Time Elapsed:  58.00256848335266
MLUPS: 0.4982537973002799
Time Elapsed:  58.0021595954895
MLUPS: 0.49825730975450416
Time Elapsed:  58.002201318740845
MLUPS: 0.49825695133853903
Time Elapsed:  58.002400159835815
MLUPS: 0.49825524323753784
Time Elapsed:  58.002251625061035
MLUPS: 0.4982565191919752
Time Elapsed:  58.002652645111084
MLUPS: 0.498253074334798
Time Elapsed:  58.00251221656799
MLUPS: 0.498254280643812
Time Elapsed:  58.00260901451111
MLUPS: 0.4982534491296726
Time Elapsed:  58.00262761116028
MLUPS: 0.4982532893809685
Time Elapsed:  57.99960446357727
MLUPS: 0.4982792601309668
Time Elapsed:  58.00069046020508
MLUPS: 0.4982699304214079
Time Elapsed:  58.00048756599426
MLUPS: 0.4982716734426918
Time Elapsed:  58.001532554626465
MLUPS: 0.49826269629654474
Time Elapsed:  58.00029969215393
MLUPS: 0.4982732874380214
Time Elapsed:  58.00075578689575
MLUPS: 0.49826936921621023
Time Elapsed:  58.00093460083008
MLUPS: 0.49826783307706213
Time Elapsed:  58.00020360946655
MLUPS: 0.49827411287368417
Time Elapsed:  58.00021767616272
MLUPS: 0.49827399202809364
Time Elapsed:  58.00268340110779
MLUPS: 0.4982528101354711
Time Elapsed:  58.00264596939087
MLUPS: 0.4982531316804253
Time Elapsed:  58.00296974182129
MLUPS: 0.49825035043270427
Time Elapsed:  58.002976417541504
MLUPS: 0.4982502930877171
Time Elapsed:  58.002851247787476
MLUPS: 0.4982513683084225
Time Elapsed:  58.00272846221924
MLUPS: 0.4982524230532423
Time Elapsed:  58.001049280166626
MLUPS: 0.498266847904807
Time Elapsed:  58.00086331367493
MLUPS: 0.4982684454834005
Time Elapsed:  58.00024223327637
MLUPS: 0.4982737810605084
Time Elapsed:  58.00022029876709
MLUPS: 0.49827396949756636
Time Elapsed:  57.9996554851532
MLUPS: 0.4982788218008958
Time Elapsed:  58.00066304206848
MLUPS: 0.49827016596411206
Time Elapsed:  58.00061750411987
MLUPS: 0.49827055717031266
Time Elapsed:  58.001585483551025
MLUPS: 0.49826224161054883
Time Elapsed:  58.00030326843262
MLUPS: 0.49827325671466244
Time Elapsed:  58.00339603424072
MLUPS: 0.49824668857216003
Time Elapsed:  58.00316905975342
MLUPS: 0.4982486382809177
Time Elapsed:  58.00079584121704
MLUPS: 0.4982690251202178
Time Elapsed:  58.00082778930664
MLUPS: 0.4982687506630408
Time Elapsed:  58.000306367874146
MLUPS: 0.49827323008775437
Time Elapsed:  58.000194787979126
MLUPS: 0.4982741886582369
Time Elapsed:  57.99992370605469
MLUPS: 0.4982765175082996
Time Elapsed:  58.00067496299744
MLUPS: 0.49827006355421327
Time Elapsed:  58.00051236152649
MLUPS: 0.49827146042886084
Time Elapsed:  58.00102663040161
MLUPS: 0.4982670424811391
Time Elapsed:  58.000412464141846
MLUPS: 0.4982723186299257
Time Elapsed:  58.00083255767822
MLUPS: 0.49826870969930903
Time Elapsed:  58.00082087516785
MLUPS: 0.498268810060464
Time Elapsed:  58.00039219856262
MLUPS: 0.49827249272835444
Time Elapsed:  58.00036883354187
MLUPS: 0.4982726934537527
Time Elapsed:  57.999844789505005
MLUPS: 0.4982771954801751
Time Elapsed:  58.00068688392639
MLUPS: 0.4982699611443566
Time Elapsed:  58.00085473060608
MLUPS: 0.4982685192180445
Time Elapsed:  58.001527309417725
MLUPS: 0.49826274135556253
Time Elapsed:  58.00043749809265
MLUPS: 0.49827210356732876
Time Elapsed:  58.000727891922
MLUPS: 0.49826960885477134
Time Elapsed:  58.00097131729126
MLUPS: 0.49826751765766253
Time Elapsed:  58.00028133392334
MLUPS: 0.4982734451513238
Time Elapsed:  58.00042414665222
MLUPS: 0.4982722182673574
Time Elapsed:  57.9997353553772
MLUPS: 0.4982781356315389
Time Elapsed:  58.00088953971863
MLUPS: 0.4982682201832348
Time Elapsed:  58.00094962120056
MLUPS: 0.4982677040418049
Time Elapsed:  58.001654386520386
MLUPS: 0.49826164970074327
Time Elapsed:  58.00051140785217
MLUPS: 0.4982714686216971
Time Elapsed:  58.00087356567383
MLUPS: 0.49826835741149333
Time Elapsed:  58.000991344451904
MLUPS: 0.4982673456108856
Time Elapsed:  58.000338077545166
MLUPS: 0.4982729576741663
Time Elapsed:  58.000396966934204
MLUPS: 0.4982724517640073
Time Elapsed:  57.9998824596405
MLUPS: 0.49827687185590774
Time Elapsed:  58.00086498260498
MLUPS: 0.4982684311461112
Time Elapsed:  58.000778675079346
MLUPS: 0.49826917258987063
Time Elapsed:  58.001683473587036
MLUPS: 0.498261399829206
Time Elapsed:  58.00059533119202
MLUPS: 0.4982707476531354
Time Elapsed:  58.001115798950195
MLUPS: 0.49826627646572075
Time Elapsed:  58.00107169151306
MLUPS: 0.4982666553767964
Time Elapsed:  58.0003547668457
MLUPS: 0.4982728142987133
Time Elapsed:  57.999844551086426
MLUPS: 0.4982771975284313
Time Elapsed:  57.9998939037323
MLUPS: 0.4982767735397578
Time Elapsed:  58.001004219055176
MLUPS: 0.49826723500944886
Time Elapsed:  58.00100040435791
MLUPS: 0.49826726778023983
Time Elapsed:  58.00169777870178
MLUPS: 0.4982612769416567
Time Elapsed:  58.00069499015808
MLUPS: 0.4982698915056782
Time Elapsed:  58.00099515914917
MLUPS: 0.49826731284008435
Time Elapsed:  58.00133752822876
MLUPS: 0.4982643716782327
Time Elapsed:  58.00047540664673
MLUPS: 0.49827177790146393
Time Elapsed:  58.000349044799805
MLUPS: 0.4982728634560022
Time Elapsed:  58.00007081031799
MLUPS: 0.49827525374087644
Time Elapsed:  58.000853061676025
MLUPS: 0.49826853355533884
Time Elapsed:  58.00109100341797
MLUPS: 0.49826648947511937
Time Elapsed:  58.00168800354004
MLUPS: 0.4982613609148088
Time Elapsed:  58.00070023536682
MLUPS: 0.4982698464453672
Time Elapsed:  58.001280546188354
MLUPS: 0.4982648611867451
Time Elapsed:  58.00107479095459
MLUPS: 0.49826662875059385
Time Elapsed:  58.00036382675171
MLUPS: 0.49827273646635906
Time Elapsed:  58.000385999679565
MLUPS: 0.49827254598201576
Time Elapsed:  57.99999403953552
MLUPS: 0.4982759132751014
Time Elapsed:  58.00083947181702
MLUPS: 0.4982686503019098
Time Elapsed:  58.00098443031311
MLUPS: 0.49826740500797373
Time Elapsed:  58.00162863731384
MLUPS: 0.4982618708987067
Time Elapsed:  58.00064444541931
MLUPS: 0.49827032572363805
Time Elapsed:  58.00107002258301
MLUPS: 0.49826666971398353
Time Elapsed:  58.000986099243164
MLUPS: 0.4982673906707442
Time Elapsed:  58.000399589538574
MLUPS: 0.4982724292336193
Time Elapsed:  58.00042748451233
MLUPS: 0.49827218959234526
Time Elapsed:  58.000038385391235
MLUPS: 0.4982755323017026
Time Elapsed:  58.00107192993164
MLUPS: 0.4982666533286269
Time Elapsed:  58.001123666763306
MLUPS: 0.49826620887623807
Time Elapsed:  58.00166940689087
MLUPS: 0.4982615206686886
Time Elapsed:  58.000771284103394
MLUPS: 0.4982692360837758
Time Elapsed:  58.00093865394592
MLUPS: 0.4982677982580179
Time Elapsed:  58.00114727020264
MLUPS: 0.4982660061079001
Time Elapsed:  58.00056052207947
MLUPS: 0.4982710466909788
Time Elapsed:  58.000492572784424
MLUPS: 0.49827163043026895
Time Elapsed:  58.00005531311035
MLUPS: 0.49827538687652656
Time Elapsed:  58.00104093551636
MLUPS: 0.49826691959080643
Time Elapsed:  58.001134157180786
MLUPS: 0.49826611875695637
Time Elapsed:  58.001633405685425
MLUPS: 0.49826182993610607
Time Elapsed:  58.0008180141449
MLUPS: 0.49826883463871213
Time Elapsed:  58.001206159591675
MLUPS: 0.4982655002118572
Time Elapsed:  58.00131297111511
MLUPS: 0.49826458263785023
Time Elapsed:  58.00064468383789
MLUPS: 0.49827032367543833
Time Elapsed:  58.000558614730835
MLUPS: 0.4982710630766244
Time Elapsed:  58.00022530555725
MLUPS: 0.4982739264847471
Time Elapsed:  58.00113105773926
MLUPS: 0.4982661453831044
Time Elapsed:  58.00126361846924
MLUPS: 0.4982650066057772
Time Elapsed:  58.001744985580444
MLUPS: 0.4982608714131739
Time Elapsed:  58.00076723098755
MLUPS: 0.49826927090302103
Time Elapsed:  58.00120282173157
MLUPS: 0.49826552888609943
Time Elapsed:  58.001444816589355
MLUPS: 0.49826345001209577
Time Elapsed:  58.000799894332886
MLUPS: 0.498268990301007
Time Elapsed:  58.000690937042236
MLUPS: 0.498269926325015
Time Elapsed:  58.0002064704895
MLUPS: 0.4982740882949152
Time Elapsed:  58.00100827217102
MLUPS: 0.4982672001904882
Time Elapsed:  58.00113391876221
MLUPS: 0.4982661208051215
Time Elapsed:  58.00174140930176
MLUPS: 0.4982609021350055
Time Elapsed:  58.00082874298096
MLUPS: 0.49826874247029396
Time Elapsed:  58.0014386177063
MLUPS: 0.4982635032638242
Time Elapsed:  58.00125336647034
MLUPS: 0.4982650946764999
Time Elapsed:  58.00061535835266
MLUPS: 0.4982705756041279
Time Elapsed:  58.0007061958313
MLUPS: 0.49826979524047826
Time Elapsed:  58.00014400482178
MLUPS: 0.4982746249319214
Time Elapsed:  58.00111413002014
MLUPS: 0.4982662908028861
Time Elapsed:  58.00127935409546
MLUPS: 0.49826487142751924
Time Elapsed:  58.00173282623291
MLUPS: 0.49826097586741697
Time Elapsed:  58.000839710235596
MLUPS: 0.49826864825372386
Time Elapsed:  58.00134873390198
MLUPS: 0.4982642754151656
Time Elapsed:  58.00120568275452
MLUPS: 0.49826550430817734
Time Elapsed:  58.00064730644226
MLUPS: 0.49827030114524273
Time Elapsed:  58.00055384635925
MLUPS: 0.4982711040407432
Time Elapsed:  58.000160932540894
MLUPS: 0.498274479507275
Time Elapsed:  58.001227140426636
MLUPS: 0.49826531997383916
Time Elapsed:  58.00127840042114
MLUPS: 0.4982648796201388
Time Elapsed:  58.00186824798584
MLUPS: 0.4982598125363587
Time Elapsed:  58.000860929489136
MLUPS: 0.4982684659652439
Time Elapsed:  58.00136470794678
MLUPS: 0.4982641381891555
Time Elapsed:  58.001375913619995
MLUPS: 0.4982640419261786
Time Elapsed:  58.000712156295776
MLUPS: 0.4982697440355998
Time Elapsed:  58.00052833557129
MLUPS: 0.4982713231988931
Time Elapsed:  58.00024962425232
MLUPS: 0.49827371756544486
Time Elapsed:  58.00122690200806
MLUPS: 0.4982653220219977
Time Elapsed:  58.00101828575134
MLUPS: 0.49826711416719455
Time Elapsed:  58.00185465812683
MLUPS: 0.49825992927884294
Time Elapsed:  58.00098490715027
MLUPS: 0.4982674009116223
Time Elapsed:  58.001203298568726
MLUPS: 0.49826552478977887
Time Elapsed:  58.001389503479004
MLUPS: 0.4982639251817672
Time Elapsed:  58.000807762145996
MLUPS: 0.4982689227107881
Time Elapsed:  58.00076699256897
MLUPS: 0.4982692729512121
Time Elapsed:  58.00028324127197
MLUPS: 0.4982734287655215
Time Elapsed:  58.00131630897522
MLUPS: 0.49826455396371694
Time Elapsed:  58.00141406059265
MLUPS: 0.4982637142227064
Time Elapsed:  58.00191307067871
MLUPS: 0.49825942749135993
Time Elapsed:  58.00105595588684
Time Elapsed:  58.00128388404846
MLUPS: 0.4982648325125798
Time Elapsed:  58.001697063446045
MLUPS: 0.4982612830860327
Time Elapsed:  58.00091314315796
MLUPS: 0.4982680174132598
Time Elapsed:  58.000685930252075
MLUPS: 0.4982699693371436
Time Elapsed:  58.000436544418335
MLUPS: 0.4982721117601862
Time Elapsed:  58.00129151344299
MLUPS: 0.49826476697164285
Time Elapsed:  58.001195192337036
MLUPS: 0.4982655944272368
Time Elapsed:  58.001943588256836
MLUPS: 0.49825916533340336
MLUPS: 0.4982667905560223
Time Elapsed:  58.00160312652588
MLUPS: 0.4982620900487345
Time Elapsed:  58.00144982337952
MLUPS: 0.4982634070010926
Time Elapsed:  58.0008225440979
MLUPS: 0.49826879572315363
Time Elapsed:  58.000826597213745
MLUPS: 0.4982687609039748
Time Elapsed:  58.000423192977905
MLUPS: 0.49827222646021857
Time Elapsed:  58.001272678375244
MLUPS: 0.49826492877586215
Time Elapsed:  58.00132989883423
MLUPS: 0.4982644372190656
Time Elapsed:  58.00203204154968
MLUPS: 0.4982584054865099
Time Elapsed:  58.00105667114258
MLUPS: 0.49826678441151045
Time Elapsed:  58.0014750957489
MLUPS: 0.49826318989804735
Time Elapsed:  58.001434326171875
MLUPS: 0.4982635401304121
Time Elapsed:  58.00098967552185
MLUPS: 0.49826735994811244
Time Elapsed:  58.00083374977112
MLUPS: 0.4982686994583771
Time Elapsed:  58.000463247299194
MLUPS: 0.49827188236027986
Time Elapsed:  58.00139236450195
MLUPS: 0.49826390060400333
Time Elapsed:  58.00123572349548
MLUPS: 0.498265246240142
Time Elapsed:  58.00205969810486
MLUPS: 0.4982581679068247
Time Elapsed:  58.00100636482239
MLUPS: 0.4982672165758808
Time Elapsed:  58.00173878669739
MLUPS: 0.4982609246643512
Time Elapsed:  58.00166869163513
MLUPS: 0.4982615268130707
Time Elapsed:  58.00083875656128
MLUPS: 0.4982686564464677
Time Elapsed:  58.00095462799072
MLUPS: 0.4982676610300674
Time Elapsed:  58.000519037246704
MLUPS: 0.4982714030790144
Time Elapsed:  58.001399755477905
MLUPS: 0.49826383711145794
Time Elapsed:  58.00136137008667
MLUPS: 0.4982641668632409
Time Elapsed:  58.00211143493652
MLUPS: 0.4982577234695737
Time Elapsed:  58.001102685928345
MLUPS: 0.49826638911489923
Time Elapsed:  58.0015709400177
MLUPS: 0.4982623665467082
Time Elapsed:  58.00157380104065
MLUPS: 0.49826234196909813
Time Elapsed:  58.00101184844971
MLUPS: 0.4982671694678799
Time Elapsed:  58.00106358528137
Time Elapsed:  58.000502586364746
MLUPS: 0.4982715444054455
Time Elapsed:  58.00141954421997
MLUPS: 0.4982636671153677
Time Elapsed:  58.00164604187012
MLUPS: 0.49826172138524694
Time Elapsed:  58.002156257629395
MLUPS: 0.4982573384278037
Time Elapsed:  58.0011260509491
MLUPS: 0.49826618839458026
Time Elapsed:  58.00163006782532
MLUPS: 0.49826185860992583
Time Elapsed:  58.00157833099365
MLUPS: 0.4982623030545538
Time Elapsed:  58.001009941101074
MLUPS: 0.4982671858532705
Time Elapsed:  58.00079870223999
MLUPS: 0.4982690005419509
Time Elapsed:  58.00049328804016
MLUPS: 0.49827162428563776
Time Elapsed:  58.001378297805786
MLUPS: 0.49826402144469895
Time Elapsed:  58.001434564590454
MLUPS: 0.49826353808226814
Time Elapsed:  58.00209403038025
MLUPS: 0.4982578729806342
Time Elapsed:  58.00119185447693
MLUPS: 0.4982656231014898
Time Elapsed:  58.00156378746033
MLUPS: 0.49826242799074405
Time Elapsed:  58.00156497955322
MLUPS: 0.4982624177500704
Time Elapsed:  58.00104260444641
MLUPS: 0.4982669052536049
MLUPS: 0.4982667250145703
Time Elapsed:  58.000675439834595
MLUPS: 0.4982700594578182
Time Elapsed:  58.00149178504944
MLUPS: 0.4982630465282155
Time Elapsed:  58.001797914505005
MLUPS: 0.4982604167305084
Time Elapsed:  58.002278566360474
MLUPS: 0.4982562877583417
Time Elapsed:  58.001343965530396
MLUPS: 0.4982643163781683
Time Elapsed:  58.001646280288696
MLUPS: 0.498261719337118
Time Elapsed:  58.00173854827881
MLUPS: 0.4982609267124736
Time Elapsed:  58.00118613243103
Time Elapsed:  58.00082039833069
MLUPS: 0.49826881415683844
Time Elapsed:  58.00067591667175
MLUPS: 0.4982700553614232
Time Elapsed:  58.00152611732483
Time Elapsed:  58.001463890075684
Time Elapsed:  58.00221371650696
MLUPS: 0.49825684483789445
Time Elapsed:  58.00132608413696
MLUPS: 0.49826446998948853
MLUPS: 0.49826328616069504
Time Elapsed:  58.00229501724243
Time Elapsed:  58.00130081176758
MLUPS: 0.4982646870936493
Time Elapsed:  58.00162482261658
MLUPS: 0.498261903668792
Time Elapsed:  58.00192475318909
MLUPS: 0.4982593271339846
Time Elapsed:  58.00106596946716
MLUPS: 0.4982667045328701
Time Elapsed:  58.000975131988525
MLUPS: 0.4982674848868387
Time Elapsed:  58.00058698654175
MLUPS: 0.4982708193402569
MLUPS: 0.4982627515962495
Time Elapsed:  58.00194716453552
MLUPS: 0.49825913461178595
Time Elapsed:  58.00189709663391
MLUPS: 0.4982595647147752
MLUPS: 0.4982656722573598
Time Elapsed:  58.00100135803223
MLUPS: 0.4982672595875417
Time Elapsed:  58.000858306884766
MLUPS: 0.4982684884952735
Time Elapsed:  58.00154376029968
MLUPS: 0.49826260003412504
Time Elapsed:  58.0017466545105
MLUPS: 0.4982608570763204
Time Elapsed:  58.00229358673096
MLUPS: 0.49825615872906415
Time Elapsed:  58.001288175582886
MLUPS: 0.4982647956458007
Time Elapsed:  58.001726388931274
MLUPS: 0.4982610311667398
Time Elapsed:  58.00195097923279
MLUPS: 0.49825910184206484
Time Elapsed:  58.00107979774475
MLUPS: 0.498266585739042
Time Elapsed:  58.001140117645264
MLUPS: 0.4982660675528336
Time Elapsed:  58.00103425979614
MLUPS: 0.4982669769396208
Time Elapsed:  58.001710414886475
MLUPS: 0.4982611683910385
Time Elapsed:  58.00151491165161
MLUPS: 0.4982628478587279
Time Elapsed:  58.00237774848938
MLUPS: 0.49825543575672937
Time Elapsed:  58.00135087966919
MLUPS: 0.49826425698181653
Time Elapsed:  58.00180268287659
MLUPS: 0.4982603757681469
Time Elapsed:  58.00190854072571
MLUPS: 0.4982594664054551
Time Elapsed:  58.001333713531494
MLUPS: 0.498264404448647
Time Elapsed:  58.00111722946167
MLUPS: 0.4982662641767225
Time Elapsed:  58.001107931137085
MLUPS: 0.4982663440552217
Time Elapsed:  58.001643657684326
MLUPS: 0.4982617418665375
Time Elapsed:  58.001813650131226
MLUPS: 0.4982602815547409
Time Elapsed:  58.00241756439209
MLUPS: 0.4982550937280556
Time Elapsed:  58.001492977142334
MLUPS: 0.4982630362875164
Time Elapsed:  58.00187563896179
MLUPS: 0.49825974904485515
Time Elapsed:  58.0020809173584
MLUPS: 0.498257985626013
Time Elapsed:  58.001848459243774
MLUPS: 0.4982599825298188
Time Elapsed:  58.00166130065918
MLUPS: 0.49826159030502726
Time Elapsed:  58.00146698951721
MLUPS: 0.49826325953485257
Time Elapsed:  58.00167632102966
MLUPS: 0.4982614612730034
Time Elapsed:  58.00157642364502
MLUPS: 0.4982623194396244
MLUPS: 0.498256146440565
Time Elapsed:  58.000906467437744
MLUPS: 0.4982680747623269
Time Elapsed:  58.00199031829834
Time Elapsed:  58.00188851356506
MLUPS: 0.4982596384467909
Time Elapsed:  58.00190258026123
MLUPS: 0.4982595176082212
Time Elapsed:  58.00186467170715
MLUPS: 0.4982598432580598
Time Elapsed:  58.001423358917236
MLUPS: 0.4982636343450504
Time Elapsed:  58.00177836418152
MLUPS: 0.49826058467626116
Time Elapsed:  58.0017454624176
MLUPS: 0.4982608673169299
Time Elapsed:  58.00235366821289
MLUPS: 0.49825564261262223
Time Elapsed:  58.00151753425598
MLUPS: 0.4982628253292083
Time Elapsed:  58.00186347961426
MLUPS: 0.4982598534986276
Time Elapsed:  58.001962184906006
MLUPS: 0.4982590055810339
Time Elapsed:  58.00177621841431
MLUPS: 0.4982606031093385
Time Elapsed:  58.00176215171814
MLUPS: 0.4982607239484347
Time Elapsed:  58.00166726112366
MLUPS: 0.49826153910183524
Time Elapsed:  58.00250053405762
MLUPS: 0.4982543809991544
Time Elapsed:  58.00165295600891
MLUPS: 0.4982616619895138
MLUPS: 0.49825876390456714
Time Elapsed:  58.002289056777954
MLUPS: 0.4982561976426488
Time Elapsed:  58.00190496444702
MLUPS: 0.4982594971271135
Time Elapsed:  58.001723289489746
MLUPS: 0.4982610577923441
Time Elapsed:  58.00204563140869
MLUPS: 0.4982582887447397
Time Elapsed:  58.00247812271118
MLUPS: 0.4982545735176796
Time Elapsed:  58.00187420845032
MLUPS: 0.498259761333532
Time Elapsed:  58.00189518928528
MLUPS: 0.4982595810996657
Time Elapsed:  58.0026068687439
MLUPS: 0.498253467562222
Time Elapsed:  58.0018367767334
MLUPS: 0.49826008288745816
Time Elapsed:  58.001837730407715
MLUPS: 0.4982600746949962
Time Elapsed:  58.00243330001831
MLUPS: 0.49825495855517626
Time Elapsed:  58.002031087875366
MLUPS: 0.4982584136789169
Time Elapsed:  58.00210785865784
MLUPS: 0.49825775419101714
Time Elapsed:  58.00259757041931
MLUPS: 0.4982535474366183
Time Elapsed:  58.001885175704956
Time Elapsed:  58.002357006073
MLUPS: 0.49825561393951795
Time Elapsed:  58.002585649490356
MLUPS: 0.49825364983972803
Time Elapsed:  58.002112865448
MLUPS: 0.4982577111809974
Time Elapsed:  58.0021116733551
MLUPS: 0.4982577214214776
Time Elapsed:  58.002646923065186
MLUPS: 0.49825312348819206
MLUPS: 0.4982596671203584
Time Elapsed:  58.00229787826538
MLUPS: 0.49825612186356855
Time Elapsed:  58.00282406806946
MLUPS: 0.49825160178553174
Time Elapsed:  58.00245809555054
MLUPS: 0.4982547455556365
Time Elapsed:  58.002787590026855
MLUPS: 0.4982519151367328
Time Elapsed:  58.00232720375061
MLUPS: 0.49825586994949467
Time Elapsed:  58.00302171707153
MLUPS: 0.4982499039613674
Time Elapsed:  58.0027642250061
MLUPS: 0.49825211584555235
Time Elapsed:  58.00236511230469
MLUPS: 0.49825554430484975
Time Elapsed:  58.00323295593262
MLUPS: 0.49824808941178317
Time Elapsed:  58.00327014923096
MLUPS: 0.4982477699213511

============================= JOB FEEDBACK =============================

NodeName=uc2n[036,183,197,200,223-224,226,228,247-248]
Job ID: 23133172
Cluster: uc2
User/Group: fr_rk311/fr_fr
State: COMPLETED (exit code 0)
Nodes: 10
Cores per node: 80
CPU Utilized: 06:41:37
CPU Efficiency: 26.89% of 1-00:53:20 core-walltime
Job Wall-clock time: 00:01:52
Memory Utilized: 58.82 GB (estimated maximum)
Memory Efficiency: 6.69% of 878.91 GB (87.89 GB/node)
