We have a maximum of 36 tasks at our disposition
In the case of equal size we divide the processes as 6 and 6
Time Elapsed:  81.5318489074707
MLUPS: 3.3164953772466634
Time Elapsed:  81.53178262710571
MLUPS: 3.3164980733550644
Time Elapsed:  81.5319082736969
MLUPS: 3.3164929623907016
Time Elapsed:  81.52093553543091
MLUPS: 3.316939363171045
Time Elapsed:  81.53156685829163
MLUPS: 3.316506850285078
Time Elapsed:  81.53188419342041
MLUPS: 3.3164939419101658
Time Elapsed:  81.53196382522583
MLUPS: 3.316490702709393
Time Elapsed:  81.53128361701965
MLUPS: 3.316518371894663
Time Elapsed:  81.53170943260193
MLUPS: 3.3165010507172763
Time Elapsed:  81.53164649009705
MLUPS: 3.3165036110590895
Time Elapsed:  81.53219175338745
MLUPS: 3.316481431259519
Time Elapsed:  81.53222608566284
MLUPS: 3.3164800347276286
Time Elapsed:  81.53213739395142
MLUPS: 3.316483642437418
Time Elapsed:  81.53126883506775
MLUPS: 3.316518973192984
Time Elapsed:  81.53210783004761
MLUPS: 3.3164848450090916
Time Elapsed:  81.53175115585327
MLUPS: 3.316499353523178
Time Elapsed:  81.53131365776062
MLUPS: 3.3165171499019723
Time Elapsed:  81.53222799301147
MLUPS: 3.3164799571425583
Time Elapsed:  81.531747341156
MLUPS: 3.316499508695138
Time Elapsed:  81.53159832954407
MLUPS: 3.3165055701111763
Time Elapsed:  81.53178572654724
MLUPS: 3.316497947277955
Time Elapsed:  81.53138041496277
MLUPS: 3.3165144343658843
Time Elapsed:  81.5314621925354
MLUPS: 3.3165111078402374
Time Elapsed:  81.53228664398193
Time Elapsed:  81.53179430961609
MLUPS: 3.316497598141395
Time Elapsed:  81.53140950202942
MLUPS: 3.316513251169409
MLUPS: 3.316477571403411
Time Elapsed:  81.53141331672668
MLUPS: 3.316513095996163
Time Elapsed:  81.53142952919006
MLUPS: 3.3165124365100307
Time Elapsed:  81.53234457969666
Time Elapsed:  81.53187131881714
MLUPS: 3.316494465613879
Time Elapsed:  81.53156399726868
MLUPS: 3.3165069666645723
MLUPS: 3.316475214762014
Time Elapsed:  81.5319275856018
MLUPS: 3.316492176835906
Time Elapsed:  81.53163695335388
Time Elapsed:  81.53235912322998
MLUPS: 3.3164746231776623
MLUPS: 3.3165039989900125
Time Elapsed:  81.53207397460938
MLUPS: 3.3164862221486926
Time Elapsed:  81.53244853019714
MLUPS: 3.316470986393252

============================= JOB FEEDBACK =============================

NodeName=uc2n[005-008]
Job ID: 23133129
Cluster: uc2
User/Group: fr_rk311/fr_fr
State: COMPLETED (exit code 0)
Nodes: 4
Cores per node: 80
CPU Utilized: 00:49:33
CPU Efficiency: 7.94% of 10:24:00 core-walltime
Job Wall-clock time: 00:01:57
Memory Utilized: 1.42 GB
Memory Efficiency: 0.40% of 351.56 GB
