We have a maximum of 64 tasks at our disposition
In the case of equal size we divide the processes as 8 and 8
Time Elapsed:  64.50590801239014
MLUPS: 2.357923555944442
Time Elapsed:  64.50550866127014
MLUPS: 2.357938153758372
Time Elapsed:  64.50583028793335
MLUPS: 2.3579263970570468
Time Elapsed:  64.50584888458252
MLUPS: 2.3579257172810153
Time Elapsed:  64.50586581230164
MLUPS: 2.3579250985108655
Time Elapsed:  64.50550866127014
MLUPS: 2.357938153758372
Time Elapsed:  64.50592803955078
MLUPS: 2.357922823879726
Time Elapsed:  64.50563359260559
MLUPS: 2.3579335870198403
Time Elapsed:  64.49150109291077
MLUPS: 2.358450298449009
Time Elapsed:  64.50591373443604
MLUPS: 2.357923346783048
Time Elapsed:  64.50593686103821
MLUPS: 2.357922501422794
Time Elapsed:  64.50596570968628
MLUPS: 2.357921446902089
Time Elapsed:  64.50597286224365
MLUPS: 2.35792118545082
Time Elapsed:  64.50603008270264
MLUPS: 2.3579190938427597
Time Elapsed:  64.50608777999878
MLUPS: 2.357916984808389
Time Elapsed:  64.50612545013428
MLUPS: 2.357915607837571
Time Elapsed:  64.5060167312622
MLUPS: 2.3579195818843086
Time Elapsed:  64.50606751441956
MLUPS: 2.3579177255844943
Time Elapsed:  64.50609302520752
MLUPS: 2.357916793078179
Time Elapsed:  64.50614476203918
MLUPS: 2.357914901922776
Time Elapsed:  64.50617003440857
MLUPS: 2.3579139781336815
Time Elapsed:  64.50603413581848
MLUPS: 2.3579189456873295
Time Elapsed:  64.50605940818787
MLUPS: 2.357918021895067
Time Elapsed:  64.50610303878784
MLUPS: 2.357916427047864
Time Elapsed:  64.50602889060974
MLUPS: 2.35791913741789
Time Elapsed:  64.50603675842285
MLUPS: 2.3579188498220613
Time Elapsed:  64.50608158111572
MLUPS: 2.3579172113986777
Time Elapsed:  64.50608921051025
MLUPS: 2.3579169325183287
Time Elapsed:  64.50615787506104
MLUPS: 2.3579144225981556
Time Elapsed:  64.50618004798889
MLUPS: 2.357913612104241
Time Elapsed:  64.5060350894928
MLUPS: 2.357918910827231
Time Elapsed:  64.50620150566101
MLUPS: 2.357912827755822
Time Elapsed:  64.50609111785889
MLUPS: 2.357916862798252
Time Elapsed:  64.50614428520203
MLUPS: 2.3579149193527655
Time Elapsed:  64.50610661506653
MLUPS: 2.357916296322779
Time Elapsed:  64.50612735748291
MLUPS: 2.3579155381175725
Time Elapsed:  64.50620746612549
MLUPS: 2.3579126098813536
Time Elapsed:  64.50608944892883
MLUPS: 2.3579169238033186
Time Elapsed:  64.5060305595398
MLUPS: 2.357919076412708
Time Elapsed:  64.50621151924133
MLUPS: 2.357912461726738
Time Elapsed:  64.50625824928284
MLUPS: 2.357910753592517
Time Elapsed:  64.5060760974884
MLUPS: 2.3579174118439696
Time Elapsed:  64.5062460899353
MLUPS: 2.357911198055775
Time Elapsed:  64.50618839263916
MLUPS: 2.3579133070797935
Time Elapsed:  64.50628066062927
MLUPS: 2.3579099343861665
Time Elapsed:  64.50618696212769
MLUPS: 2.3579133593696935
Time Elapsed:  64.5063636302948
MLUPS: 2.3579069015846317
Time Elapsed:  64.50636672973633
MLUPS: 2.3579067882904727
Time Elapsed:  64.50613641738892
MLUPS: 2.3579152069476352
Time Elapsed:  64.50637912750244
MLUPS: 2.3579063351139453
Time Elapsed:  64.50642490386963
MLUPS: 2.3579046618482775
Time Elapsed:  64.50630307197571
MLUPS: 2.3579091151803855
Time Elapsed:  64.50640606880188
MLUPS: 2.357905350327093
Time Elapsed:  64.50639414787292
MLUPS: 2.357905786073386
Time Elapsed:  64.50564098358154
MLUPS: 2.3579333168507484
Time Elapsed:  64.50637412071228
MLUPS: 2.3579065181275225
Time Elapsed:  64.50637483596802
MLUPS: 2.357906491982724
Time Elapsed:  64.50627636909485
MLUPS: 2.3579100912554236
Time Elapsed:  64.50647950172424
MLUPS: 2.357902666133476
Time Elapsed:  64.50569200515747
MLUPS: 2.357931451814191
Time Elapsed:  64.50635600090027
MLUPS: 2.357907180462608
Time Elapsed:  64.50646424293518
MLUPS: 2.3579032238874906
Time Elapsed:  64.50647735595703
MLUPS: 2.3579027445676184
Time Elapsed:  64.5063123703003
MLUPS: 2.357908775297303

============================= JOB FEEDBACK =============================

NodeName=uc2n[003-006]
Job ID: 23133148
Cluster: uc2
User/Group: fr_rk311/fr_fr
State: COMPLETED (exit code 0)
Nodes: 4
Cores per node: 80
CPU Utilized: 01:10:09
CPU Efficiency: 13.29% of 08:48:00 core-walltime
Job Wall-clock time: 00:01:39
Memory Utilized: 2.50 GB
Memory Efficiency: 0.71% of 351.56 GB
