We have a maximum of 16 tasks at our disposition
In the case of equal size we divide the processes as 4 and 4
Time Elapsed:  117.23192048072815
MLUPS: 5.057496265255394
Time Elapsed:  117.23191785812378
MLUPS: 5.057496378397038
Time Elapsed:  117.23196339607239
MLUPS: 5.057494413847409
Time Elapsed:  117.2318422794342
MLUPS: 5.057499638935654
Time Elapsed:  117.23189401626587
MLUPS: 5.057497406957662
Time Elapsed:  117.08764672279358
MLUPS: 5.063728041299677
Time Elapsed:  117.23208379745483
MLUPS: 5.057489219626684
Time Elapsed:  117.2318799495697
MLUPS: 5.057498013808626
Time Elapsed:  117.23147988319397
MLUPS: 5.057515273122444
Time Elapsed:  117.23130297660828
MLUPS: 5.057522905109262
Time Elapsed:  117.23132085800171
MLUPS: 5.057522133680977
Time Elapsed:  117.23124670982361
MLUPS: 5.05752533253847
Time Elapsed:  117.23145794868469
MLUPS: 5.057516219405273
Time Elapsed:  117.23121881484985
MLUPS: 5.05752653596822
Time Elapsed:  117.23137497901917
MLUPS: 5.057519798826133
Time Elapsed:  117.23128652572632
MLUPS: 5.057523614823493

============================= JOB FEEDBACK =============================

NodeName=uc2n[003-004]
Job ID: 23133128
Cluster: uc2
User/Group: fr_rk311/fr_fr
State: COMPLETED (exit code 0)
Nodes: 2
Cores per node: 80
CPU Utilized: 00:31:30
CPU Efficiency: 7.12% of 07:22:40 core-walltime
Job Wall-clock time: 00:02:46
Memory Utilized: 1.27 GB
Memory Efficiency: 0.72% of 175.78 GB
