We have a maximum of 900 tasks at our disposition
In the case of equal size we divide the processes as 30 and 30
Time Elapsed:  55.313616037368774
MLUPS: 0.2603337303110259
Time Elapsed:  55.31336164474487
MLUPS: 0.2603349276163202
Time Elapsed:  55.31387758255005
MLUPS: 0.26033249935352193
Time Elapsed:  55.31380915641785
MLUPS: 0.26033282139870895
Time Elapsed:  55.314207792282104
MLUPS: 0.26033094524422
Time Elapsed:  55.31367492675781
MLUPS: 0.26033345314820233
Time Elapsed:  55.313997745513916
MLUPS: 0.26033193381268255
Time Elapsed:  55.314475536346436
MLUPS: 0.2603296851388918
Time Elapsed:  55.31336784362793
MLUPS: 0.26033489844099
Time Elapsed:  55.31375765800476
MLUPS: 0.2603330637747062
Time Elapsed:  55.31390619277954
MLUPS: 0.26033236470071824
Time Elapsed:  55.31436848640442
MLUPS: 0.2603301889551417
Time Elapsed:  55.31334614753723
MLUPS: 0.26033500055467435
Time Elapsed:  55.31436109542847
MLUPS: 0.2603302237398546
Time Elapsed:  55.31362962722778
MLUPS: 0.26033366635032196
Time Elapsed:  55.31382751464844
MLUPS: 0.26033273499626347
Time Elapsed:  55.314419746398926
MLUPS: 0.26032994770658274
Time Elapsed:  55.31408882141113
MLUPS: 0.2603315051702706
Time Elapsed:  55.31356596946716
MLUPS: 0.26033396595599595
Time Elapsed:  55.31438994407654
MLUPS: 0.26033008796731844
Time Elapsed:  55.31404161453247
MLUPS: 0.26033172734600424
Time Elapsed:  55.31390428543091
MLUPS: 0.26033237367756745
Time Elapsed:  55.31506395339966
MLUPS: 0.2603269158674628
Time Elapsed:  55.31414270401001
MLUPS: 0.26033125157620984
Time Elapsed:  55.314451456069946
MLUPS: 0.2603297984693259
Time Elapsed:  55.314162492752075
MLUPS: 0.26033115844223187
Time Elapsed:  55.31331729888916
MLUPS: 0.26033513633233474
Time Elapsed:  55.314396142959595
MLUPS: 0.26033005879307297
Time Elapsed:  55.31373977661133
MLUPS: 0.2603331479331442
Time Elapsed:  55.31406831741333
MLUPS: 0.2603316016707952
Time Elapsed:  55.31502985954285
MLUPS: 0.2603270763220195
Time Elapsed:  55.31457757949829
MLUPS: 0.2603292048882462
Time Elapsed:  55.31422305107117
MLUPS: 0.2603308734302315
Time Elapsed:  55.31403136253357
MLUPS: 0.26033177559633996
Time Elapsed:  55.314117670059204
MLUPS: 0.26033136939639784
Time Elapsed:  55.31355595588684
MLUPS: 0.2603340130850411
Time Elapsed:  55.313854694366455
MLUPS: 0.26033260707586514
Time Elapsed:  55.31378960609436
MLUPS: 0.2603329134117659
Time Elapsed:  55.31379795074463
MLUPS: 0.2603328741378922
Time Elapsed:  55.31474947929382
MLUPS: 0.26032839587188955
Time Elapsed:  55.31486678123474
MLUPS: 0.26032784381368373
Time Elapsed:  55.314313650131226
MLUPS: 0.2603304470354906
Time Elapsed:  55.314643144607544
MLUPS: 0.26032889631692063
Time Elapsed:  55.3141713142395
MLUPS: 0.2603311169246969
Time Elapsed:  55.314237117767334
MLUPS: 0.2603308072267459
Time Elapsed:  55.313711643218994
MLUPS: 0.26033328034253006
Time Elapsed:  55.314595222473145
MLUPS: 0.26032912185443574
Time Elapsed:  55.31350612640381
MLUPS: 0.26033424760840074
Time Elapsed:  55.31409287452698
MLUPS: 0.260331486094594
Time Elapsed:  55.314728021621704
MLUPS: 0.26032849685840004
Time Elapsed:  55.31594753265381
MLUPS: 0.26032275758269297
Time Elapsed:  55.315139293670654
MLUPS: 0.26032656129725584
Time Elapsed:  55.31443524360657
MLUPS: 0.2603298747710599
Time Elapsed:  55.3145546913147
MLUPS: 0.260329312607863
Time Elapsed:  55.31429076194763
MLUPS: 0.26033055475613537
Time Elapsed:  55.31410765647888
MLUPS: 0.2603314165245029
Time Elapsed:  55.31341481208801
MLUPS: 0.26033467738196975
Time Elapsed:  55.31557250022888
MLUPS: 0.2603245225373093
Time Elapsed:  55.31460976600647
MLUPS: 0.26032905340768586
Time Elapsed:  55.31570839881897
MLUPS: 0.2603238829769276
Time Elapsed:  55.313714265823364
MLUPS: 0.26033326799927653
Time Elapsed:  55.31438589096069
MLUPS: 0.2603301070427902
Time Elapsed:  55.31447672843933
MLUPS: 0.2603296795284768
Time Elapsed:  55.314133644104004
MLUPS: 0.2603312942158846
Time Elapsed:  55.313502073287964
MLUPS: 0.26033426668448206
Time Elapsed:  55.31585454940796
MLUPS: 0.2603231951725154
Time Elapsed:  55.314417123794556
MLUPS: 0.2603299600495214
Time Elapsed:  55.31550312042236
MLUPS: 0.2603248490509264
Time Elapsed:  55.31373405456543
MLUPS: 0.2603331748638559
Time Elapsed:  55.314314126968384
MLUPS: 0.26033044479131145
Time Elapsed:  55.31507110595703
MLUPS: 0.26032688220569283
Time Elapsed:  55.314711570739746
MLUPS: 0.2603285742814445
Time Elapsed:  55.31587076187134
MLUPS: 0.26032311887469683
Time Elapsed:  55.31587886810303
MLUPS: 0.26032308072580435
Time Elapsed:  55.315927028656006
MLUPS: 0.2603228540767325
Time Elapsed:  55.3153395652771
MLUPS: 0.2603256187735537
Time Elapsed:  55.314422607421875
MLUPS: 0.26032993424156003
Time Elapsed:  55.31449294090271
MLUPS: 0.2603296032268573
Time Elapsed:  55.31655287742615
MLUPS: 0.26031990879671074
Time Elapsed:  55.31610155105591
MLUPS: 0.2603220327576596
Time Elapsed:  55.31661677360535
MLUPS: 0.26031960810139504
Time Elapsed:  55.314631938934326
MLUPS: 0.2603289490545135
Time Elapsed:  55.31534934043884
MLUPS: 0.26032557276959534
Time Elapsed:  55.31642127037048
MLUPS: 0.2603205281414901
Time Elapsed:  55.31550407409668
MLUPS: 0.26032484456276117
Time Elapsed:  55.315664768218994
MLUPS: 0.2603240883091287
Time Elapsed:  55.31502032279968
MLUPS: 0.2603271212044484
Time Elapsed:  55.31431865692139
MLUPS: 0.2603304234716114
Time Elapsed:  55.31454825401306
MLUPS: 0.2603293429040213
Time Elapsed:  55.31417727470398
MLUPS: 0.26033108887231593
Time Elapsed:  55.31581258773804
MLUPS: 0.2603233926494298
Time Elapsed:  55.31411266326904
MLUPS: 0.26033139296044827
Time Elapsed:  55.31366991996765
MLUPS: 0.26033347671262996
Time Elapsed:  55.315468549728394
MLUPS: 0.2603250117470207
Time Elapsed:  55.31436729431152
MLUPS: 0.26033019456557865
Time Elapsed:  55.3155243396759
MLUPS: 0.26032474918928644
Time Elapsed:  55.31434750556946
MLUPS: 0.26033028769886696
Time Elapsed:  55.31409406661987
MLUPS: 0.2603314804841014
Time Elapsed:  55.31633400917053
MLUPS: 0.2603209387956317
Time Elapsed:  55.1876699924469
MLUPS: 0.26092784859318785
Time Elapsed:  55.318031787872314
MLUPS: 0.26031294922457804
Time Elapsed:  55.31809091567993
MLUPS: 0.2603126709840653
Time Elapsed:  55.31815552711487
MLUPS: 0.2603123669396689
Time Elapsed:  55.31815981864929
MLUPS: 0.2603123467448633
Time Elapsed:  55.31825304031372
MLUPS: 0.26031190806958165
Time Elapsed:  55.31831884384155
MLUPS: 0.26031159841733176
Time Elapsed:  55.318355560302734
MLUPS: 0.260311425640672
Time Elapsed:  55.31816864013672
MLUPS: 0.2603123052333283
Time Elapsed:  55.31825637817383
MLUPS: 0.2603118923625657
Time Elapsed:  55.3180935382843
MLUPS: 0.260312658642766
Time Elapsed:  55.317994117736816
MLUPS: 0.26031312649102134
Time Elapsed:  55.317951917648315
MLUPS: 0.2603133250746022
Time Elapsed:  55.317866802215576
MLUPS: 0.2603137256085091
Time Elapsed:  55.31778526306152
MLUPS: 0.26031410931441623
Time Elapsed:  55.31812071800232
MLUPS: 0.2603125307420968
Time Elapsed:  55.31791114807129
MLUPS: 0.260313516926824
Time Elapsed:  55.317936420440674
MLUPS: 0.260313398000852
Time Elapsed:  55.31746482849121
MLUPS: 0.26031561722227176
Time Elapsed:  55.31810688972473
MLUPS: 0.26031259581435134
Time Elapsed:  55.31802845001221
MLUPS: 0.2603129649317215
Time Elapsed:  55.31811833381653
MLUPS: 0.2603125419614487
Time Elapsed:  55.31645655632019
MLUPS: 0.260320362084992
Time Elapsed:  55.31595063209534
MLUPS: 0.26032274299639085
Time Elapsed:  55.316999197006226
MLUPS: 0.26031780843201147
Time Elapsed:  55.31462907791138
MLUPS: 0.26032896251943427
Time Elapsed:  55.31532883644104
MLUPS: 0.26032566926572187
Time Elapsed:  55.31641221046448
MLUPS: 0.26032057077765214
Time Elapsed:  55.31563186645508
MLUPS: 0.2603242431500192
Time Elapsed:  55.315863609313965
MLUPS: 0.26032315253549365
Time Elapsed:  55.31528878211975
MLUPS: 0.26032585776998945
Time Elapsed:  55.314350605010986
MLUPS: 0.260330273111721
Time Elapsed:  55.314614057540894
MLUPS: 0.2603290332102911
Time Elapsed:  55.31441068649292
MLUPS: 0.26032999034583043
Time Elapsed:  55.31580567359924
MLUPS: 0.2603234251882683
Time Elapsed:  55.31427764892578
MLUPS: 0.26033061647112826
Time Elapsed:  55.3173406124115
MLUPS: 0.2603162017656555
Time Elapsed:  55.31363320350647
MLUPS: 0.26033364951856297
Time Elapsed:  55.31578969955444
MLUPS: 0.2603235003642367
Time Elapsed:  55.3172504901886
MLUPS: 0.26031662586979215
Time Elapsed:  55.31455159187317
MLUPS: 0.2603293271949013
Time Elapsed:  55.31556463241577
MLUPS: 0.26032455956458556
Time Elapsed:  55.31389045715332
MLUPS: 0.260332438759743
Time Elapsed:  55.31415057182312
MLUPS: 0.26033121454702984
Time Elapsed:  55.31698942184448
MLUPS: 0.26031785443322575
Time Elapsed:  55.316397190093994
MLUPS: 0.2603206414639516
Time Elapsed:  55.31849908828735
MLUPS: 0.2603107502432026
Time Elapsed:  55.31884169578552
MLUPS: 0.260309138054441
Time Elapsed:  55.31924772262573
MLUPS: 0.26030722746271834
Time Elapsed:  55.31914520263672
MLUPS: 0.26030770987606733
Time Elapsed:  55.31841492652893
MLUPS: 0.26031114628149304
Time Elapsed:  55.31847095489502
MLUPS: 0.26031088262980584
Time Elapsed:  55.318721532821655
MLUPS: 0.26030970349624233
Time Elapsed:  55.31872320175171
MLUPS: 0.2603096956428671
Time Elapsed:  55.31864261627197
MLUPS: 0.2603100748492379
Time Elapsed:  55.31857872009277
MLUPS: 0.2603103755225302
Time Elapsed:  55.31853938102722
MLUPS: 0.26031056063889524
Time Elapsed:  55.318450927734375
MLUPS: 0.26031097687119864
Time Elapsed:  55.31633257865906
MLUPS: 0.2603209455276776
Time Elapsed:  55.31630611419678
MLUPS: 0.2603210700705895
Time Elapsed:  55.31664776802063
MLUPS: 0.2603194622419772
Time Elapsed:  55.31470441818237
MLUPS: 0.2603286079436521
Time Elapsed:  55.315603494644165
MLUPS: 0.26032437667238423
Time Elapsed:  55.31635618209839
MLUPS: 0.2603208344489647
Time Elapsed:  55.3157958984375
MLUPS: 0.26032347119146765
Time Elapsed:  55.31578874588013
MLUPS: 0.26032350485235556
Time Elapsed:  55.31509304046631
MLUPS: 0.2603267789763191
Time Elapsed:  55.314573764801025
MLUPS: 0.2603292228415095
Time Elapsed:  55.31454873085022
MLUPS: 0.2603293406598612
Time Elapsed:  55.314398527145386
MLUPS: 0.26033004757221107
Time Elapsed:  55.31597065925598
MLUPS: 0.2603226487464784
Time Elapsed:  55.3140914440155
MLUPS: 0.2603314928271854
Time Elapsed:  55.31722712516785
MLUPS: 0.260316735822942
Time Elapsed:  55.31369066238403
MLUPS: 0.26033337908860044
Time Elapsed:  55.315664291381836
MLUPS: 0.2603240905531982
Time Elapsed:  55.317424058914185
MLUPS: 0.2603158090778722
Time Elapsed:  55.31458759307861
MLUPS: 0.26032915776094184
Time Elapsed:  55.31556463241577
MLUPS: 0.26032455956458556
Time Elapsed:  55.31381869316101
MLUPS: 0.2603327765143146
Time Elapsed:  55.31441855430603
MLUPS: 0.26032995331700926
Time Elapsed:  55.31727981567383
MLUPS: 0.2603164878675007
Time Elapsed:  55.316701889038086
MLUPS: 0.26031920754938564
Time Elapsed:  55.31956481933594
MLUPS: 0.26030573535832924
Time Elapsed:  55.31933403015137
MLUPS: 0.26030682133937827
Time Elapsed:  55.3168466091156
MLUPS: 0.2603185265016
Time Elapsed:  55.31626749038696
MLUPS: 0.2603212518361344
Time Elapsed:  55.3168203830719
MLUPS: 0.2603186499202095
Time Elapsed:  55.31490111351013
MLUPS: 0.2603276822361152
Time Elapsed:  55.315354108810425
MLUPS: 0.26032555032864596
Time Elapsed:  55.316481590270996
MLUPS: 0.2603202442747671
Time Elapsed:  55.315802574157715
MLUPS: 0.26032343977464684
Time Elapsed:  55.316163301467896
MLUPS: 0.26032174215556764
Time Elapsed:  55.31513166427612
MLUPS: 0.2603265972030557
Time Elapsed:  55.31371235847473
MLUPS: 0.2603332769761881
Time Elapsed:  55.314621925354004
MLUPS: 0.26032899618174227
Time Elapsed:  55.314297914505005
MLUPS: 0.2603305210934243
Time Elapsed:  55.315906286239624
MLUPS: 0.2603229516928685
Time Elapsed:  55.31413555145264
MLUPS: 0.2603312852391098
Time Elapsed:  55.317506074905396
MLUPS: 0.26031542312303396
Time Elapsed:  55.3136568069458
MLUPS: 0.26033353842900825
Time Elapsed:  55.31607747077942
MLUPS: 0.2603221460814311
Time Elapsed:  55.3174250125885
MLUPS: 0.2603158045900187
Time Elapsed:  55.31444072723389
MLUPS: 0.26032984896311545
Time Elapsed:  55.31547522544861
MLUPS: 0.26032498032982804
Time Elapsed:  55.31405329704285
MLUPS: 0.26033167236308535
Time Elapsed:  55.31417202949524
MLUPS: 0.2603311135584109
Time Elapsed:  55.317519187927246
MLUPS: 0.2603153614152444
Time Elapsed:  55.31666851043701
MLUPS: 0.2603193646284581
Time Elapsed:  55.31555652618408
MLUPS: 0.2603245977139114
Time Elapsed:  55.31647181510925
MLUPS: 0.26032029027684217
Time Elapsed:  55.31506657600403
MLUPS: 0.26032690352481286
Time Elapsed:  55.31432580947876
MLUPS: 0.2603303898089343
Time Elapsed:  55.314727544784546
MLUPS: 0.26032849910254563
Time Elapsed:  55.31453728675842
MLUPS: 0.26032939451971465
Time Elapsed:  55.3162727355957
MLUPS: 0.26032122715190975
Time Elapsed:  55.31426692008972
MLUPS: 0.26033066696523516
Time Elapsed:  55.31752014160156
MLUPS: 0.2603153569274063
Time Elapsed:  55.31371736526489
MLUPS: 0.26033325341179664
Time Elapsed:  55.31553840637207
MLUPS: 0.2603246829889157
Time Elapsed:  55.31734800338745
MLUPS: 0.26031616698468973
Time Elapsed:  55.314666509628296
MLUPS: 0.2603287863534977
Time Elapsed:  55.3156259059906
MLUPS: 0.26032427120092483
Time Elapsed:  55.31390690803528
MLUPS: 0.2603323613343999
Time Elapsed:  55.31426167488098
MLUPS: 0.26033069165125006
Time Elapsed:  55.3175003528595
MLUPS: 0.26031545005007856
Time Elapsed:  55.31679654121399
MLUPS: 0.26031876211904686
Time Elapsed:  55.31641340255737
MLUPS: 0.26032056516763
Time Elapsed:  55.31596755981445
MLUPS: 0.26032266333276993
Time Elapsed:  55.316651344299316
MLUPS: 0.26031944541205493
Time Elapsed:  55.31458234786987
MLUPS: 0.2603291824466706
Time Elapsed:  55.315433740615845
MLUPS: 0.26032517556536255
Time Elapsed:  55.31671166419983
MLUPS: 0.2603191615476932
Time Elapsed:  55.316601514816284
MLUPS: 0.2603196799091685
Time Elapsed:  55.31603479385376
MLUPS: 0.26032234692281314
Time Elapsed:  55.316879987716675
MLUPS: 0.260318369423539
Time Elapsed:  55.31483864784241
MLUPS: 0.2603279762176741
Time Elapsed:  55.315354347229004
MLUPS: 0.26032554920659856
Time Elapsed:  55.31664824485779
MLUPS: 0.26031945999798745
Time Elapsed:  55.31560754776001
MLUPS: 0.26032435759775224
Time Elapsed:  55.316460847854614
MLUPS: 0.2603203418889458
Time Elapsed:  55.31524634361267
MLUPS: 0.260326057495047
Time Elapsed:  55.31482124328613
MLUPS: 0.2603280581286848
Time Elapsed:  55.31480407714844
MLUPS: 0.26032813891767725
Time Elapsed:  55.31425738334656
MLUPS: 0.26033071184890216
Time Elapsed:  55.31603646278381
MLUPS: 0.260322339068675
Time Elapsed:  55.31430435180664
MLUPS: 0.2603304907969918
Time Elapsed:  55.3175163269043
MLUPS: 0.26031537487875966
Time Elapsed:  55.31365370750427
MLUPS: 0.26033355301652017
Time Elapsed:  55.31554388999939
MLUPS: 0.2603246571820006
Time Elapsed:  55.317596197128296
MLUPS: 0.2603149990228163
Time Elapsed:  55.31473708152771
MLUPS: 0.2603284542196416
Time Elapsed:  55.31554317474365
MLUPS: 0.2603246605481197
Time Elapsed:  55.31405591964722
MLUPS: 0.2603316600199843
Time Elapsed:  55.31433844566345
MLUPS: 0.260330330338226
Time Elapsed:  55.316771507263184
MLUPS: 0.2603188799279303
Time Elapsed:  55.31677722930908
MLUPS: 0.2603188530001761
Time Elapsed:  55.31689476966858
MLUPS: 0.2603182998604583
Time Elapsed:  55.31609058380127
MLUPS: 0.2603220843704542
Time Elapsed:  55.31735849380493
MLUPS: 0.26031611761817364
Time Elapsed:  55.31478261947632
MLUPS: 0.26032823990398846
Time Elapsed:  55.31550073623657
MLUPS: 0.26032486027134016
Time Elapsed:  55.31668710708618
MLUPS: 0.2603192771129515
Time Elapsed:  55.31592869758606
MLUPS: 0.2603228462225638
Time Elapsed:  55.316678285598755
MLUPS: 0.26031931862671015
Time Elapsed:  55.31497287750244
MLUPS: 0.2603273444947621
Time Elapsed:  55.31491994857788
MLUPS: 0.260327593592951
Time Elapsed:  55.31466746330261
MLUPS: 0.2603287818651967
Time Elapsed:  55.31485033035278
MLUPS: 0.26032792123633974
Time Elapsed:  55.3148992061615
MLUPS: 0.2603276912126415
Time Elapsed:  55.314401388168335
MLUPS: 0.2603300341071781
Time Elapsed:  55.31752872467041
MLUPS: 0.26031531653687046
Time Elapsed:  55.313599824905396
MLUPS: 0.2603338066150647
Time Elapsed:  55.315924882888794
MLUPS: 0.26032286417495004
Time Elapsed:  55.317429304122925
MLUPS: 0.26031578439467973
Time Elapsed:  55.31487417221069
MLUPS: 0.2603278090296069
Time Elapsed:  55.31555795669556
MLUPS: 0.26032459098167665
Time Elapsed:  55.314419984817505
MLUPS: 0.2603299465844975
Time Elapsed:  55.31461191177368
MLUPS: 0.2603290433089881
Time Elapsed:  55.317137479782104
MLUPS: 0.26031715768486874
Time Elapsed:  55.31675958633423
MLUPS: 0.26031893602743605
Time Elapsed:  55.31478929519653
MLUPS: 0.26032820848601657
Time Elapsed:  55.315420389175415
MLUPS: 0.2603252383998498
Time Elapsed:  55.31647300720215
MLUPS: 0.26032028466683216
Time Elapsed:  55.315917015075684
MLUPS: 0.26032290120175455
Time Elapsed:  55.316004514694214
MLUPS: 0.2603224894194006
Time Elapsed:  55.31510663032532
MLUPS: 0.26032671501903076
Time Elapsed:  55.31453537940979
MLUPS: 0.2603294034963591
Time Elapsed:  55.31481075286865
MLUPS: 0.2603281074997298
Time Elapsed:  55.31446838378906
MLUPS: 0.26032971880138667
Time Elapsed:  55.31622505187988
MLUPS: 0.26032145155412456
Time Elapsed:  55.3145694732666
MLUPS: 0.2603292430389336
Time Elapsed:  55.317723751068115
MLUPS: 0.2603143987775157
Time Elapsed:  55.31372904777527
MLUPS: 0.2603331984282331
Time Elapsed:  55.31554079055786
MLUPS: 0.2603246717685172
Time Elapsed:  55.31765604019165
MLUPS: 0.2603147174120596
Time Elapsed:  55.314817905426025
MLUPS: 0.2603280738376516
Time Elapsed:  55.3146755695343
MLUPS: 0.2603287437146445
Time Elapsed:  55.31381106376648
MLUPS: 0.2603328124218289
Time Elapsed:  55.314083099365234
MLUPS: 0.26033153210064236
Time Elapsed:  55.317028760910034
MLUPS: 0.26031766930648687
Time Elapsed:  55.316428422927856
MLUPS: 0.260320494481372
Time Elapsed:  55.31693434715271
MLUPS: 0.2603181136111025
Time Elapsed:  55.316131830215454
MLUPS: 0.26032189026157204
Time Elapsed:  55.31649827957153
MLUPS: 0.2603201657346763
Time Elapsed:  55.317217111587524
MLUPS: 0.26031678294574895
Time Elapsed:  55.31601357460022
MLUPS: 0.26032244678261
Time Elapsed:  55.317039012908936
Time Elapsed:  55.31470084190369
MLUPS: 0.26032862477475915
Time Elapsed:  55.31555461883545
MLUPS: 0.26032460669022506
Time Elapsed:  55.31674242019653
MLUPS: 0.2603190168107668
Time Elapsed:  55.31550598144531
MLUPS: 0.26032483558643116
Time Elapsed:  55.31600785255432
MLUPS: 0.2603224737111077
Time Elapsed:  55.31508731842041
MLUPS: 0.26032680590571305
Time Elapsed:  55.31494688987732
MLUPS: 0.2603274667996691
Time Elapsed:  55.31473970413208
MLUPS: 0.26032844187684573
Time Elapsed:  55.31486105918884
MLUPS: 0.260327870743298
Time Elapsed:  55.3162157535553
MLUPS: 0.2603214953126015
Time Elapsed:  55.3143413066864
MLUPS: 0.2603303168731637
Time Elapsed:  55.31766080856323
MLUPS: 0.26031469497298165
Time Elapsed:  55.31397104263306
MLUPS: 0.2603320594882123
Time Elapsed:  55.315940380096436
MLUPS: 0.2603227912433963
Time Elapsed:  55.31753849983215
MLUPS: 0.2603152705365531
Time Elapsed:  55.314589500427246
MLUPS: 0.2603291487843144
Time Elapsed:  55.31558179855347
MLUPS: 0.2603244787778146
Time Elapsed:  55.31412744522095
MLUPS: 0.260331323390407
Time Elapsed:  55.31435823440552
MLUPS: 0.2603302372049072
Time Elapsed:  55.31736636161804
MLUPS: 0.2603160805932988
Time Elapsed:  55.31651949882507
MLUPS: 0.2603200658766294
Time Elapsed:  55.31613278388977
MLUPS: 0.26032188577350884
Time Elapsed:  55.317466259002686
MLUPS: 0.26031561049050145
Time Elapsed:  55.314936876297
MLUPS: 0.2603275139263613
Time Elapsed:  55.315725564956665
MLUPS: 0.2603238021905766
Time Elapsed:  55.316789388656616
MLUPS: 0.26031879577871697
Time Elapsed:  55.31560754776001
MLUPS: 0.26032435759775224
Time Elapsed:  55.316017150878906
MLUPS: 0.2603224299523018
Time Elapsed:  55.31524896621704
MLUPS: 0.26032604515247837
Time Elapsed:  55.31455659866333
MLUPS: 0.26032930363122486
Time Elapsed:  55.31482648849487
MLUPS: 0.2603280334431693
Time Elapsed:  55.31458067893982
MLUPS: 0.2603291903012216
Time Elapsed:  55.3162579536438
MLUPS: 0.26032129671655496
Time Elapsed:  55.31433653831482
MLUPS: 0.26033033931493493
Time Elapsed:  55.31771755218506
MLUPS: 0.26031442794825144
Time Elapsed:  55.314011573791504
MLUPS: 0.2603318687307595
Time Elapsed:  55.31554460525513
MLUPS: 0.26032465381588166
Time Elapsed:  55.317434787750244
MLUPS: 0.2603157585895289
Time Elapsed:  55.31468963623047
MLUPS: 0.26032867751224203
Time Elapsed:  55.31555533409119
MLUPS: 0.2603246033241074
Time Elapsed:  55.31443452835083
MLUPS: 0.2603298781373139
Time Elapsed:  55.314631938934326
MLUPS: 0.2603289490545135
Time Elapsed:  55.317368507385254
MLUPS: 0.2603160704956075
Time Elapsed:  55.31676769256592
MLUPS: 0.26031889787976953
Time Elapsed:  55.31667733192444
MLUPS: 0.26031932311468486
Time Elapsed:  55.31576442718506
MLUPS: 0.2603236192994395
Time Elapsed:  55.31633806228638
MLUPS: 0.2603209197215035
Time Elapsed:  55.3150110244751
MLUPS: 0.26032716496483144
Time Elapsed:  55.31490349769592
MLUPS: 0.2603276710154582
Time Elapsed:  55.31472849845886
MLUPS: 0.26032849461425456
Time Elapsed:  55.314532995224
MLUPS: 0.2603294147171654
Time Elapsed:  55.31495261192322
MLUPS: 0.26032743987013846
Time Elapsed:  55.31432604789734
MLUPS: 0.2603303886868452
Time Elapsed:  55.317702531814575
MLUPS: 0.2603144986312149
Time Elapsed:  55.31379580497742
MLUPS: 0.26033288423688716
Time Elapsed:  55.31556844711304
MLUPS: 0.26032454161196544
Time Elapsed:  55.317620277404785
MLUPS: 0.26031488570526723
Time Elapsed:  55.314897775650024
MLUPS: 0.2603276979450367
Time Elapsed:  55.315545082092285
MLUPS: 0.26032465157180235
Time Elapsed:  55.31415677070618
MLUPS: 0.2603311853725319
Time Elapsed:  55.31464147567749
MLUPS: 0.2603289041714544
Time Elapsed:  55.31722712516785
MLUPS: 0.260316735822942
Time Elapsed:  55.31663107872009
MLUPS: 0.26031954078164343
Time Elapsed:  55.31687903404236
MLUPS: 0.26031837391148094
Time Elapsed:  55.31597280502319
MLUPS: 0.26032263864827754
Time Elapsed:  55.31705975532532
MLUPS: 0.26031752344924164
Time Elapsed:  55.31474161148071
MLUPS: 0.26032843290026764
Time Elapsed:  55.315885066986084
MLUPS: 0.2603230515531294
Time Elapsed:  55.31699085235596
MLUPS: 0.2603178477013397
Time Elapsed:  55.3167884349823
MLUPS: 0.26031880026667364
Time Elapsed:  55.315346479415894
MLUPS: 0.26032558623416685
Time Elapsed:  55.317381620407104
MLUPS: 0.2603160087875111
Time Elapsed:  55.31479263305664
MLUPS: 0.26032819277703345
Time Elapsed:  55.3154559135437
MLUPS: 0.2603250712152991
Time Elapsed:  55.316821813583374
MLUPS: 0.26031864318828224
Time Elapsed:  55.31611466407776
MLUPS: 0.2603219710467364
Time Elapsed:  55.31591534614563
MLUPS: 0.26032290905592653
Time Elapsed:  55.31541848182678
MLUPS: 0.26032524737620755
Time Elapsed:  55.314544677734375
MLUPS: 0.2603293597352234
Time Elapsed:  55.314746618270874
MLUPS: 0.2603284093367531
Time Elapsed:  55.31446838378906
MLUPS: 0.26032971880138667
Time Elapsed:  55.314825773239136
MLUPS: 0.26032803680937566
Time Elapsed:  55.31447887420654
MLUPS: 0.26032966942973046
Time Elapsed:  55.31796860694885
MLUPS: 0.2603132465386866
Time Elapsed:  55.31387519836426
MLUPS: 0.26033251057459517
Time Elapsed:  55.315372943878174
MLUPS: 0.2603254616869336
Time Elapsed:  55.31760835647583
MLUPS: 0.2603149418030515
Time Elapsed:  55.31461048126221
MLUPS: 0.2603290500414532
Time Elapsed:  55.31551766395569
MLUPS: 0.26032478060642333
Time Elapsed:  55.31396794319153
MLUPS: 0.2603320740755584
Time Elapsed:  55.31453514099121
MLUPS: 0.2603294046184396
Time Elapsed:  55.31712532043457
MLUPS: 0.2603172149056077
Time Elapsed:  55.31714940071106
MLUPS: 0.2603171015861294
Time Elapsed:  55.31448531150818
MLUPS: 0.26032963913349616
Time Elapsed:  55.3175573348999
MLUPS: 0.2603151819018413
Time Elapsed:  55.31398916244507
MLUPS: 0.2603319742083753
Time Elapsed:  55.31603193283081
MLUPS: 0.2603223603870509
Time Elapsed:  55.317516565322876
MLUPS: 0.2603153737568
Time Elapsed:  55.315083265304565
MLUPS: 0.2603268249807038
Time Elapsed:  55.31570076942444
MLUPS: 0.2603239188819886
Time Elapsed:  55.31420969963074
MLUPS: 0.2603309362674693
Time Elapsed:  55.31487584114075
MLUPS: 0.2603278011751392
Time Elapsed:  55.31703472137451
MLUPS: 0.2603176412570039
Time Elapsed:  55.31711006164551
MLUPS: 0.26031728671206084
Time Elapsed:  55.31669092178345
MLUPS: 0.26031925916106
Time Elapsed:  55.31614112854004
MLUPS: 0.2603218465029623
MLUPS: 0.26031762106137996
Time Elapsed:  55.314600467681885
MLUPS: 0.26032909716871855
Time Elapsed:  55.31585645675659
MLUPS: 0.2603231861962991
Time Elapsed:  55.31691884994507
MLUPS: 0.2603181865400354
Time Elapsed:  55.31562829017639
MLUPS: 0.2603242599805618
Time Elapsed:  55.316128730773926
MLUPS: 0.26032190484777856
Time Elapsed:  55.31571555137634
MLUPS: 0.26032384931594194
Time Elapsed:  55.314597845077515
MLUPS: 0.26032910951157656
Time Elapsed:  55.31478452682495
MLUPS: 0.26032823092742424
Time Elapsed:  55.3147087097168
MLUPS: 0.2603285877463265
Time Elapsed:  55.31611156463623
MLUPS: 0.26032198563295195
Time Elapsed:  55.31444191932678
MLUPS: 0.26032984335269344
Time Elapsed:  55.31482481956482
MLUPS: 0.26032804129765097
Time Elapsed:  55.31520485877991
MLUPS: 0.2603262527321972
Time Elapsed:  55.31615614891052
MLUPS: 0.2603217758160084
Time Elapsed:  55.31441378593445
MLUPS: 0.2603299757587178
Time Elapsed:  55.31773614883423
MLUPS: 0.26031434043606405
Time Elapsed:  55.313783168792725
MLUPS: 0.2603329437087623
Time Elapsed:  55.31583786010742
MLUPS: 0.2603232737144341
Time Elapsed:  55.31746578216553
MLUPS: 0.26031561273442483
Time Elapsed:  55.315032720565796
MLUPS: 0.2603270628572939
Time Elapsed:  55.31554412841797
MLUPS: 0.26032465605996097
Time Elapsed:  55.31425976753235
MLUPS: 0.2603307006279839
Time Elapsed:  55.31462264060974
MLUPS: 0.2603289928155111
Time Elapsed:  55.31734371185303
MLUPS: 0.2603161871800881
Time Elapsed:  55.31646275520325
MLUPS: 0.26032033291292633
Time Elapsed:  55.3167839050293
MLUPS: 0.26031882158446995
Time Elapsed:  55.316112756729126
MLUPS: 0.2603219800228688
Time Elapsed:  55.31708335876465
MLUPS: 0.2603174123734492
Time Elapsed:  55.31497263908386
MLUPS: 0.26032734561682497
Time Elapsed:  55.315473318099976
MLUPS: 0.26032498930616804
Time Elapsed:  55.31693696975708
MLUPS: 0.2603181012692872
Time Elapsed:  55.31580972671509
MLUPS: 0.26032340611377575
Time Elapsed:  55.31608176231384
MLUPS: 0.26032212588510817
Time Elapsed:  55.31552338600159
MLUPS: 0.2603247536774484
Time Elapsed:  55.316866636276245
MLUPS: 0.2603184322547406
Time Elapsed:  55.31610059738159
MLUPS: 0.2603220372457279
Time Elapsed:  55.317617893218994
MLUPS: 0.2603148969248222
Time Elapsed:  55.31509232521057
MLUPS: 0.260326782342493
Time Elapsed:  55.315725326538086
MLUPS: 0.2603238033126089
Time Elapsed:  55.31670832633972
MLUPS: 0.2603191772555864
Time Elapsed:  55.31574535369873
MLUPS: 0.26032370906192864
Time Elapsed:  55.31633257865906
MLUPS: 0.2603209455276776
Time Elapsed:  55.31554436683655
MLUPS: 0.2603246549379213
Time Elapsed:  55.31475353240967
MLUPS: 0.2603283767966686
Time Elapsed:  55.314958810806274
MLUPS: 0.2603274106964865
Time Elapsed:  55.31455326080322
MLUPS: 0.26032931934034204
Time Elapsed:  55.3160605430603
MLUPS: 0.2603222257447355
Time Elapsed:  55.31445360183716
MLUPS: 0.26032978837057036
Time Elapsed:  55.31765079498291
MLUPS: 0.2603147420950498
Time Elapsed:  55.31428408622742
MLUPS: 0.26033058617467353
Time Elapsed:  55.31599259376526
MLUPS: 0.2603225455204621
Time Elapsed:  55.317960262298584
MLUPS: 0.26031328580663843
Time Elapsed:  55.314982891082764
MLUPS: 0.26032729736813137
Time Elapsed:  55.31581735610962
MLUPS: 0.26032337020885626
Time Elapsed:  55.314414501190186
Time Elapsed:  55.31474232673645
MLUPS: 0.26032842953405105
Time Elapsed:  55.317110776901245
MLUPS: 0.26031728334613247
Time Elapsed:  55.3167827129364
MLUPS: 0.2603188271944169
Time Elapsed:  55.31593942642212
MLUPS: 0.26032279573149075
Time Elapsed:  55.31831622123718
MLUPS: 0.26031161075853054
Time Elapsed:  55.31473708152771
MLUPS: 0.2603284542196416
Time Elapsed:  55.31591534614563
MLUPS: 0.26032290905592653
MLUPS: 0.26032997239246125
Time Elapsed:  55.31480121612549
MLUPS: 0.2603281523825142
Time Elapsed:  55.317392349243164
MLUPS: 0.2603159582990903
Time Elapsed:  55.31656002998352
MLUPS: 0.2603198751367528
Time Elapsed:  55.31678128242493
MLUPS: 0.2603188339263536
Time Elapsed:  55.31618881225586
MLUPS: 0.26032162210006654
Time Elapsed:  55.31718134880066
MLUPS: 0.26031695124162735
Time Elapsed:  55.314971923828125
MLUPS: 0.2603273489830135
Time Elapsed:  55.31542778015137
MLUPS: 0.26032520361646916
Time Elapsed:  55.31678485870361
MLUPS: 0.26031881709651256
Time Elapsed:  55.315741300582886
MLUPS: 0.26032372813646554
Time Elapsed:  55.316004037857056
MLUPS: 0.26032249166344257
Time Elapsed:  55.31502056121826
MLUPS: 0.2603271200823875
Time Elapsed:  55.314746379852295
MLUPS: 0.26032841045882515
Time Elapsed:  55.315051317214966
MLUPS: 0.26032697533661114
Time Elapsed:  55.31469225883484
MLUPS: 0.26032866516942504
Time Elapsed:  55.31607937812805
MLUPS: 0.2603221371052872
Time Elapsed:  55.31425714492798
MLUPS: 0.260330712970994
Time Elapsed:  55.31749367713928
MLUPS: 0.26031548146497097
Time Elapsed:  55.314027309417725
MLUPS: 0.260331794672059
Time Elapsed:  55.3145911693573
MLUPS: 0.2603291409297659
Time Elapsed:  55.317590951919556
MLUPS: 0.2603150237058599
Time Elapsed:  55.314030170440674
MLUPS: 0.2603317812068453
Time Elapsed:  55.316321849823
MLUPS: 0.26032099601803294
Time Elapsed:  55.318018436431885
MLUPS: 0.26031301205316326
Time Elapsed:  55.31493067741394
MLUPS: 0.2603275431000363
Time Elapsed:  55.315959453582764
MLUPS: 0.2603227014815401
Time Elapsed:  55.31436610221863
MLUPS: 0.2603302001760158
Time Elapsed:  55.31471538543701
MLUPS: 0.2603285563282707
Time Elapsed:  55.31750011444092
MLUPS: 0.26031545117203886
Time Elapsed:  55.31665778160095
MLUPS: 0.2603194151182002
Time Elapsed:  55.31672430038452
MLUPS: 0.26031910208211484
Time Elapsed:  55.315714836120605
MLUPS: 0.2603238526820401
Time Elapsed:  55.317097425460815
MLUPS: 0.26031734617680985
Time Elapsed:  55.31491422653198
MLUPS: 0.2603276205225135
Time Elapsed:  55.31547236442566
MLUPS: 0.26032499379433827
Time Elapsed:  55.31666016578674
MLUPS: 0.26031940389825586
Time Elapsed:  55.31562113761902
MLUPS: 0.2603242936416537
Time Elapsed:  55.316343545913696
MLUPS: 0.26032089391533453
Time Elapsed:  55.31548810005188
MLUPS: 0.2603249197395493
Time Elapsed:  55.31465148925781
MLUPS: 0.2603288570442589
Time Elapsed:  55.31493377685547
MLUPS: 0.260327528513198
Time Elapsed:  55.31461977958679
MLUPS: 0.26032900628043637
Time Elapsed:  55.316128969192505
MLUPS: 0.26032190372576264
Time Elapsed:  55.316537380218506
MLUPS: 0.2603199817266494
Time Elapsed:  55.31603002548218
MLUPS: 0.26032236936321024
Time Elapsed:  55.31718730926514
MLUPS: 0.26031692319229915
Time Elapsed:  55.314817667007446
MLUPS: 0.26032807495972077
Time Elapsed:  55.315462589263916
MLUPS: 0.260325039798092
Time Elapsed:  55.31673049926758
MLUPS: 0.2603190729103316
Time Elapsed:  55.31545853614807
MLUPS: 0.260325058872824
Time Elapsed:  55.31639909744263
MLUPS: 0.2603206324879115
Time Elapsed:  55.31520986557007
MLUPS: 0.26032622916907733
Time Elapsed:  55.314735651016235
MLUPS: 0.26032846095207623
Time Elapsed:  55.31486916542053
MLUPS: 0.2603278325930128
Time Elapsed:  55.31480264663696
MLUPS: 0.2603281456500956
Time Elapsed:  55.316083908081055
MLUPS: 0.26032211578694786
Time Elapsed:  55.31447625160217
MLUPS: 0.26032968177264276
Time Elapsed:  55.31831336021423
MLUPS: 0.2603116242216578
Time Elapsed:  55.314252614974976
MLUPS: 0.26033073429074144
Time Elapsed:  55.31578588485718
MLUPS: 0.26032351831671313
Time Elapsed:  55.31825923919678
MLUPS: 0.2603118788994107
Time Elapsed:  55.31506896018982
MLUPS: 0.26032689230422296
Time Elapsed:  55.315966844558716
MLUPS: 0.2603226666988374
Time Elapsed:  55.31448030471802
MLUPS: 0.2603296626972334
Time Elapsed:  55.31461954116821
MLUPS: 0.2603290074025136
Time Elapsed:  55.31730842590332
MLUPS: 0.26031635323125996
Time Elapsed:  55.31663513183594
MLUPS: 0.26031952170772016
Time Elapsed:  55.31658720970154
MLUPS: 0.26031974722899204
Time Elapsed:  55.31670832633972
MLUPS: 0.2603191772555864
Time Elapsed:  55.31710124015808
MLUPS: 0.26031732822518466
Time Elapsed:  55.31502556800842
MLUPS: 0.2603270965191106
Time Elapsed:  55.31544804573059
MLUPS: 0.26032510824273136
Time Elapsed:  55.31684851646423
MLUPS: 0.2603185175257057
Time Elapsed:  55.31597661972046
MLUPS: 0.2603226206959224
Time Elapsed:  55.31630253791809
MLUPS: 0.2603210869007219
Time Elapsed:  55.31518530845642
MLUPS: 0.26032634474061084
Time Elapsed:  55.31486701965332
MLUPS: 0.2603278426916166
Time Elapsed:  55.31490969657898
MLUPS: 0.2603276418417544
Time Elapsed:  55.31493401527405
MLUPS: 0.2603275273911336
Time Elapsed:  55.316142320632935
MLUPS: 0.2603218408928852
Time Elapsed:  55.31447744369507
MLUPS: 0.26032967616222796
Time Elapsed:  55.31782054901123
MLUPS: 0.2603139432661071
Time Elapsed:  55.3142306804657
MLUPS: 0.2603308375232521
Time Elapsed:  55.315871238708496
MLUPS: 0.26032311663064406
Time Elapsed:  55.317816972732544
MLUPS: 0.26031396009531793
Time Elapsed:  55.315199851989746
MLUPS: 0.26032627629532135
Time Elapsed:  55.31511878967285
MLUPS: 0.2603266577941153
Time Elapsed:  55.31502628326416
MLUPS: 0.26032709315292857
Time Elapsed:  55.31483578681946
MLUPS: 0.26032798968249427
Time Elapsed:  55.3172562122345
MLUPS: 0.26031659894250425
Time Elapsed:  55.31665515899658
MLUPS: 0.2603194274601402
Time Elapsed:  55.3169846534729
MLUPS: 0.26031787687284835
Time Elapsed:  55.31622052192688
MLUPS: 0.2603214728723551
Time Elapsed:  55.31744360923767
MLUPS: 0.2603157170769057
Time Elapsed:  55.31493854522705
MLUPS: 0.26032750607191135
Time Elapsed:  55.315436601638794
MLUPS: 0.26032516210083356
Time Elapsed:  55.31691217422485
MLUPS: 0.2603182179555883
Time Elapsed:  55.315951347351074
MLUPS: 0.2603227396303214
Time Elapsed:  55.316147565841675
MLUPS: 0.2603218162085488
Time Elapsed:  55.315054416656494
MLUPS: 0.2603269607498364
Time Elapsed:  55.31513285636902
MLUPS: 0.26032659159277377
Time Elapsed:  55.314762353897095
MLUPS: 0.2603283352800209
Time Elapsed:  55.31491804122925
MLUPS: 0.2603276025694712
Time Elapsed:  55.316163301467896
MLUPS: 0.26032174215556764
Time Elapsed:  55.3147349357605
MLUPS: 0.2603284643182937
Time Elapsed:  55.31792950630188
MLUPS: 0.260313430537192
Time Elapsed:  55.31411123275757
MLUPS: 0.26033139969303487
Time Elapsed:  55.315884590148926
MLUPS: 0.2603230537971811
Time Elapsed:  55.31772422790527
MLUPS: 0.2603143965336133
Time Elapsed:  55.315319299697876
MLUPS: 0.26032571414766564
Time Elapsed:  55.31590414047241
MLUPS: 0.26032296179109365
Time Elapsed:  55.31446623802185
MLUPS: 0.26032972890013684
Time Elapsed:  55.314823150634766
MLUPS: 0.26032804915213315
Time Elapsed:  55.31722021102905
MLUPS: 0.2603167683601164
Time Elapsed:  55.31668949127197
MLUPS: 0.260319265893019
Time Elapsed:  55.317004919052124
MLUPS: 0.260317781504479
Time Elapsed:  55.316169023513794
MLUPS: 0.26032171522722136
Time Elapsed:  55.317378997802734
MLUPS: 0.26031602112912805
Time Elapsed:  55.31484770774841
MLUPS: 0.26032793357908623
Time Elapsed:  55.31552004814148
MLUPS: 0.26032476938601645
Time Elapsed:  55.31697630882263
MLUPS: 0.26031791614219724
Time Elapsed:  55.31557488441467
MLUPS: 0.26032451131692463
Time Elapsed:  55.316468715667725
MLUPS: 0.2603203048628694
Time Elapsed:  55.31568264961243
MLUPS: 0.2603240041565481
Time Elapsed:  55.314894676208496
MLUPS: 0.260327712531894
Time Elapsed:  55.314921140670776
MLUPS: 0.2603275879826262
Time Elapsed:  55.31522583961487
MLUPS: 0.2603261539915329
Time Elapsed:  55.316176414489746
MLUPS: 0.26032168044478227
Time Elapsed:  55.314647912979126
MLUPS: 0.2603288738753982
Time Elapsed:  55.31812858581543
MLUPS: 0.26031249371824233
Time Elapsed:  55.314247608184814
MLUPS: 0.26033075785467685
Time Elapsed:  55.31628918647766
MLUPS: 0.26032114973323534
Time Elapsed:  55.318103313446045
MLUPS: 0.260312612643388
Time Elapsed:  55.315213203430176
MLUPS: 0.2603262134603331
Time Elapsed:  55.31592655181885
MLUPS: 0.2603228563207808
Time Elapsed:  55.31517577171326
MLUPS: 0.2603263896227875
Time Elapsed:  55.31467628479004
MLUPS: 0.2603287403484198
Time Elapsed:  55.315672874450684
MLUPS: 0.2603240501599521
Time Elapsed:  55.31671118736267
MLUPS: 0.26031916379167785
Time Elapsed:  55.31732654571533
MLUPS: 0.2603162679617128
Time Elapsed:  55.316261291503906
MLUPS: 0.260321281008406
Time Elapsed:  55.317490339279175
MLUPS: 0.26031549717242003
Time Elapsed:  55.31476926803589
MLUPS: 0.2603283027399549
Time Elapsed:  55.315717458724976
MLUPS: 0.26032384033968053
Time Elapsed:  55.316914081573486
MLUPS: 0.26031820897971525
Time Elapsed:  55.31560397148132
MLUPS: 0.2603243744283097
Time Elapsed:  55.31608009338379
MLUPS: 0.26032213373923335
Time Elapsed:  55.31528997421265
MLUPS: 0.26032585215973947
Time Elapsed:  55.31503462791443
MLUPS: 0.2603270538808109
Time Elapsed:  55.315150022506714
MLUPS: 0.2603265108047417
Time Elapsed:  55.31494379043579
MLUPS: 0.2603274813865006
Time Elapsed:  55.31604218482971
MLUPS: 0.26032231214020524
Time Elapsed:  55.31472444534302
MLUPS: 0.2603285136894928
Time Elapsed:  55.31797957420349
MLUPS: 0.26031319492939636
Time Elapsed:  55.31414771080017
MLUPS: 0.260331228012185
Time Elapsed:  55.31580424308777
MLUPS: 0.2603234319204428
Time Elapsed:  55.317869424819946
MLUPS: 0.2603137132671098
Time Elapsed:  55.315072536468506
MLUPS: 0.2603268754733399
Time Elapsed:  55.31579351425171
MLUPS: 0.2603234824117627
Time Elapsed:  55.314584732055664
MLUPS: 0.2603291712258842
Time Elapsed:  55.314831495285034
MLUPS: 0.26032800987972704
Time Elapsed:  55.31796836853027
MLUPS: 0.26031324766062786
Time Elapsed:  55.31654453277588
MLUPS: 0.26031994806667264
Time Elapsed:  55.316890478134155
MLUPS: 0.26031832005618755
Time Elapsed:  55.316312074661255
MLUPS: 0.26032104202037376
Time Elapsed:  55.31733584403992
MLUPS: 0.2603162242049932
Time Elapsed:  55.3149790763855
MLUPS: 0.2603273153211315
Time Elapsed:  55.31539797782898
MLUPS: 0.2603253438720929
Time Elapsed:  55.31709909439087
MLUPS: 0.26031733832297355
Time Elapsed:  55.316078186035156
MLUPS: 0.26032214271537707
Time Elapsed:  55.316373109817505
MLUPS: 0.26032075478651184
Time Elapsed:  55.31565189361572
MLUPS: 0.26032414889902045
Time Elapsed:  55.31552457809448
MLUPS: 0.260324748067246
Time Elapsed:  55.31511831283569
MLUPS: 0.26032666003822913
Time Elapsed:  55.31532025337219
MLUPS: 0.26032570965947055
Time Elapsed:  55.316091775894165
MLUPS: 0.26032207876036684
Time Elapsed:  55.31462287902832
MLUPS: 0.26032899169343404
Time Elapsed:  55.31833219528198
MLUPS: 0.260311535589429
Time Elapsed:  55.31439924240112
MLUPS: 0.2603300442059527
Time Elapsed:  55.316062688827515
MLUPS: 0.2603222156465675
Time Elapsed:  55.31808590888977
MLUPS: 0.26031269454473077
Time Elapsed:  55.315165519714355
MLUPS: 0.2603264378711446
Time Elapsed:  55.31563973426819
MLUPS: 0.26032420612283297
Time Elapsed:  55.314629316329956
MLUPS: 0.2603289613973575
Time Elapsed:  55.31495523452759
MLUPS: 0.26032742752743876
Time Elapsed:  55.317612409591675
MLUPS: 0.2603149227298021
Time Elapsed:  55.31518912315369
MLUPS: 0.2603263267877446
Time Elapsed:  55.31703519821167
MLUPS: 0.26031763901304555
Time Elapsed:  55.316070795059204
MLUPS: 0.2603221774979397
Time Elapsed:  55.317280530929565
MLUPS: 0.260316484501593
Time Elapsed:  55.31522059440613
MLUPS: 0.26032617867669194
Time Elapsed:  55.31553077697754
MLUPS: 0.26032471889419734
Time Elapsed:  55.31709289550781
MLUPS: 0.260317367494368
Time Elapsed:  55.31623291969299
MLUPS: 0.2603214145277325
Time Elapsed:  55.31596851348877
MLUPS: 0.26032265884468003
Time Elapsed:  55.31539821624756
MLUPS: 0.26032534275004726
Time Elapsed:  55.31511974334717
MLUPS: 0.26032665330588767
Time Elapsed:  55.31518530845642
MLUPS: 0.26032634474061084
Time Elapsed:  55.314889430999756
MLUPS: 0.26032773721734864
Time Elapsed:  55.31611728668213
MLUPS: 0.26032195870455527
Time Elapsed:  55.31468963623047
MLUPS: 0.26032867751224203
Time Elapsed:  55.31769061088562
MLUPS: 0.26031455472883236
Time Elapsed:  55.314276456832886
MLUPS: 0.26033062208158364
Time Elapsed:  55.31587600708008
MLUPS: 0.26032309419011807
Time Elapsed:  55.31778120994568
MLUPS: 0.26031412838754636
Time Elapsed:  55.314783334732056
MLUPS: 0.2603282365377768
Time Elapsed:  55.31561636924744
MLUPS: 0.26032431608238643
Time Elapsed:  55.31440019607544
MLUPS: 0.2603300397176083
Time Elapsed:  55.31469106674194
MLUPS: 0.26032867077979627
Time Elapsed:  55.31768584251404
MLUPS: 0.2603145771678861
Time Elapsed:  55.316811323165894
MLUPS: 0.2603186925557563
Time Elapsed:  55.316954135894775
MLUPS: 0.26031802048652464
Time Elapsed:  55.31634974479675
MLUPS: 0.26032086474314975
Time Elapsed:  55.31735277175903
MLUPS: 0.2603161445453619
Time Elapsed:  55.314963579177856
MLUPS: 0.2603273882552202
Time Elapsed:  55.31569170951843
MLUPS: 0.26032396151926135
Time Elapsed:  55.31709408760071
MLUPS: 0.2603173618844839
Time Elapsed:  55.315662145614624
MLUPS: 0.26032410065151174
Time Elapsed:  55.31646966934204
MLUPS: 0.26032030037486087
Time Elapsed:  55.316067695617676
MLUPS: 0.2603221920841784
Time Elapsed:  55.31540036201477
MLUPS: 0.26032533265163743
Time Elapsed:  55.31529927253723
MLUPS: 0.26032580839979774
Time Elapsed:  55.31514096260071
MLUPS: 0.2603265534428635
Time Elapsed:  55.3160183429718
MLUPS: 0.26032242434219954
Time Elapsed:  55.31502676010132
MLUPS: 0.26032709090880723
Time Elapsed:  55.317508697509766
MLUPS: 0.2603154107814737
Time Elapsed:  55.31433653831482
MLUPS: 0.26033033931493493
Time Elapsed:  55.31627321243286
MLUPS: 0.2603212249078895
Time Elapsed:  55.31787586212158
MLUPS: 0.26031368297458923
Time Elapsed:  55.31519055366516
MLUPS: 0.26032632005542033
Time Elapsed:  55.3156373500824
MLUPS: 0.2603242173431913
Time Elapsed:  55.31524300575256
MLUPS: 0.2603260732037724
Time Elapsed:  55.31491756439209
MLUPS: 0.26032760481360134
Time Elapsed:  55.317214012145996
MLUPS: 0.26031679753138315
Time Elapsed:  55.316778898239136
MLUPS: 0.26031884514624887
Time Elapsed:  55.31701898574829
MLUPS: 0.2603177153076519
Time Elapsed:  55.316160678863525
MLUPS: 0.26032175449772826
Time Elapsed:  55.317415714263916
MLUPS: 0.2603158483465972
Time Elapsed:  55.31529927253723
MLUPS: 0.26032580839979774
Time Elapsed:  55.316015005111694
MLUPS: 0.2603224400504865
Time Elapsed:  55.31704092025757
MLUPS: 0.2603176120855481
Time Elapsed:  55.31585764884949
MLUPS: 0.2603231805861642
Time Elapsed:  55.315834522247314
MLUPS: 0.2603232894228235
Time Elapsed:  55.315645933151245
MLUPS: 0.26032417694990573
Time Elapsed:  55.31540250778198
MLUPS: 0.2603253225532283
Time Elapsed:  55.31536912918091
MLUPS: 0.2603254796396806
Time Elapsed:  55.314939737319946
MLUPS: 0.2603275004615903
Time Elapsed:  55.31595230102539
MLUPS: 0.26032273514222887
Time Elapsed:  55.314855098724365
MLUPS: 0.2603278987949854
Time Elapsed:  55.31793737411499
MLUPS: 0.26031339351308164
Time Elapsed:  55.314496755599976
MLUPS: 0.26032958527354155
Time Elapsed:  55.31587362289429
MLUPS: 0.26032310541038056
Time Elapsed:  55.31807732582092
MLUPS: 0.26031273493445306
Time Elapsed:  55.3155415058136
MLUPS: 0.2603246684023979
Time Elapsed:  55.31579232215881
MLUPS: 0.2603234880219105
Time Elapsed:  55.31474542617798
MLUPS: 0.26032841494711334
Time Elapsed:  55.31756806373596
MLUPS: 0.2603151314137412
Time Elapsed:  55.316922187805176
MLUPS: 0.2603181708322618
Time Elapsed:  55.31696629524231
MLUPS: 0.2603179632654315
Time Elapsed:  55.316444635391235
MLUPS: 0.26032041818513657
Time Elapsed:  55.31737565994263
MLUPS: 0.26031603683664223
Time Elapsed:  55.31495237350464
MLUPS: 0.2603274409922021
Time Elapsed:  55.31581687927246
MLUPS: 0.2603233724529134
Time Elapsed:  55.317172050476074
MLUPS: 0.2603169949985914
Time Elapsed:  55.315943002700806
MLUPS: 0.26032277890113736
Time Elapsed:  55.316232204437256
MLUPS: 0.26032141789376767
Time Elapsed:  55.31574034690857
MLUPS: 0.2603237326245923
Time Elapsed:  55.315470933914185
MLUPS: 0.2603250005265939
Time Elapsed:  55.315189599990845
MLUPS: 0.2603263245436364
Time Elapsed:  55.31546592712402
MLUPS: 0.2603250240894914
Time Elapsed:  55.31587290763855
MLUPS: 0.2603231087764595
Time Elapsed:  55.31477403640747
MLUPS: 0.26032828029853483
Time Elapsed:  55.318252086639404
MLUPS: 0.2603119125573008
Time Elapsed:  55.31439924240112
MLUPS: 0.2603300442059527
Time Elapsed:  55.316039085388184
MLUPS: 0.26032232672645905
Time Elapsed:  55.317915201187134
MLUPS: 0.26031349785378344
Time Elapsed:  55.315428018569946
MLUPS: 0.2603252024944248
Time Elapsed:  55.31493663787842
MLUPS: 0.26032751504842555
Time Elapsed:  55.31472849845886
MLUPS: 0.26032849461425456
Time Elapsed:  55.317575216293335
MLUPS: 0.2603150977550187
Time Elapsed:  55.316739320755005
MLUPS: 0.26031903139665136
Time Elapsed:  55.31722855567932
MLUPS: 0.26031672909111386
Time Elapsed:  55.315898180007935
MLUPS: 0.2603229898417232
Time Elapsed:  55.317445039749146
MLUPS: 0.26031571034513024
Time Elapsed:  55.31499767303467
MLUPS: 0.260327227800279
Time Elapsed:  55.31571555137634
MLUPS: 0.26032384931594194
Time Elapsed:  55.31708264350891
MLUPS: 0.2603174157393809
Time Elapsed:  55.31607508659363
MLUPS: 0.2603221573016119
Time Elapsed:  55.316155433654785
MLUPS: 0.26032177918205296
Time Elapsed:  55.31603002548218
MLUPS: 0.26032236936321024
Time Elapsed:  55.31525444984436
MLUPS: 0.2603260193452932
Time Elapsed:  55.315420389175415
MLUPS: 0.2603252383998498
Time Elapsed:  55.31615352630615
MLUPS: 0.2603217881581722
Time Elapsed:  55.31493878364563
MLUPS: 0.26032750494984713
Time Elapsed:  55.31788969039917
MLUPS: 0.26031361790179114
Time Elapsed:  55.31630229949951
MLUPS: 0.26032108802273085
Time Elapsed:  55.318357706069946
MLUPS: 0.26031141554334186
Time Elapsed:  55.31522870063782
MLUPS: 0.26032614052690267
Time Elapsed:  55.31585097312927
MLUPS: 0.2603232120029225
Time Elapsed:  55.317490339279175
MLUPS: 0.26031549717242003
Time Elapsed:  55.31649041175842
MLUPS: 0.2603202027607132
Time Elapsed:  55.31706213951111
MLUPS: 0.2603175122294603
Time Elapsed:  55.31592893600464
MLUPS: 0.2603228451005397
Time Elapsed:  55.317447662353516
MLUPS: 0.26031569800354276
Time Elapsed:  55.3152174949646
MLUPS: 0.260326193263379
Time Elapsed:  55.315600872039795
MLUPS: 0.2603243890147946
Time Elapsed:  55.31718111038208
MLUPS: 0.26031695236360064
Time Elapsed:  55.316051959991455
MLUPS: 0.2603222661374155
Time Elapsed:  55.31632685661316
MLUPS: 0.26032097245586466
Time Elapsed:  55.31554102897644
MLUPS: 0.2603246706464774
Time Elapsed:  55.314942836761475
MLUPS: 0.26032748587475674
Time Elapsed:  55.315218925476074
MLUPS: 0.2603261865310617
Time Elapsed:  55.31611514091492
MLUPS: 0.26032196880270336
Time Elapsed:  55.3151068687439
MLUPS: 0.26032671389697337
Time Elapsed:  55.31794834136963
MLUPS: 0.2603133419037332
Time Elapsed:  55.315818071365356
MLUPS: 0.2603233668427705
Time Elapsed:  55.31803798675537
MLUPS: 0.2603129200541738
Time Elapsed:  55.31580924987793
Time Elapsed:  55.31593465805054
MLUPS: 0.26032281817196523
Time Elapsed:  55.317469120025635
MLUPS: 0.26031559702696183
Time Elapsed:  55.316814661026
MLUPS: 0.2603186768479216
Time Elapsed:  55.317439556121826
MLUPS: 0.2603157361502715
Time Elapsed:  55.31527876853943
MLUPS: 0.260325904896099
Time Elapsed:  55.315404176712036
MLUPS: 0.2603253146989107
Time Elapsed:  55.3169207572937
MLUPS: 0.26031817756416453
Time Elapsed:  55.31585764884949
MLUPS: 0.2603231805861642
Time Elapsed:  55.31626868247986
MLUPS: 0.26032124622608294
Time Elapsed:  55.31553077697754
MLUPS: 0.26032471889419734
Time Elapsed:  55.31520891189575
MLUPS: 0.2603262336572903
Time Elapsed:  55.315288066864014
MLUPS: 0.2603258611361396
Time Elapsed:  55.3162317276001
MLUPS: 0.2603214201377912
Time Elapsed:  55.315046072006226
MLUPS: 0.26032700002192594
Time Elapsed:  55.31787371635437
MLUPS: 0.2603136930720953
Time Elapsed:  55.31593108177185
MLUPS: 0.2603228350023236
Time Elapsed:  55.31811881065369
MLUPS: 0.26031253971757823
MLUPS: 0.2603234083578336
Time Elapsed:  55.315937995910645
MLUPS: 0.2603228024636327
Time Elapsed:  55.31778311729431
MLUPS: 0.26031411941195537
Time Elapsed:  55.316794872283936
MLUPS: 0.26031876997296916
Time Elapsed:  55.3172972202301
MLUPS: 0.260316405963771
Time Elapsed:  55.31632852554321
MLUPS: 0.26032096460180953
Time Elapsed:  55.31684923171997
MLUPS: 0.26031851415974544
Time Elapsed:  55.31647777557373
MLUPS: 0.26032026222679444
Time Elapsed:  55.31745791435242
MLUPS: 0.26031564975916655
Time Elapsed:  55.31538438796997
MLUPS: 0.26032540782870744
Time Elapsed:  55.31544828414917
MLUPS: 0.2603251071206878
Time Elapsed:  55.317108392715454
MLUPS: 0.2603172945658941
Time Elapsed:  55.31618857383728
MLUPS: 0.2603216232220801
Time Elapsed:  55.31638240814209
MLUPS: 0.26032071102828386
Time Elapsed:  55.315574645996094
MLUPS: 0.26032451243896304
Time Elapsed:  55.31540298461914
MLUPS: 0.2603253203091375
Time Elapsed:  55.316285133361816
MLUPS: 0.26032116880739725
Time Elapsed:  55.3150200843811
MLUPS: 0.26032712232650934
Time Elapsed:  55.31832695007324
MLUPS: 0.26031156027181573
Time Elapsed:  55.31630063056946
MLUPS: 0.2603210958767934
Time Elapsed:  55.31805419921875
MLUPS: 0.26031284376237823
Time Elapsed:  55.31569218635559
MLUPS: 0.26032395927519403
Time Elapsed:  55.318018436431885
MLUPS: 0.26031301205316326
Time Elapsed:  55.317200660705566
MLUPS: 0.260316860361826
Time Elapsed:  55.31705403327942
MLUPS: 0.2603175503767208
Time Elapsed:  55.31601929664612
MLUPS: 0.2603224198541179
Time Elapsed:  55.31740593910217
MLUPS: 0.2603158943471187
Time Elapsed:  55.31543469429016
MLUPS: 0.26032517107718606
Time Elapsed:  55.31549382209778
MLUPS: 0.26032489281054555
Time Elapsed:  55.317010164260864
MLUPS: 0.2603177568209124
Time Elapsed:  55.31651568412781
MLUPS: 0.2603200838286322
Time Elapsed:  55.31610584259033
MLUPS: 0.26032201256135423
Time Elapsed:  55.315343379974365
MLUPS: 0.26032560082078754
Time Elapsed:  55.31617450714111
MLUPS: 0.2603216894208947
Time Elapsed:  55.318419218063354
MLUPS: 0.2603111260868768
Time Elapsed:  55.316155433654785
MLUPS: 0.26032177918205296
Time Elapsed:  55.31846475601196
MLUPS: 0.26031091179975346
Time Elapsed:  55.31611919403076
MLUPS: 0.26032194972842426
Time Elapsed:  55.31750249862671
MLUPS: 0.26031543995243617
Time Elapsed:  55.316778898239136
MLUPS: 0.26031884514624887
Time Elapsed:  55.31729555130005
MLUPS: 0.26031641381755105
Time Elapsed:  55.31649613380432
MLUPS: 0.26032017583268535
Time Elapsed:  55.31695103645325
MLUPS: 0.2603180350722975
Time Elapsed:  55.31523561477661
MLUPS: 0.26032610798738537
Time Elapsed:  55.31560444831848
MLUPS: 0.26032437218423526
Time Elapsed:  55.317054271698
MLUPS: 0.2603175492547424
Time Elapsed:  55.315972089767456
MLUPS: 0.2603226420143444
Time Elapsed:  55.31662464141846
MLUPS: 0.26031957107552733
Time Elapsed:  55.31599950790405
MLUPS: 0.26032251298184345
Time Elapsed:  55.31884503364563
MLUPS: 0.2603091223477593
Time Elapsed:  55.316256046295166
MLUPS: 0.2603213056926409
Time Elapsed:  55.318328857421875
MLUPS: 0.2603115512964018
Time Elapsed:  55.31624364852905
MLUPS: 0.26032136403721473
Time Elapsed:  55.317599296569824
MLUPS: 0.26031498443738366
Time Elapsed:  55.316858530044556
MLUPS: 0.2603184704022707
Time Elapsed:  55.31752943992615
MLUPS: 0.260315313170993
Time Elapsed:  55.316242933273315
MLUPS: 0.2603213674032486
Time Elapsed:  55.31762409210205
MLUPS: 0.2603148677539814
Time Elapsed:  55.3155996799469
MLUPS: 0.2603243946249816
Time Elapsed:  55.31696343421936
MLUPS: 0.26031797672921586
Time Elapsed:  55.31601929664612
MLUPS: 0.2603224198541179
Time Elapsed:  55.316041707992554
MLUPS: 0.26032231438424414
Time Elapsed:  55.315086126327515
MLUPS: 0.2603268115160042
Time Elapsed:  55.31844401359558
MLUPS: 0.26031100940693347
Time Elapsed:  55.316171407699585
MLUPS: 0.2603217040070787
Time Elapsed:  55.31897592544556
MLUPS: 0.2603085064229525
Time Elapsed:  55.31619644165039
MLUPS: 0.26032158619563917
Time Elapsed:  55.31779646873474
MLUPS: 0.26031405658283563
Time Elapsed:  55.3168044090271
MLUPS: 0.26031872509341986
Time Elapsed:  55.316970109939575
MLUPS: 0.2603179453137212
Time Elapsed:  55.31616139411926
MLUPS: 0.2603217511316843
Time Elapsed:  55.31743001937866
MLUPS: 0.26031578102879016
Time Elapsed:  55.3157274723053
MLUPS: 0.2603237932143185
Time Elapsed:  55.316874265670776
MLUPS: 0.2603183963511931
Time Elapsed:  55.31649422645569
MLUPS: 0.260320184808694
Time Elapsed:  55.316311836242676
MLUPS: 0.26032104314238225
Time Elapsed:  55.318299770355225
MLUPS: 0.2603116881715313
Time Elapsed:  55.318615198135376
Time Elapsed:  55.31794714927673
MLUPS: 0.2603133475134439
Time Elapsed:  55.31708860397339
MLUPS: 0.2603173876899526
Time Elapsed:  55.31682252883911
MLUPS: 0.26031863982231884
Time Elapsed:  55.31742310523987
MLUPS: 0.2603158135657259
Time Elapsed:  55.317179441452026
MLUPS: 0.2603169602174137
Time Elapsed:  55.31633996963501
MLUPS: 0.26032091074544417
Time Elapsed:  55.318405628204346
MLUPS: 0.26031119003650555
Time Elapsed:  55.31866407394409
MLUPS: 0.26030997387701943
Time Elapsed:  55.31781768798828
MLUPS: 0.2603139567294756
Time Elapsed:  55.31518340110779
MLUPS: 0.26032635371704493
Time Elapsed:  55.31716704368591
MLUPS: 0.2603170185600397
Time Elapsed:  55.31906533241272
MLUPS: 0.2603080857109621
MLUPS: 0.2603102038694089
Time Elapsed:  55.317870140075684
MLUPS: 0.26031370990127384
Time Elapsed:  55.318785190582275
MLUPS: 0.2603094039464106

============================= JOB FEEDBACK =============================

NodeName=uc2n[122-126,130,132,135-142,160,183,197,200,223-224,226,228,247-248]
Job ID: 23133158
Cluster: uc2
User/Group: fr_rk311/fr_fr
State: COMPLETED (exit code 0)
Nodes: 25
Cores per node: 80
CPU Utilized: 14:20:45
CPU Efficiency: 25.32% of 2-08:40:00 core-walltime
Job Wall-clock time: 00:01:42
Memory Utilized: 133.81 GB (estimated maximum)
Memory Efficiency: 6.09% of 2.15 TB (87.89 GB/node)
