We have a maximum of 256 tasks at our disposition
In the case of equal size we divide the processes as 16 and 16
Time Elapsed:  55.359835386276245
MLUPS: 0.7225455011001719
Time Elapsed:  55.359806060791016
MLUPS: 0.7225458838507437
Time Elapsed:  55.360008239746094
MLUPS: 0.7225432450582934
Time Elapsed:  55.3598358631134
MLUPS: 0.7225454948765888
Time Elapsed:  55.36020112037659
MLUPS: 0.7225407276433663
Time Elapsed:  55.35996723175049
MLUPS: 0.7225437802835056
Time Elapsed:  55.360169887542725
MLUPS: 0.7225411352829121
Time Elapsed:  55.35983180999756
MLUPS: 0.7225455477770493
Time Elapsed:  55.36090588569641
MLUPS: 0.7225315294259806
Time Elapsed:  55.36025381088257
MLUPS: 0.7225400399471599
Time Elapsed:  55.36041712760925
MLUPS: 0.7225379084084117
Time Elapsed:  55.360777378082275
MLUPS: 0.7225332066206911
Time Elapsed:  55.35966873168945
MLUPS: 0.7225476762490607
Time Elapsed:  55.360085010528564
MLUPS: 0.7225422430690392
Time Elapsed:  55.359769105911255
MLUPS: 0.7225463661792775
Time Elapsed:  55.36127305030823
MLUPS: 0.7225267374839983
Time Elapsed:  55.361045598983765
MLUPS: 0.7225297059912152
Time Elapsed:  55.36105537414551
MLUPS: 0.7225295784133595
Time Elapsed:  55.36084032058716
MLUPS: 0.7225323851365947
Time Elapsed:  55.360294580459595
MLUPS: 0.7225395078392287
Time Elapsed:  55.361039876937866
MLUPS: 0.7225297806709566
Time Elapsed:  55.360424518585205
MLUPS: 0.7225378119449117
Time Elapsed:  55.360806703567505
MLUPS: 0.7225328238835501
Time Elapsed:  55.35944890975952
MLUPS: 0.7225505453495988
Time Elapsed:  55.35997915267944
MLUPS: 0.7225436246946995
Time Elapsed:  55.35967421531677
MLUPS: 0.7225476046774296
Time Elapsed:  55.36133885383606
MLUPS: 0.7225258786751388
Time Elapsed:  55.36153173446655
MLUPS: 0.7225233613812226
Time Elapsed:  55.36151576042175
MLUPS: 0.7225235698585445
Time Elapsed:  55.36153984069824
MLUPS: 0.7225232555868066
Time Elapsed:  55.36120057106018
MLUPS: 0.7225276834207569
Time Elapsed:  55.36146593093872
MLUPS: 0.7225242201840979
Time Elapsed:  55.361382484436035
MLUPS: 0.722525309248651
Time Elapsed:  55.36142110824585
MLUPS: 0.7225248051669354
Time Elapsed:  55.36160755157471
MLUPS: 0.7225223718934844
Time Elapsed:  55.36142325401306
MLUPS: 0.7225247771624164
Time Elapsed:  55.36141872406006
MLUPS: 0.7225248362830704
Time Elapsed:  55.36137795448303
MLUPS: 0.7225253683693921
Time Elapsed:  55.36152458190918
MLUPS: 0.7225234547292623
Time Elapsed:  55.36124897003174
MLUPS: 0.722527051758765
Time Elapsed:  55.361345291137695
MLUPS: 0.7225257946613383
Time Elapsed:  55.36121582984924
MLUPS: 0.7225274842759704
Time Elapsed:  55.36013889312744
MLUPS: 0.7225415398111602
Time Elapsed:  55.36121463775635
MLUPS: 0.7225274998341529
Time Elapsed:  55.360477685928345
MLUPS: 0.7225371180308167
Time Elapsed:  55.36070966720581
MLUPS: 0.7225340903405167
Time Elapsed:  55.36002063751221
MLUPS: 0.7225430832461759
Time Elapsed:  55.35988140106201
MLUPS: 0.7225449005248888
Time Elapsed:  55.35979866981506
MLUPS: 0.7225459803163989
Time Elapsed:  55.36186647415161
MLUPS: 0.7225189927199429
Time Elapsed:  55.361721992492676
MLUPS: 0.7225208783322202
Time Elapsed:  55.36158275604248
MLUPS: 0.722522695499239
Time Elapsed:  55.361571311950684
MLUPS: 0.7225228448558388
Time Elapsed:  55.361783266067505
MLUPS: 0.7225200786571647
Time Elapsed:  55.36170721054077
MLUPS: 0.7225210712502029
Time Elapsed:  55.361793994903564
MLUPS: 0.7225199386364227
Time Elapsed:  55.36173677444458
MLUPS: 0.7225206854143406
Time Elapsed:  55.36065864562988
MLUPS: 0.7225347562435036
Time Elapsed:  55.36127758026123
MLUPS: 0.7225266783630331
Time Elapsed:  55.3605215549469
MLUPS: 0.7225365454748987
Time Elapsed:  55.36078763008118
MLUPS: 0.7225330728182298
Time Elapsed:  55.3600435256958
MLUPS: 0.7225427845163035
Time Elapsed:  55.36008810997009
MLUPS: 0.7225422026161152
Time Elapsed:  55.359859228134155
MLUPS: 0.7225451899211441
Time Elapsed:  55.361955881118774
MLUPS: 0.722517825885592
Time Elapsed:  55.28314709663391
MLUPS: 0.7235478097887725
Time Elapsed:  55.36216998100281
MLUPS: 0.7225150317215846
Time Elapsed:  55.36048483848572
MLUPS: 0.7225370246792464
Time Elapsed:  55.36123061180115
MLUPS: 0.722527291354563
Time Elapsed:  55.36050486564636
MLUPS: 0.722536763294978
Time Elapsed:  55.36089563369751
MLUPS: 0.7225316632278702
Time Elapsed:  55.36007261276245
MLUPS: 0.7225424048807803
Time Elapsed:  55.36031460762024
MLUPS: 0.7225392464531637
Time Elapsed:  55.35991144180298
MLUPS: 0.7225445084400096
Time Elapsed:  55.36050629615784
MLUPS: 0.7225367446246802
Time Elapsed:  55.361329078674316
MLUPS: 0.7225260062516882
Time Elapsed:  55.36036396026611
MLUPS: 0.7225386023240249
Time Elapsed:  55.36095690727234
MLUPS: 0.7225308635289416
Time Elapsed:  55.359975814819336
MLUPS: 0.7225436682595584
Time Elapsed:  55.35993576049805
MLUPS: 0.7225441910382762
Time Elapsed:  55.35971665382385
MLUPS: 0.7225470507757212
Time Elapsed:  55.36037349700928
MLUPS: 0.7225384778547586
Time Elapsed:  55.36160135269165
MLUPS: 0.722522452794896
Time Elapsed:  55.36050343513489
MLUPS: 0.7225367819652766
Time Elapsed:  55.360756158828735
MLUPS: 0.7225334835608264
Time Elapsed:  55.3598518371582
MLUPS: 0.7225452863866141
Time Elapsed:  55.35993814468384
MLUPS: 0.7225441599204742
Time Elapsed:  55.35969161987305
MLUPS: 0.7225473775153903
Time Elapsed:  55.36085820198059
MLUPS: 0.7225321517607717
Time Elapsed:  55.35984539985657
MLUPS: 0.7225453704049477
Time Elapsed:  55.35991668701172
MLUPS: 0.7225444399807887
Time Elapsed:  55.3597629070282
MLUPS: 0.7225464470860622
Time Elapsed:  55.36086130142212
MLUPS: 0.7225321113089777
Time Elapsed:  55.36131167411804
MLUPS: 0.7225262334002898
Time Elapsed:  55.36064076423645
MLUPS: 0.7225349896210093
Time Elapsed:  55.360453605651855
MLUPS: 0.7225374323146139
Time Elapsed:  55.36129570007324
MLUPS: 0.7225264418792691
Time Elapsed:  55.360650300979614
MLUPS: 0.7225348651529874
Time Elapsed:  55.360795974731445
MLUPS: 0.7225329639092863
Time Elapsed:  55.35999774932861
MLUPS: 0.7225433819762955
Time Elapsed:  55.360379695892334
MLUPS: 0.7225383969497584
Time Elapsed:  55.359745502471924
MLUPS: 0.7225466742475165
Time Elapsed:  55.36049699783325
MLUPS: 0.7225368659816322
Time Elapsed:  55.36111044883728
MLUPS: 0.7225288596218918
Time Elapsed:  55.36052322387695
MLUPS: 0.722536523692898
Time Elapsed:  55.36100697517395
MLUPS: 0.7225302100797691
Time Elapsed:  55.35995531082153
MLUPS: 0.722543935872379
Time Elapsed:  55.36022901535034
MLUPS: 0.722540363568741
Time Elapsed:  55.359858751297
MLUPS: 0.7225451961447221
Time Elapsed:  55.36049294471741
MLUPS: 0.7225369188808293
Time Elapsed:  55.361292600631714
MLUPS: 0.7225264823304283
Time Elapsed:  55.36057901382446
MLUPS: 0.7225357955524875
Time Elapsed:  55.360926389694214
MLUPS: 0.7225312618223501
Time Elapsed:  55.35984539985657
MLUPS: 0.7225453704049477
Time Elapsed:  55.36026620864868
MLUPS: 0.722539878136478
Time Elapsed:  55.36015319824219
MLUPS: 0.7225413531057585
Time Elapsed:  55.36046242713928
MLUPS: 0.7225373171809139
Time Elapsed:  55.36174178123474
MLUPS: 0.7225206200712111
Time Elapsed:  55.36056661605835
MLUPS: 0.7225359573613408
Time Elapsed:  55.36100149154663
MLUPS: 0.7225302816479543
Time Elapsed:  55.35980749130249
MLUPS: 0.7225458651799747
Time Elapsed:  55.36008095741272
MLUPS: 0.7225422959690235
Time Elapsed:  55.35988116264343
MLUPS: 0.7225449036366755
Time Elapsed:  55.3604519367218
MLUPS: 0.7225374540966694
Time Elapsed:  55.36132097244263
MLUPS: 0.7225261120469094
Time Elapsed:  55.360676527023315
MLUPS: 0.7225345228661488
Time Elapsed:  55.360947132110596
MLUPS: 0.7225309911072512
Time Elapsed:  55.36003065109253
MLUPS: 0.7225429525518263
Time Elapsed:  55.36031699180603
MLUPS: 0.7225392153357876
Time Elapsed:  55.3598792552948
MLUPS: 0.7225449285309681
Time Elapsed:  55.3609185218811
MLUPS: 0.7225313645074407
Time Elapsed:  55.361520290374756
MLUPS: 0.7225235107380977
Time Elapsed:  55.360917806625366
MLUPS: 0.7225313738424504
Time Elapsed:  55.361055850982666
MLUPS: 0.7225295721900505
Time Elapsed:  55.36027264595032
MLUPS: 0.7225397941194217
Time Elapsed:  55.36028432846069
MLUPS: 0.7225396416440735
Time Elapsed:  55.36007523536682
MLUPS: 0.7225423706513675
Time Elapsed:  55.36080288887024
MLUPS: 0.7225328736704723
Time Elapsed:  55.3617639541626
MLUPS: 0.7225203306946372
Time Elapsed:  55.36082601547241
MLUPS: 0.7225325718373616
Time Elapsed:  55.360997438430786
MLUPS: 0.7225303345461871
Time Elapsed:  55.36015701293945
MLUPS: 0.7225413033176677
Time Elapsed:  55.36011362075806
MLUPS: 0.7225418696576056
Time Elapsed:  55.35990905761719
MLUPS: 0.7225445395578417
Time Elapsed:  55.36093854904175
MLUPS: 0.7225311031272674
Time Elapsed:  55.3614559173584
MLUPS: 0.7225243508716709
Time Elapsed:  55.36075162887573
MLUPS: 0.7225335426829053
Time Elapsed:  55.36107659339905
MLUPS: 0.7225293014762177
Time Elapsed:  55.36021018028259
MLUPS: 0.7225406093968665
Time Elapsed:  55.36003756523132
MLUPS: 0.7225428623105172
Time Elapsed:  55.36031723022461
Time Elapsed:  55.360487937927246
MLUPS: 0.7225369842269068
Time Elapsed:  55.36144495010376
MLUPS: 0.7225244940057337
Time Elapsed:  55.36074662208557
MLUPS: 0.7225336080283721
Time Elapsed:  55.36115574836731
MLUPS: 0.7225282684092025
Time Elapsed:  55.36027145385742
MLUPS: 0.7225398096781344
Time Elapsed:  55.36043453216553
MLUPS: 0.7225376812524691
Time Elapsed:  55.360219955444336
MLUPS: 0.7225404818151603
Time Elapsed:  55.360477924346924
MLUPS: 0.7225371149190973
Time Elapsed:  55.36155033111572
MLUPS: 0.7225231186764322
Time Elapsed:  55.360623836517334
MLUPS: 0.7225352105518533
Time Elapsed:  55.36109733581543
MLUPS: 0.7225290307625877
Time Elapsed:  55.36041212081909
Time Elapsed:  55.36085867881775
MLUPS: 0.7225321455374184
Time Elapsed:  55.36031746864319
MLUPS: 0.7225392091123127
Time Elapsed:  55.36095571517944
MLUPS: 0.7225308790872695
Time Elapsed:  55.36137557029724
MLUPS: 0.7225253994855756
Time Elapsed:  55.360947608947754
MLUPS: 0.7225309848839179
Time Elapsed:  55.36109733581543
MLUPS: 0.7225290307625877
MLUPS: 0.7225379737546681
Time Elapsed:  55.36029291152954
MLUPS: 0.7225395296214093
MLUPS: 0.7225392122240502
Time Elapsed:  55.36106252670288
MLUPS: 0.7225294850637374
Time Elapsed:  55.36114525794983
MLUPS: 0.7225284053215286
Time Elapsed:  55.36027216911316
MLUPS: 0.7225398003429068
Time Elapsed:  55.360514402389526
MLUPS: 0.7225366388263451
Time Elapsed:  55.3602089881897
MLUPS: 0.7225406249556143
Time Elapsed:  55.360708236694336
MLUPS: 0.7225341090106772
Time Elapsed:  55.36147093772888
MLUPS: 0.7225241548403291
Time Elapsed:  55.360634565353394
MLUPS: 0.7225350705252462
Time Elapsed:  55.36175560951233
MLUPS: 0.7225204395997721
Time Elapsed:  55.36102104187012
MLUPS: 0.722530026491881
Time Elapsed:  55.361141204833984
MLUPS: 0.7225284582194867
Time Elapsed:  55.36039352416992
MLUPS: 0.7225382164694387
Time Elapsed:  55.36078381538391
MLUPS: 0.7225331226051863
Time Elapsed:  55.36022710800171
MLUPS: 0.7225403884627208
Time Elapsed:  55.36046743392944
MLUPS: 0.7225372518347761
Time Elapsed:  55.36186623573303
MLUPS: 0.7225189958315062
Time Elapsed:  55.36069655418396
MLUPS: 0.7225342614836906
Time Elapsed:  55.36120557785034
MLUPS: 0.7225276180763617
Time Elapsed:  55.36033916473389
MLUPS: 0.7225389259443183
Time Elapsed:  55.3603835105896
MLUPS: 0.722538347162075
Time Elapsed:  55.36023235321045
MLUPS: 0.7225403200042806
Time Elapsed:  55.36066460609436
MLUPS: 0.7225346784510353
Time Elapsed:  55.361573696136475
MLUPS: 0.7225228137398755
Time Elapsed:  55.36073398590088
MLUPS: 0.7225337729479362
Time Elapsed:  55.361196517944336
MLUPS: 0.7225277363186093
Time Elapsed:  55.36002230644226
MLUPS: 0.722543061463781
Time Elapsed:  55.3606972694397
MLUPS: 0.7225342521486062
Time Elapsed:  55.36044430732727
Time Elapsed:  55.36107850074768
MLUPS: 0.7225292765830018
Time Elapsed:  55.36158776283264
MLUPS: 0.722522630155746
Time Elapsed:  55.36128568649292
MLUPS: 0.7225265725676459
Time Elapsed:  55.361262798309326
MLUPS: 0.7225268712841131
Time Elapsed:  55.360501766204834
MLUPS: 0.7225368037472928
Time Elapsed:  55.36073875427246
MLUPS: 0.7225337107141296
MLUPS: 0.722537553671797
Time Elapsed:  55.36106991767883
MLUPS: 0.7225293886024866
Time Elapsed:  55.36204743385315
Time Elapsed:  55.36113524436951
MLUPS: 0.7225285360106157
Time Elapsed:  55.36134624481201
Time Elapsed:  55.36055588722229
MLUPS: 0.7225360973882915
Time Elapsed:  55.36095094680786
MLUPS: 0.7225309413205884
Time Elapsed:  55.36038899421692
MLUPS: 0.7225382755922921
Time Elapsed:  55.36093068122864
MLUPS: 0.722531205812313
MLUPS: 0.7225166310511222
Time Elapsed:  55.361045598983765
MLUPS: 0.7225297059912152
MLUPS: 0.722525782214851
Time Elapsed:  55.36050009727478
MLUPS: 0.7225368255293104
Time Elapsed:  55.360689878463745
MLUPS: 0.7225343486111556
Time Elapsed:  55.360538721084595
MLUPS: 0.7225363214315257
Time Elapsed:  55.36096262931824
MLUPS: 0.7225307888489763
Time Elapsed:  55.36159348487854
MLUPS: 0.7225225554774828
Time Elapsed:  55.36106252670288
MLUPS: 0.7225294850637374
Time Elapsed:  55.36142873764038
MLUPS: 0.7225247055953217
Time Elapsed:  55.36033868789673
MLUPS: 0.7225389321677883
Time Elapsed:  55.36113381385803
MLUPS: 0.7225285546804892
Time Elapsed:  55.36065626144409
MLUPS: 0.7225347873604957
Time Elapsed:  55.36132311820984
MLUPS: 0.722526084042289
Time Elapsed:  55.36192011833191
MLUPS: 0.7225182926188801
Time Elapsed:  55.36115097999573
MLUPS: 0.7225283306420717
Time Elapsed:  55.36134886741638
MLUPS: 0.7225257479870131
Time Elapsed:  55.360538482666016
MLUPS: 0.7225363245432381
Time Elapsed:  55.36068820953369
MLUPS: 0.7225343703930253
Time Elapsed:  55.36059260368347
MLUPS: 0.7225356181851739
Time Elapsed:  55.361000537872314
MLUPS: 0.7225302940945966
Time Elapsed:  55.36202335357666
MLUPS: 0.7225169453170971
Time Elapsed:  55.36105132102966
MLUPS: 0.7225296313114893
Time Elapsed:  55.36146354675293
MLUPS: 0.7225242513001824
Time Elapsed:  55.360533714294434
Time Elapsed:  55.36068868637085
MLUPS: 0.7225343641696338
Time Elapsed:  55.36048913002014
MLUPS: 0.7225369686683157
Time Elapsed:  55.36060094833374
MLUPS: 0.7225355092754631
Time Elapsed:  55.360560178756714
MLUPS: 0.7225360413775047
Time Elapsed:  55.36103701591492
MLUPS: 0.7225298180108332
Time Elapsed:  55.36178779602051
Time Elapsed:  55.36110210418701
MLUPS: 0.722528968529598
Time Elapsed:  55.36147451400757
MLUPS: 0.7225241081662157
MLUPS: 0.7225363867774951
Time Elapsed:  55.36068248748779
MLUPS: 0.7225344450737308
MLUPS: 0.7225200195372893
Time Elapsed:  55.36123609542847
MLUPS: 0.7225272197869703
Time Elapsed:  55.361520528793335
MLUPS: 0.7225235076264955
Time Elapsed:  55.360506772994995
MLUPS: 0.722536738401248
Time Elapsed:  55.36058044433594
MLUPS: 0.7225357768822398
Time Elapsed:  55.362119913101196
MLUPS: 0.7225156851433028
Time Elapsed:  55.36126160621643
MLUPS: 0.7225268868422692
Time Elapsed:  55.36151480674744
MLUPS: 0.7225235823049556
Time Elapsed:  55.36053252220154
MLUPS: 0.722536402336061
Time Elapsed:  55.36186981201172
Time Elapsed:  55.36137914657593
MLUPS: 0.7225253528113015
MLUPS: 0.7225189491580595
Time Elapsed:  55.36193132400513
MLUPS: 0.7225181463757183
Time Elapsed:  55.36195230484009
MLUPS: 0.7225178725588937

============================= JOB FEEDBACK =============================

NodeName=uc2n[079,142,160,183,244,246-248]
Job ID: 23133170
Cluster: uc2
User/Group: fr_rk311/fr_fr
State: COMPLETED (exit code 0)
Nodes: 8
Cores per node: 80
CPU Utilized: 04:04:24
CPU Efficiency: 22.46% of 18:08:00 core-walltime
Job Wall-clock time: 00:01:42
Memory Utilized: 34.66 GB (estimated maximum)
Memory Efficiency: 4.93% of 703.12 GB (87.89 GB/node)
